[2016.10.30-15.17.39:457][  0]Log file open, 10/30/16 10:17:39
[2016.10.30-15.17.39:457][  0]LogInit:Display: Running engine for game: RogueElementTemple
[2016.10.30-15.17.39:457][  0]LogPlatformFile: Not using cached read wrapper
[2016.10.30-15.17.39:457][  0]LogInit:Display: RandInit(-781494007) SRandInit(-781494005).
[2016.10.30-15.17.39:457][  0]LogTaskGraph: Started task graph with 4 named threads and 5 total threads.
[2016.10.30-15.17.39:457][  0]LogStats: Stats thread started at 0.233998
[2016.10.30-15.17.39:457][  0]LogInit: Version: 4.10.2-2818068+++depot+UE4-Releases+4.10
[2016.10.30-15.17.39:457][  0]LogInit: API Version: 2758231
[2016.10.30-15.17.39:457][  0]LogInit: Compiled (64-bit): Jan  6 2016 17:36:42
[2016.10.30-15.17.39:457][  0]LogInit: Compiled with Visual C++: 19.00.23026.00
[2016.10.30-15.17.39:457][  0]LogInit: Build Configuration: Development
[2016.10.30-15.17.39:457][  0]LogInit: Branch Name: ++depot+UE4-Releases+4.10
[2016.10.30-15.17.39:457][  0]LogInit: Command line:  
[2016.10.30-15.17.39:457][  0]LogInit: Base directory: C:/Program Files (x86)/Epic Games/4.10/Engine/Binaries/Win64/
[2016.10.30-15.17.39:457][  0]LogInit: Rocket: 1
[2016.10.30-15.17.39:509][  0]LogInit: Using libcurl 7.41.0
[2016.10.30-15.17.39:509][  0]LogInit:  - built for x86_64-pc-win32
[2016.10.30-15.17.39:509][  0]LogInit:  - supports SSL with WinSSL
[2016.10.30-15.17.39:509][  0]LogInit:  - other features:
[2016.10.30-15.17.39:509][  0]LogInit:      CURL_VERSION_SSL
[2016.10.30-15.17.39:509][  0]LogInit:      CURL_VERSION_IPV6
[2016.10.30-15.17.39:509][  0]LogInit:      CURL_VERSION_ASYNCHDNS
[2016.10.30-15.17.39:509][  0]LogInit:      CURL_VERSION_LARGEFILE
[2016.10.30-15.17.39:509][  0]LogInit:      CURL_VERSION_IDN
[2016.10.30-15.17.39:509][  0]LogInit:  CurlRequestOptions (configurable via config and command line):
[2016.10.30-15.17.39:509][  0]LogInit:  - bVerifyPeer = true  - Libcurl will verify peer certificate
[2016.10.30-15.17.39:509][  0]LogInit:  - bUseHttpProxy = false  - Libcurl will NOT use HTTP proxy
[2016.10.30-15.17.39:509][  0]LogInit:  - bDontReuseConnections = false  - Libcurl will reuse connections
[2016.10.30-15.17.39:509][  0]LogInit:  - CertBundlePath = nullptr  - Libcurl will use whatever was configured at build time.
[2016.10.30-15.17.39:630][  0]LogInit: Presizing for 0 objects not considered by GC, pre-allocating 0 bytes.
[2016.10.30-15.17.39:644][  0]LogInit: Object subsystem initialized
[2016.10.30-15.17.39:646][  0]LogInit: Selected Device Profile: [Windows]
[2016.10.30-15.17.39:646][  0]LogInit: Applying CVar settings loaded from the selected device profile: [Windows]
[2016.10.30-15.17.39:737][  0]LogInit: Computer: JARVIS
[2016.10.30-15.17.39:737][  0]LogInit: User: APCT1000
[2016.10.30-15.17.39:737][  0]LogInit: CPU Page size=4096, Cores=2
[2016.10.30-15.17.39:738][  0]LogInit: High frequency timer resolution =1.656319 MHz
[2016.10.30-15.17.39:738][  0]LogMemory: Memory total: Physical=5.9GB (6GB approx)
[2016.10.30-15.17.39:738][  0]LogMemory: Platform Memory Stats for Windows
[2016.10.30-15.17.39:738][  0]LogMemory: Process Physical Memory: 54.14 MB used, 54.14 MB peak
[2016.10.30-15.17.39:738][  0]LogMemory: Process Virtual Memory: 57.29 MB used, 57.29 MB peak
[2016.10.30-15.17.39:738][  0]LogMemory: Physical Memory: 2964.60 MB used, 6045.10 MB total
[2016.10.30-15.17.39:738][  0]LogMemory: Virtual Memory: 364.30 MB used, 134217728.00 MB total
[2016.10.30-15.17.40:278][  0]LogTextLocalizationManager: No specific translations for ('en-US') exist, so ('en') translations will be used.
[2016.10.30-15.17.42:216][  0]LogD3D11RHI: Found D3D11 adapter 0: Intel(R) HD Graphics Family (Feature Level 11_0)
[2016.10.30-15.17.42:216][  0]LogD3D11RHI: Adapter has 128MB of dedicated video memory, 0MB of dedicated system memory, and 1792MB of shared system memory, 1 output[s]
[2016.10.30-15.17.42:249][  0]LogD3D11RHI: Found D3D11 adapter 1: Microsoft Basic Render Driver (Feature Level 11_0)
[2016.10.30-15.17.42:249][  0]LogD3D11RHI: Adapter has 0MB of dedicated video memory, 0MB of dedicated system memory, and 256MB of shared system memory, 0 output[s]
[2016.10.30-15.17.42:249][  0]LogD3D11RHI: Chosen D3D11 Adapter Id = 0
[2016.10.30-15.17.42:257][  0]LogD3D11RHI: !Direct3DDevice
[2016.10.30-15.17.42:257][  0]LogRHI: Texture pool is 716 MB (70% of 1024 MB)
[2016.10.30-15.17.42:274][  0]LogD3D11RHI: Async texture creation enabled
[2016.10.30-15.17.42:281][  0]LogShaderCompilers: Guid format shader working directory is -29 characters bigger than the processId version (../../../../../../Users/APCT1_000/Documents/Unreal Projects/RogueElementTemple/Intermediate/Shaders/WorkingDirectory/7844/).
[2016.10.30-15.17.42:282][  0]LogShaderCompilers: Cleaned the shader compiler working directory 'C:/Users/APCT1_~1/AppData/Local/Temp/UnrealShaderWorkingDir/B57312534BCFCAF2B449F493AF5389DA/'.
[2016.10.30-15.17.42:282][  0]LogShaderCompilers:Display: Using Local Shader Compiler.
[2016.10.30-15.18.22:091][  0]LogTemp:Display: Loaded TP AllDesktopTargetPlatform
[2016.10.30-15.18.22:227][  0]LogTemp:Display: Loaded TP WindowsClientTargetPlatform
[2016.10.30-15.18.22:502][  0]LogTemp:Display: Loaded TP WindowsNoEditorTargetPlatform
[2016.10.30-15.18.22:611][  0]LogTemp:Display: Loaded TP WindowsServerTargetPlatform
[2016.10.30-15.18.22:650][  0]LogTemp:Display: Loaded TP WindowsTargetPlatform
[2016.10.30-15.18.22:692][  0]LogTemp:Display: Loaded TP AndroidTargetPlatform
[2016.10.30-15.18.22:728][  0]LogTemp:Display: Loaded TP Android_ASTCTargetPlatform
[2016.10.30-15.18.22:893][  0]LogTemp:Display: Loaded TP Android_ATCTargetPlatform
[2016.10.30-15.18.22:982][  0]LogTemp:Display: Loaded TP Android_DXTTargetPlatform
[2016.10.30-15.18.23:058][  0]LogTemp:Display: Loaded TP Android_ETC1TargetPlatform
[2016.10.30-15.18.23:105][  0]LogTemp:Display: Loaded TP Android_ETC2TargetPlatform
[2016.10.30-15.18.23:267][  0]LogTemp:Display: Loaded TP Android_MultiTargetPlatform
[2016.10.30-15.18.23:267][  0]LogTemp:Display: Loaded TP Android_PVRTCTargetPlatform
[2016.10.30-15.18.23:347][  0]LogTemp:Display: Loaded TP HTML5TargetPlatform
[2016.10.30-15.18.23:564][  0]LogTemp:Display: Loaded TP IOSTargetPlatform
[2016.10.30-15.18.23:599][  0]LogTemp:Display: Loaded TP LinuxNoEditorTargetPlatform
[2016.10.30-15.18.23:633][  0]LogTemp:Display: Loaded TP LinuxServerTargetPlatform
[2016.10.30-15.18.23:701][  0]LogTemp:Display: Loaded TP LinuxTargetPlatform
[2016.10.30-15.18.23:701][  0]LogTargetPlatformManager:Display: Building Assets For Windows
[2016.10.30-15.18.25:203][  0]LogDerivedDataCache:Display: Max Cache Size: 512 MB
[2016.10.30-15.18.29:285][  0]LogDerivedDataCache: Loaded boot cache 4.06s 41MB C:/Users/APCT1_000/AppData/Local/UnrealEngine/4.10/DerivedDataCache/Boot.ddc.
[2016.10.30-15.18.29:285][  0]LogDerivedDataCache:Display: Loaded Boot cache: C:/Users/APCT1_000/AppData/Local/UnrealEngine/4.10/DerivedDataCache/Boot.ddc
[2016.10.30-15.18.29:286][  0]LogDerivedDataCache: FDerivedDataBackendGraph:  Pak pak cache file ../../../../../../Users/APCT1_000/Documents/Unreal Projects/RogueElementTemple/DerivedDataCache/DDC.ddp not found, will not use a pak cache.
[2016.10.30-15.18.29:286][  0]LogDerivedDataCache: Unable to find inner node Pak for hierarchical cache Hierarchy.
[2016.10.30-15.18.29:286][  0]LogDerivedDataCache: FDerivedDataBackendGraph:  CompressedPak pak cache file ../../../../../../Users/APCT1_000/Documents/Unreal Projects/RogueElementTemple/DerivedDataCache/Compressed.ddp not found, will not use a pak cache.
[2016.10.30-15.18.29:286][  0]LogDerivedDataCache: Unable to find inner node CompressedPak for hierarchical cache Hierarchy.
[2016.10.30-15.18.29:778][  0]LogDerivedDataCache:Display: Pak cache opened for reading ../../../Engine/DerivedDataCache/Compressed.ddp.
[2016.10.30-15.18.29:799][  0]LogDerivedDataCache: Using Local data cache path C:/Users/APCT1_000/AppData/Local/UnrealEngine/Common/DerivedDataCache: Writable
[2016.10.30-15.18.41:136][  0]LogInit: Selected Device Profile: [Windows]
[2016.10.30-15.18.41:142][  0]LogContentStreaming: Texture pool size is 0.000000MB
[2016.10.30-15.18.41:446][  0]LogMeshUtilities: No automatic mesh reduction module available
[2016.10.30-15.18.41:446][  0]LogMeshUtilities: No automatic mesh merging module available
[2016.10.30-15.18.42:102][  0]LogInit: WinSock: version 1.1 (2.2), MaxSocks=32767, MaxUdp=65467
[2016.10.30-15.19.22:691][  0]UdpMessaging: Initializing bridge on interface 0.0.0.0:0 to multicast group 230.0.0.1:6666.
[2016.10.30-15.19.23:560][  0]LogAssetRegistry: FAssetRegistry took 0.0119 seconds to start up
[2016.10.30-15.19.24:885][  0]SourceControl: Info Source control is disabled
[2016.10.30-15.19.24:886][  0]SourceControl: Info Source control is disabled
[2016.10.30-15.19.25:015][  0]SourceControl: Info Source control is disabled
[2016.10.30-15.19.25:135][  0]SourceControl: Info Source control is disabled
[2016.10.30-15.19.27:600][  0]LogObj: 28633 objects as part of root set at end of initial load.
[2016.10.30-15.19.27:600][  0]LogUObjectAllocator: 6099744 out of 0 bytes used by permanent object pool.
[2016.10.30-15.19.28:005][  0]LogEngine: Initializing Engine...
[2016.10.30-15.19.28:010][  0]LogHMD: Can't find Oculus library dev build: is proper Runtime installed? Version: 0.8.0.0
[2016.10.30-15.19.28:109][  0]LogHMD: SteamVR failed to initialize.  Err: 110
[2016.10.30-15.19.28:415][  0]LogAIModule: Creating AISystem for world NewWorld
[2016.10.30-15.19.28:550][  0]LogInit: XAudio2 using 'Speakers (Realtek High Definition Audio)' : 2 channels at 48 kHz using 32 bits per sample (channel mask 0x3)
[2016.10.30-15.19.28:611][  0]LogInit: FAudioDevice initialized.
[2016.10.30-15.19.28:657][  0]LogDerivedDataCache: Saved boot cache 0.05s 41MB C:/Users/APCT1_000/AppData/Local/UnrealEngine/4.10/DerivedDataCache/Boot.ddc.
[2016.10.30-15.19.28:667][  0]LogInit: Texture streaming: Enabled
[2016.10.30-15.19.28:850][  0]LogAnalytics: Creating configured Analytics provider AnalyticsET
[2016.10.30-15.19.28:850][  0]LogAnalytics: [UEEditor.Rocket.Release] APIServer = http://et2.epicgames.com/ET2/. AppVersion = 4.10.2-2818068+++depot+UE4-Releases+4.10
[2016.10.30-15.19.28:850][  0]LogAnalytics: [UEEditor.Rocket.Release] SetUserId a7be9ccd4953bc1fe15c0da22ce2d979|a89c628686e241409358cf1cfd870a0b|6b331781-92f5-44f4-a153-a924a427f7f8
[2016.10.30-15.19.28:850][  0]LogAnalytics: [UEEditor.Rocket.Release] AnalyticsET::StartSession
[2016.10.30-15.19.28:991][  0]LogInit: Transaction tracking system initialized
[2016.10.30-15.19.29:374][  0]BlueprintLog: New page: Editor Load
[2016.10.30-15.19.31:242][  0]LocalizationService: Info Localization service is disabled
[2016.10.30-15.19.33:560][  0]LogConsoleResponse:Display: 
[2016.10.30-15.19.34:441][  0]LogCook:Display: Done creating registry. It took  0.00s.
[2016.10.30-15.19.35:346][  0]LogFileCache: Scanning file cache for directory 'C:/Users/APCT1_000/Documents/Unreal Projects/RogueElementTemple/Content/' took 0.08s
[2016.10.30-15.19.35:346][  0]SourceControl: Info Source control is disabled
[2016.10.30-15.19.35:346][  0]Cmd: MAP LOAD FILE="../../../../../../Users/APCT1_000/Documents/Unreal Projects/RogueElementTemple/Content/FirstPersonBP/Maps/FirstPersonExampleMap.umap" TEMPLATE=0 SHOWPROGRESS=1 FEATURELEVEL=3
[2016.10.30-15.19.35:451][  0]LightingResults: New page: Lighting Build
[2016.10.30-15.19.35:457][  0]MapCheck: New page: Map Check
[2016.10.30-15.19.35:457][  0]LightingResults: New page: Lighting Build
[2016.10.30-15.19.35:494][  0]LogParticles: Destroying 0 GPU particle simulations for FXSystem 0x000000CA5E773B00
[2016.10.30-15.19.35:738][  0]LogLinker:Warning: Asset '../../../../../../Users/APCT1_000/Documents/Unreal Projects/RogueElementTemple/Content/FirstPerson/Meshes/FirstPersonProjectileMesh.uasset' has been saved with empty engine version. The asset will be loaded but may be incompatible.
[2016.10.30-15.19.42:592][  0]LogAIModule: Creating AISystem for world FirstPersonExampleMap
[2016.10.30-15.19.42:634][  0]LogEditorServer: Finished looking for orphan Actors (0.000 secs)
[2016.10.30-15.19.42:635][  0]Cmd: MAP CHECKDEP NOCLEARLOG
[2016.10.30-15.19.42:812][  0]MapCheck: Info Map check complete: 0 Error(s), 0 Warning(s), took 177.123ms to complete.
[2016.10.30-15.19.42:812][  0]LogFileHelpers: Loading map 'FirstPersonExampleMap' took 7.466
[2016.10.30-15.19.43:193][  0]LogCollectionManager: Loaded 0 collections in 0.005966 seconds
[2016.10.30-15.19.43:244][  0]LogFileCache: Scanning file cache for directory 'C:/Users/APCT1_000/Documents/Unreal Projects/RogueElementTemple/Saved/Collections/' took 0.01s
[2016.10.30-15.19.43:244][  0]LogFileCache: Scanning file cache for directory 'C:/Users/APCT1_000/Documents/Unreal Projects/RogueElementTemple/Content/Developers/APCT1000/Collections/' took 0.01s
[2016.10.30-15.19.43:244][  0]LogFileCache: Scanning file cache for directory 'C:/Users/APCT1_000/Documents/Unreal Projects/RogueElementTemple/Content/Collections/' took 0.01s
[2016.10.30-15.19.43:244][  0]LogCollectionManager: Rebuilt the GUID cache for 0 collections in 0.000004 seconds
[2016.10.30-15.19.43:262][  0]LogContentBrowser: Native class hierarchy populated in 0.0177 seconds. Added 1893 classes and 338 folders.
[2016.10.30-15.19.43:278][  0]LogContentBrowser: Native class hierarchy updated for 'WidgetCarousel' in 0.0007 seconds. Added 0 classes and 0 folders.
[2016.10.30-15.19.45:815][  0]LogContentBrowser: Native class hierarchy updated for 'AddContentDialog' in 0.0008 seconds. Added 0 classes and 0 folders.
[2016.10.30-15.19.45:843][  0]LogContentBrowser: Native class hierarchy updated for 'SceneOutliner' in 0.0010 seconds. Added 1 classes and 2 folders.
[2016.10.30-15.19.46:156][  0]LogCrashTracker: Crashtracker disabled due to settings.
[2016.10.30-15.19.46:168][  0]LogUObjectGlobals:Warning: Failed to find object 'Class None.'
[2016.10.30-15.19.46:192][  0]LogLoad: Full Startup: 130.51 seconds (BP compile: 0.31 seconds)
[2016.10.30-15.19.46:216][  0]LogOcInput: Can't find Oculus library dev build: is proper Runtime installed? Version: 0.8.0.0
[2016.10.30-15.19.46:634][  0]LogContentStreaming: Texture pool size now 200 MB
[2016.10.30-15.19.46:959][  0]LogRenderer: Reallocating scene render targets to support 816x308 (Frame:2).
[2016.10.30-15.19.48:490][  8]LogAssetRegistry: Asset discovery search completed in 24.9421 seconds
[2016.10.30-15.19.48:491][  8]LogCollectionManager: Rebuilt the object cache for 0 collections in 0.000001 seconds (found 0 objects)
[2016.10.30-15.19.48:491][  8]LogCollectionManager: Fixed up redirectors for 0 collections in 0.000044 seconds (updated 0 objects)
[2016.10.30-15.22.44:265][  2]LogAIModule: Creating AISystem for world RogueElementTemple
[2016.10.30-15.22.44:295][  2]LogMaterial:Warning: Material /Game/InfinityBladeGrassLands/Environments/Plains/Env_Plains_Floors/Materials/M_Plains_FloorTrims.M_Plains_FloorTrims needed to have new flag set bUsedWithInstancedStaticMeshes !
[2016.10.30-15.22.44:327][  2]LogMaterial: Missing cached shader map for material M_Plains_FloorTrims, compiling. 
[2016.10.30-15.22.44:382][  2]MapCheck:Warning: Warning M_Plains_FloorTrims Material /Game/InfinityBladeGrassLands/Environments/Plains/Env_Plains_Floors/Materials/M_Plains_FloorTrims.M_Plains_FloorTrims was missing the usage flag bUsedWithInstancedStaticMeshes. If the material asset is not re-saved, it may not render correctly when run outside the editor. Fix
[2016.10.30-15.22.44:397][  2]LogMaterial: 0.000205 seconds spent updating 1 materials, 1 interfaces, 0 instances, 0 with static permutations.
[2016.10.30-15.22.44:407][  2]LogParticles:Warning: InitializeSystem called on an unregistered component. Template=/Game/StarterContent/Particles/P_Fire.P_Fire Component=/Game/RogueElementTemple.RogueElementTemple:PersistentLevel.Fire1.ParticleSystemComponent0
[2016.10.30-15.22.44:410][  2]LogParticles:Warning: InitializeSystem called on an unregistered component. Template=/Game/StarterContent/Particles/P_Fire.P_Fire Component=/Game/RogueElementTemple.RogueElementTemple:PersistentLevel.Fire2.ParticleSystemComponent0
[2016.10.30-15.22.44:410][  2]LogParticles:Warning: InitializeSystem called on an unregistered component. Template=/Game/StarterContent/Particles/P_Fire.P_Fire Component=/Game/RogueElementTemple.RogueElementTemple:PersistentLevel.Fire3.ParticleSystemComponent0
[2016.10.30-15.22.44:411][  2]LogParticles:Warning: InitializeSystem called on an unregistered component. Template=/Game/StarterContent/Particles/P_Fire.P_Fire Component=/Game/RogueElementTemple.RogueElementTemple:PersistentLevel.Fire4.ParticleSystemComponent0
[2016.10.30-15.22.44:411][  2]LogParticles:Warning: InitializeSystem called on an unregistered component. Template=/Game/StarterContent/Particles/P_Fire.P_Fire Component=/Game/RogueElementTemple.RogueElementTemple:PersistentLevel.Fire6.ParticleSystemComponent0
[2016.10.30-15.22.44:412][  2]LogParticles:Warning: InitializeSystem called on an unregistered component. Template=/Game/StarterContent/Particles/P_Fire.P_Fire Component=/Game/RogueElementTemple.RogueElementTemple:PersistentLevel.Fire7.ParticleSystemComponent0
[2016.10.30-15.22.44:412][  2]LogParticles:Warning: InitializeSystem called on an unregistered component. Template=/Game/StarterContent/Particles/P_Fire.P_Fire Component=/Game/RogueElementTemple.RogueElementTemple:PersistentLevel.Fire8.ParticleSystemComponent0
[2016.10.30-15.22.44:413][  2]LogParticles:Warning: InitializeSystem called on an unregistered component. Template=/Game/StarterContent/Particles/P_Fire.P_Fire Component=/Game/RogueElementTemple.RogueElementTemple:PersistentLevel.Fire9.ParticleSystemComponent0
[2016.10.30-15.22.44:413][  2]LogParticles:Warning: InitializeSystem called on an unregistered component. Template=/Game/StarterContent/Particles/P_Fire.P_Fire Component=/Game/RogueElementTemple.RogueElementTemple:PersistentLevel.Fire10.ParticleSystemComponent0
[2016.10.30-15.22.44:414][  2]LogParticles:Warning: InitializeSystem called on an unregistered component. Template=/Game/StarterContent/Particles/P_Fire.P_Fire Component=/Game/RogueElementTemple.RogueElementTemple:PersistentLevel.Fire11.ParticleSystemComponent0
[2016.10.30-15.22.44:414][  2]LogParticles:Warning: InitializeSystem called on an unregistered component. Template=/Game/StarterContent/Particles/P_Fire.P_Fire Component=/Game/RogueElementTemple.RogueElementTemple:PersistentLevel.Fire12.ParticleSystemComponent0
[2016.10.30-15.22.44:414][  2]LogParticles:Warning: InitializeSystem called on an unregistered component. Template=/Game/StarterContent/Particles/P_Fire.P_Fire Component=/Game/RogueElementTemple.RogueElementTemple:PersistentLevel.Fire13.ParticleSystemComponent0
[2016.10.30-15.22.44:415][  2]LogParticles:Warning: InitializeSystem called on an unregistered component. Template=/Game/StarterContent/Particles/P_Fire.P_Fire Component=/Game/RogueElementTemple.RogueElementTemple:PersistentLevel.Fire14.ParticleSystemComponent0
[2016.10.30-15.22.44:415][  2]LogParticles:Warning: InitializeSystem called on an unregistered component. Template=/Game/StarterContent/Particles/P_Fire.P_Fire Component=/Game/RogueElementTemple.RogueElementTemple:PersistentLevel.Fire15.ParticleSystemComponent0
[2016.10.30-15.22.44:416][  2]LogParticles:Warning: InitializeSystem called on an unregistered component. Template=/Game/StarterContent/Particles/P_Fire.P_Fire Component=/Game/RogueElementTemple.RogueElementTemple:PersistentLevel.Fire16.ParticleSystemComponent0
[2016.10.30-15.22.44:416][  2]LogParticles:Warning: InitializeSystem called on an unregistered component. Template=/Game/StarterContent/Particles/P_Fire.P_Fire Component=/Game/RogueElementTemple.RogueElementTemple:PersistentLevel.Fire17.ParticleSystemComponent0
[2016.10.30-15.22.44:417][  2]LogParticles:Warning: InitializeSystem called on an unregistered component. Template=/Game/StarterContent/Particles/P_Fire.P_Fire Component=/Game/RogueElementTemple.RogueElementTemple:PersistentLevel.Fire18.ParticleSystemComponent0
[2016.10.30-15.22.44:417][  2]LogParticles:Warning: InitializeSystem called on an unregistered component. Template=/Game/StarterContent/Particles/P_Fire.P_Fire Component=/Game/RogueElementTemple.RogueElementTemple:PersistentLevel.Fire19.ParticleSystemComponent0
[2016.10.30-15.22.44:418][  2]LogParticles:Warning: InitializeSystem called on an unregistered component. Template=/Game/StarterContent/Particles/P_Fire.P_Fire Component=/Game/RogueElementTemple.RogueElementTemple:PersistentLevel.Fire20.ParticleSystemComponent0
[2016.10.30-15.22.44:418][  2]LogParticles:Warning: InitializeSystem called on an unregistered component. Template=/Game/StarterContent/Particles/P_Fire.P_Fire Component=/Game/RogueElementTemple.RogueElementTemple:PersistentLevel.Fire21.ParticleSystemComponent0
[2016.10.30-15.22.44:419][  2]LogParticles:Warning: InitializeSystem called on an unregistered component. Template=/Game/StarterContent/Particles/P_Fire.P_Fire Component=/Game/RogueElementTemple.RogueElementTemple:PersistentLevel.Fire22.ParticleSystemComponent0
[2016.10.30-15.22.44:419][  2]LogParticles:Warning: InitializeSystem called on an unregistered component. Template=/Game/StarterContent/Particles/P_Fire.P_Fire Component=/Game/RogueElementTemple.RogueElementTemple:PersistentLevel.Fire23.ParticleSystemComponent0
[2016.10.30-15.22.44:420][  2]LogParticles:Warning: InitializeSystem called on an unregistered component. Template=/Game/StarterContent/Particles/P_Fire.P_Fire Component=/Game/RogueElementTemple.RogueElementTemple:PersistentLevel.Fire24.ParticleSystemComponent0
[2016.10.30-15.22.44:420][  2]LogParticles:Warning: InitializeSystem called on an unregistered component. Template=/Game/StarterContent/Particles/P_Fire.P_Fire Component=/Game/RogueElementTemple.RogueElementTemple:PersistentLevel.Fire25.ParticleSystemComponent0
[2016.10.30-15.22.44:421][  2]LogParticles:Warning: InitializeSystem called on an unregistered component. Template=/Game/StarterContent/Particles/P_Fire.P_Fire Component=/Game/RogueElementTemple.RogueElementTemple:PersistentLevel.Fire26.ParticleSystemComponent0
[2016.10.30-15.22.44:421][  2]LogParticles:Warning: InitializeSystem called on an unregistered component. Template=/Game/StarterContent/Particles/P_Fire.P_Fire Component=/Game/RogueElementTemple.RogueElementTemple:PersistentLevel.Fire27.ParticleSystemComponent0
[2016.10.30-15.22.44:421][  2]LogParticles:Warning: InitializeSystem called on an unregistered component. Template=/Game/StarterContent/Particles/P_Fire.P_Fire Component=/Game/RogueElementTemple.RogueElementTemple:PersistentLevel.Fire28.ParticleSystemComponent0
[2016.10.30-15.22.44:430][  2]LogParticles:Warning: InitializeSystem called on an unregistered component. Template=/Game/StarterContent/Particles/P_Fire.P_Fire Component=/Game/RogueElementTemple.RogueElementTemple:PersistentLevel.Fire29.ParticleSystemComponent0
[2016.10.30-15.22.44:430][  2]LogParticles:Warning: InitializeSystem called on an unregistered component. Template=/Game/StarterContent/Particles/P_Fire.P_Fire Component=/Game/RogueElementTemple.RogueElementTemple:PersistentLevel.Fire30.ParticleSystemComponent0
[2016.10.30-15.22.44:431][  2]LogParticles:Warning: InitializeSystem called on an unregistered component. Template=/Game/StarterContent/Particles/P_Fire.P_Fire Component=/Game/RogueElementTemple.RogueElementTemple:PersistentLevel.Fire31.ParticleSystemComponent0
[2016.10.30-15.22.44:432][  2]LogParticles:Warning: InitializeSystem called on an unregistered component. Template=/Game/StarterContent/Particles/P_Fire.P_Fire Component=/Game/RogueElementTemple.RogueElementTemple:PersistentLevel.Fire32.ParticleSystemComponent0
[2016.10.30-15.22.44:433][  2]LogParticles:Warning: InitializeSystem called on an unregistered component. Template=/Game/StarterContent/Particles/P_Fire.P_Fire Component=/Game/RogueElementTemple.RogueElementTemple:PersistentLevel.Fire33.ParticleSystemComponent0
[2016.10.30-15.22.44:434][  2]LogParticles:Warning: InitializeSystem called on an unregistered component. Template=/Game/StarterContent/Particles/P_Fire.P_Fire Component=/Game/RogueElementTemple.RogueElementTemple:PersistentLevel.Fire34.ParticleSystemComponent0
[2016.10.30-15.22.44:435][  2]LogParticles:Warning: InitializeSystem called on an unregistered component. Template=/Game/StarterContent/Particles/P_Fire.P_Fire Component=/Game/RogueElementTemple.RogueElementTemple:PersistentLevel.Fire35.ParticleSystemComponent0
[2016.10.30-15.22.44:435][  2]LogParticles:Warning: InitializeSystem called on an unregistered component. Template=/Game/StarterContent/Particles/P_Fire.P_Fire Component=/Game/RogueElementTemple.RogueElementTemple:PersistentLevel.Fire36.ParticleSystemComponent0
[2016.10.30-15.22.44:436][  2]LogParticles:Warning: InitializeSystem called on an unregistered component. Template=/Game/StarterContent/Particles/P_Fire.P_Fire Component=/Game/RogueElementTemple.RogueElementTemple:PersistentLevel.Fire37.ParticleSystemComponent0
[2016.10.30-15.22.44:436][  2]LogParticles:Warning: InitializeSystem called on an unregistered component. Template=/Game/StarterContent/Particles/P_Fire.P_Fire Component=/Game/RogueElementTemple.RogueElementTemple:PersistentLevel.Fire38.ParticleSystemComponent0
[2016.10.30-15.22.44:437][  2]LogParticles:Warning: InitializeSystem called on an unregistered component. Template=/Game/StarterContent/Particles/P_Fire.P_Fire Component=/Game/RogueElementTemple.RogueElementTemple:PersistentLevel.Fire39.ParticleSystemComponent0
[2016.10.30-15.22.44:437][  2]LogParticles:Warning: InitializeSystem called on an unregistered component. Template=/Game/StarterContent/Particles/P_Fire.P_Fire Component=/Game/RogueElementTemple.RogueElementTemple:PersistentLevel.Fire40.ParticleSystemComponent0
[2016.10.30-15.22.44:438][  2]LogParticles:Warning: InitializeSystem called on an unregistered component. Template=/Game/StarterContent/Particles/P_Fire.P_Fire Component=/Game/RogueElementTemple.RogueElementTemple:PersistentLevel.Fire41.ParticleSystemComponent0
[2016.10.30-15.22.44:438][  2]LogParticles:Warning: InitializeSystem called on an unregistered component. Template=/Game/StarterContent/Particles/P_Fire.P_Fire Component=/Game/RogueElementTemple.RogueElementTemple:PersistentLevel.Fire42.ParticleSystemComponent0
[2016.10.30-15.22.44:439][  2]LogParticles:Warning: InitializeSystem called on an unregistered component. Template=/Game/StarterContent/Particles/P_Fire.P_Fire Component=/Game/RogueElementTemple.RogueElementTemple:PersistentLevel.Fire43.ParticleSystemComponent0
[2016.10.30-15.22.44:440][  2]LogParticles:Warning: InitializeSystem called on an unregistered component. Template=/Game/StarterContent/Particles/P_Fire.P_Fire Component=/Game/RogueElementTemple.RogueElementTemple:PersistentLevel.Fire44.ParticleSystemComponent0
[2016.10.30-15.22.44:443][  2]LogParticles:Warning: InitializeSystem called on an unregistered component. Template=/Game/StarterContent/Particles/P_Fire.P_Fire Component=/Game/RogueElementTemple.RogueElementTemple:PersistentLevel.Fire45.ParticleSystemComponent0
[2016.10.30-15.22.44:443][  2]LogParticles:Warning: InitializeSystem called on an unregistered component. Template=/Game/StarterContent/Particles/P_Fire.P_Fire Component=/Game/RogueElementTemple.RogueElementTemple:PersistentLevel.Fire46.ParticleSystemComponent0
[2016.10.30-15.22.44:444][  2]LogParticles:Warning: InitializeSystem called on an unregistered component. Template=/Game/StarterContent/Particles/P_Fire.P_Fire Component=/Game/RogueElementTemple.RogueElementTemple:PersistentLevel.Fire47.ParticleSystemComponent0
[2016.10.30-15.22.44:444][  2]LogParticles:Warning: InitializeSystem called on an unregistered component. Template=/Game/StarterContent/Particles/P_Fire.P_Fire Component=/Game/RogueElementTemple.RogueElementTemple:PersistentLevel.Fire48.ParticleSystemComponent0
[2016.10.30-15.22.44:448][  2]LogParticles:Warning: InitializeSystem called on an unregistered component. Template=/Game/InfinityBladeGrassLands/Effects/FX_Ambient/Fog/P_Dust_groundCoat.P_Dust_groundCoat Component=/Game/RogueElementTemple.RogueElementTemple:PersistentLevel.P_Dust_groundCoat_2.ParticleSystemComponent0
[2016.10.30-15.22.44:597][  2]LogActorComponent: UnregisterComponent: (/Engine/Transient.ProjectileMovementComponent_40__A6522401) Not registered. Aborting.
[2016.10.30-15.22.44:597][  2]LogActorComponent: UnregisterComponent: (/Engine/Transient.CharMoveComp) Not registered. Aborting.
[2016.10.30-15.22.44:680][  2]Cmd: MAP LOAD FILE="../../../../../../Users/APCT1_000/Documents/Unreal Projects/RogueElementTemple/Content/RogueElementTemple.umap" TEMPLATE=0 SHOWPROGRESS=1 FEATURELEVEL=3
[2016.10.30-15.22.44:680][  2]LightingResults: New page: Lighting Build
[2016.10.30-15.22.44:909][  2]LoadErrors: New page: Loading map: RogueElementTemple.umap
[2016.10.30-15.22.44:911][  2]MapCheck: New page: Map Check
[2016.10.30-15.22.44:911][  2]LightingResults: New page: Lighting Build
[2016.10.30-15.22.44:969][  2]LogParticles: Destroying 0 GPU particle simulations for FXSystem 0x000000CA60536E80
[2016.10.30-15.22.45:060][  2]LogEditorServer: Finished looking for orphan Actors (0.000 secs)
[2016.10.30-15.22.45:137][  2]Cmd: MAP CHECKDEP NOCLEARLOG
[2016.10.30-15.22.45:443][  2]MapCheck: Info Map check complete: 0 Error(s), 0 Warning(s), took 305.656ms to complete.
[2016.10.30-15.22.45:445][  2]LogFileHelpers: Loading map 'RogueElementTemple' took 0.769
[2016.10.30-15.27.27:425][953]LogRenderer: Reallocating scene render targets to support 1364x704 (Frame:2434).
[2016.10.30-15.28.18:181][939]LogRenderer: Reallocating scene render targets to support 1368x728 (Frame:2562).
[2016.10.30-15.33.46:274][537]Cmd: SELECT NONE
[2016.10.30-15.34.06:490][974]LogWindowsTextInputMethodSystem:Display: IME system now deactivated.
[2016.10.30-15.34.06:490][974]LogWindowsTextInputMethodSystem:Display: IME system now deactivated.
[2016.10.30-15.34.07:130][975]Cmd: QUIT_EDITOR
[2016.10.30-15.34.07:661][975]LogExit: Preparing to exit.
[2016.10.30-15.34.08:929][975]LogExit: Editor shut down
[2016.10.30-15.34.08:930][975]LogExit: Transaction tracking system shut down
[2016.10.30-15.34.08:932][975]LogParticles: Destroying 0 GPU particle simulations for FXSystem 0x000000CA50487100
[2016.10.30-15.34.08:932][975]LogParticles: Destroying 0 GPU particle simulations for FXSystem 0x000000CA67AEF880
[2016.10.30-15.34.08:932][975]LogParticles: Destroying 0 GPU particle simulations for FXSystem 0x000000CA67960900
[2016.10.30-15.34.08:989][975]LogParticles: Destroying 0 GPU particle simulations for FXSystem 0x000000CA67961F80
[2016.10.30-15.34.10:851][975]LogExit: Object subsystem successfully closed.
[2016.10.30-15.34.11:094][975]LogD3D11RHI: Shutdown
[2016.10.30-15.34.11:094][975]LogD3D11RHI: CleanupD3DDevice
[2016.10.30-15.34.11:297][975]LogD3D11RHI: ~FD3D11DynamicRHI
[2016.10.30-15.34.12:239][975]LogModuleManager: Shutting down and abandoning module ExternalImagePicker (199)
[2016.10.30-15.34.12:239][975]LogModuleManager: Shutting down and abandoning module CrashTracker (198)
[2016.10.30-15.34.12:239][975]LogModuleManager: Shutting down and abandoning module SceneOutliner (197)
[2016.10.30-15.34.12:239][975]LogModuleManager: Shutting down and abandoning module SuperSearch (196)
[2016.10.30-15.34.12:239][975]LogModuleManager: Shutting down and abandoning module WidgetCarousel (195)
[2016.10.30-15.34.12:253][975]LogModuleManager: Shutting down and abandoning module AddContentDialog (194)
[2016.10.30-15.34.12:277][975]LogModuleManager: Shutting down and abandoning module EditorWidgets (193)
[2016.10.30-15.34.12:277][975]LogModuleManager: Shutting down and abandoning module CollectionManager (192)
[2016.10.30-15.34.12:277][975]LogModuleManager: Shutting down and abandoning module StatsViewer (191)
[2016.10.30-15.34.12:286][975]LogModuleManager: Shutting down and abandoning module FoliageEdit (190)
[2016.10.30-15.34.12:286][975]LogModuleManager: Shutting down and abandoning module LandscapeEditor (189)
[2016.10.30-15.34.12:286][975]LogModuleManager: Shutting down and abandoning module ActorPickerMode (188)
[2016.10.30-15.34.12:286][975]LogModuleManager: Shutting down and abandoning module GeometryMode (187)
[2016.10.30-15.34.12:286][975]LogModuleManager: Shutting down and abandoning module TextureAlignMode (186)
[2016.10.30-15.34.12:286][975]LogModuleManager: Shutting down and abandoning module BspMode (185)
[2016.10.30-15.34.12:286][975]LogModuleManager: Shutting down and abandoning module PlacementMode (184)
[2016.10.30-15.34.12:286][975]LogModuleManager: Shutting down and abandoning module AutomationWorker (183)
[2016.10.30-15.34.12:286][975]LogModuleManager: Shutting down and abandoning module CharacterAI (182)
[2016.10.30-15.34.12:286][975]LogModuleManager: Shutting down and abandoning module SmartSnapping (181)
[2016.10.30-15.34.12:286][975]LogModuleManager: Shutting down and abandoning module ViewportSnapping (180)
[2016.10.30-15.34.12:287][975]LogModuleManager: Shutting down and abandoning module LogVisualizer (179)
[2016.10.30-15.34.12:287][975]LogModuleManager: Shutting down and abandoning module GameProjectGeneration (178)
[2016.10.30-15.34.12:299][975]LogModuleManager: Shutting down and abandoning module IntroTutorials (177)
[2016.10.30-15.34.12:316][975]LogModuleManager: Shutting down and abandoning module EditorLiveStreaming (176)
[2016.10.30-15.34.12:316][975]LogModuleManager: Shutting down and abandoning module IOSPlatformEditor (175)
[2016.10.30-15.34.12:316][975]LogModuleManager: Shutting down and abandoning module HTML5PlatformEditor (174)
[2016.10.30-15.34.12:316][975]LogModuleManager: Shutting down and abandoning module AndroidDeviceDetection (173)
[2016.10.30-15.34.13:242][975]LogModuleManager: Shutting down and abandoning module AndroidPlatformEditor (172)
[2016.10.30-15.34.13:242][975]LogModuleManager: Shutting down and abandoning module IOSRuntimeSettings (171)
[2016.10.30-15.34.13:242][975]LogModuleManager: Shutting down and abandoning module AndroidRuntimeSettings (170)
[2016.10.30-15.34.13:242][975]LogModuleManager: Shutting down and abandoning module MergeActors (169)
[2016.10.30-15.34.13:262][975]LogModuleManager: Shutting down and abandoning module SizeMap (168)
[2016.10.30-15.34.13:262][975]LogModuleManager: Shutting down and abandoning module TreeMap (167)
[2016.10.30-15.34.13:279][975]LogModuleManager: Shutting down and abandoning module ReferenceViewer (166)
[2016.10.30-15.34.13:288][975]LogModuleManager: Shutting down and abandoning module LocalizationService (165)
[2016.10.30-15.34.13:297][975]LogModuleManager: Shutting down and abandoning module LocalizationDashboard (164)
[2016.10.30-15.34.13:314][975]LogModuleManager: Shutting down and abandoning module HardwareTargeting (163)
[2016.10.30-15.34.13:331][975]LogModuleManager: Shutting down and abandoning module DeviceProfileEditor (162)
[2016.10.30-15.34.13:346][975]LogModuleManager: Shutting down and abandoning module UndoHistory (161)
[2016.10.30-15.34.13:354][975]LogModuleManager: Shutting down and abandoning module GameplayTagsEditor (160)
[2016.10.30-15.34.13:363][975]LogModuleManager: Shutting down and abandoning module UserFeedback (159)
[2016.10.30-15.34.13:363][975]LogModuleManager: Shutting down and abandoning module XmlParser (158)
[2016.10.30-15.34.13:375][975]LogModuleManager: Shutting down and abandoning module Blutility (157)
[2016.10.30-15.34.13:375][975]LogModuleManager: Shutting down and abandoning module ProjectTargetPlatformEditor (156)
[2016.10.30-15.34.13:386][975]LogModuleManager: Shutting down and abandoning module ProjectSettingsViewer (155)
[2016.10.30-15.34.13:386][975]LogModuleManager: Shutting down and abandoning module InputBindingEditor (154)
[2016.10.30-15.34.13:404][975]LogModuleManager: Shutting down and abandoning module EditorSettingsViewer (153)
[2016.10.30-15.34.13:404][975]LogModuleManager: Shutting down and abandoning module SettingsEditor (152)
[2016.10.30-15.34.13:418][975]LogModuleManager: Shutting down and abandoning module ProjectLauncher (151)
[2016.10.30-15.34.13:443][975]LogModuleManager: Shutting down and abandoning module SessionFrontend (150)
[2016.10.30-15.34.13:459][975]LogModuleManager: Shutting down and abandoning module ProfilerClient (149)
[2016.10.30-15.34.13:488][975]LogModuleManager: Shutting down and abandoning module TargetDeviceServices (148)
[2016.10.30-15.34.13:488][975]LogModuleManager: Shutting down and abandoning module DeviceManager (147)
[2016.10.30-15.34.13:505][975]LogModuleManager: Shutting down and abandoning module AutomationController (146)
[2016.10.30-15.34.13:524][975]LogModuleManager: Shutting down and abandoning module AutomationWindow (145)
[2016.10.30-15.34.13:543][975]LogModuleManager: Shutting down and abandoning module Layers (144)
[2016.10.30-15.34.13:560][975]LogModuleManager: Shutting down and abandoning module ComponentVisualizers (143)
[2016.10.30-15.34.13:560][975]LogModuleManager: Shutting down and abandoning module DetailCustomizations (142)
[2016.10.30-15.34.13:560][975]LogModuleManager: Shutting down and abandoning module PackagesDialog (141)
[2016.10.30-15.34.13:574][975]LogModuleManager: Shutting down and abandoning module Persona (140)
[2016.10.30-15.34.13:652][975]LogModuleManager: Shutting down and abandoning module Kismet (139)
[2016.10.30-15.34.13:669][975]LogModuleManager: Shutting down and abandoning module GraphEditor (138)
[2016.10.30-15.34.13:721][975]LogModuleManager: Shutting down and abandoning module ClassViewer (137)
[2016.10.30-15.34.13:736][975]LogModuleManager: Shutting down and abandoning module Toolbox (136)
[2016.10.30-15.34.13:736][975]LogModuleManager: Shutting down and abandoning module ModuleUI (135)
[2016.10.30-15.34.13:752][975]LogModuleManager: Shutting down and abandoning module MovieSceneTools (134)
[2016.10.30-15.34.13:790][975]LogModuleManager: Shutting down and abandoning module OutputLog (133)
[2016.10.30-15.34.13:790][975]LogModuleManager: Shutting down and abandoning module GammaUI (132)
[2016.10.30-15.34.13:800][975]LogModuleManager: Shutting down and abandoning module Documentation (131)
[2016.10.30-15.34.13:800][975]LogModuleManager: Shutting down and abandoning module GameLiveStreaming (130)
[2016.10.30-15.34.13:808][975]LogModuleManager: Shutting down and abandoning module StreamingPauseRendering (129)
[2016.10.30-15.34.13:808][975]LogModuleManager: Shutting down and abandoning module AnalyticsET (128)
[2016.10.30-15.34.13:809][975]LogModuleManager: Shutting down and abandoning module Analytics (127)
[2016.10.30-15.34.13:809][975]LogModuleManager: Shutting down and abandoning module AITestSuite (126)
[2016.10.30-15.34.13:826][975]LogModuleManager: Shutting down and abandoning module GameplayDebugger (125)
[2016.10.30-15.34.13:836][975]LogModuleManager: Shutting down and abandoning module AIModule (124)
[2016.10.30-15.34.13:850][975]LogModuleManager: Shutting down and abandoning module ProfilerService (123)
[2016.10.30-15.34.14:076][975]LogModuleManager: Shutting down and abandoning module TaskGraph (122)
[2016.10.30-15.34.14:097][975]LogModuleManager: Shutting down and abandoning module SlateRemote (121)
[2016.10.30-15.34.14:097][975]LogModuleManager: Shutting down and abandoning module SteamVRController (120)
[2016.10.30-15.34.14:097][975]LogModuleManager: Shutting down and abandoning module SteamVR (119)
[2016.10.30-15.34.14:097][975]LogModuleManager: Shutting down and abandoning module ProceduralMeshComponent (118)
[2016.10.30-15.34.14:097][975]LogModuleManager: Shutting down and abandoning module OculusLibrary (117)
[2016.10.30-15.34.14:097][975]LogModuleManager: Shutting down and abandoning module OculusInput (116)
[2016.10.30-15.34.14:097][975]LogModuleManager: Shutting down and abandoning module LeapMotionController (115)
[2016.10.30-15.34.14:165][975]LogModuleManager: Shutting down and abandoning module CustomMeshComponent (114)
[2016.10.30-15.34.14:165][975]LogModuleManager: Shutting down and abandoning module CableComponent (113)
[2016.10.30-15.34.14:174][975]LogModuleManager: Shutting down and abandoning module ArchVisCharacter (112)
[2016.10.30-15.34.14:174][975]LogModuleManager: Shutting down and abandoning module MessagingDebugger (111)
[2016.10.30-15.34.14:203][975]LogModuleManager: Shutting down and abandoning module MediaPlayerEditor (110)
[2016.10.30-15.34.14:216][975]LogModuleManager: Shutting down and abandoning module HTML5Networking (109)
[2016.10.30-15.34.14:216][975]LogModuleManager: Shutting down and abandoning module SpeedTreeImporter (108)
[2016.10.30-15.34.14:216][975]LogModuleManager: Shutting down and abandoning module PluginBrowser (107)
[2016.10.30-15.34.14:226][975]LogModuleManager: Shutting down and abandoning module EpicSurvey (106)
[2016.10.30-15.34.14:237][975]LogModuleManager: Shutting down and abandoning module DesktopPlatform (105)
[2016.10.30-15.34.14:255][975]LogModuleManager: Shutting down and abandoning module VisualStudioSourceCodeAccess (104)
[2016.10.30-15.34.14:268][975]LogModuleManager: Shutting down and abandoning module UObjectPlugin (103)
[2016.10.30-15.34.14:268][975]LogModuleManager: Shutting down and abandoning module SubversionSourceControl (102)
[2016.10.30-15.34.14:285][975]LogModuleManager: Shutting down and abandoning module PerforceSourceControl (101)
[2016.10.30-15.34.14:306][975]LogModuleManager: Shutting down and abandoning module SourceControl (100)
[2016.10.30-15.34.14:331][975]LogModuleManager: Shutting down and abandoning module GitSourceControl (99)
[2016.10.30-15.34.14:351][975]LogModuleManager: Shutting down and abandoning module LightPropagationVolumeEditor (98)
[2016.10.30-15.34.14:351][975]LogModuleManager: Shutting down and abandoning module PaperTiledImporter (97)
[2016.10.30-15.34.14:365][975]LogModuleManager: Shutting down and abandoning module PaperSpriteSheetImporter (96)
[2016.10.30-15.34.14:365][975]LogModuleManager: Shutting down and abandoning module MeshPaint (95)
[2016.10.30-15.34.14:365][975]LogModuleManager: Shutting down and abandoning module SlateReflector (94)
[2016.10.30-15.34.14:404][975]LogModuleManager: Shutting down and abandoning module HotReload (93)
[2016.10.30-15.34.14:413][975]LogModuleManager: Shutting down and abandoning module MainFrame (92)
[2016.10.30-15.34.14:413][975]LogModuleManager: Shutting down and abandoning module LevelEditor (91)
[2016.10.30-15.34.14:430][975]LogModuleManager: Shutting down and abandoning module DirectoryWatcher (90)
[2016.10.30-15.34.14:432][975]LogModuleManager: Shutting down and abandoning module AssetRegistry (89)
[2016.10.30-15.34.14:547][975]LogModuleManager: Shutting down and abandoning module ContentBrowser (88)
[2016.10.30-15.34.14:548][975]LogModuleManager: Shutting down and abandoning module Paper2DEditor (87)
[2016.10.30-15.34.14:603][975]LogModuleManager: Shutting down and abandoning module UdpMessaging (86)
[2016.10.30-15.34.14:704][975]LogModuleManager: Shutting down and abandoning module LightPropagationVolumeRuntime (85)
[2016.10.30-15.34.14:704][975]LogModuleManager: Shutting down and abandoning module Paper2D (84)
[2016.10.30-15.34.14:736][975]LogModuleManager: Shutting down and abandoning module WindowsMoviePlayer (83)
[2016.10.30-15.34.14:749][975]LogModuleManager: Shutting down and abandoning module Media (82)
[2016.10.30-15.34.14:749][975]LogModuleManager: Shutting down and abandoning module WmfMedia (81)
[2016.10.30-15.34.14:766][975]LogModuleManager: Shutting down and abandoning module OnlineBlueprintSupport (80)
[2016.10.30-15.34.14:767][975]LogModuleManager: Shutting down and abandoning module GameplayTasksEditor (79)
[2016.10.30-15.34.14:767][975]LogModuleManager: Shutting down and abandoning module PropertyEditor (78)
[2016.10.30-15.34.14:767][975]LogModuleManager: Shutting down and abandoning module BehaviorTreeEditor (77)
[2016.10.30-15.34.14:807][975]LogModuleManager: Shutting down and abandoning module FunctionalTesting (76)
[2016.10.30-15.34.14:807][975]LogModuleManager: Shutting down and abandoning module CollisionAnalyzer (75)
[2016.10.30-15.34.14:821][975]LogModuleManager: Shutting down and abandoning module WorkspaceMenuStructure (74)
[2016.10.30-15.34.14:821][975]LogModuleManager: Shutting down and abandoning module MessageLog (73)
[2016.10.30-15.34.14:821][975]LogModuleManager: Shutting down and abandoning module Sequencer (72)
[2016.10.30-15.34.14:863][975]LogModuleManager: Shutting down and abandoning module AssetTools (71)
[2016.10.30-15.34.14:890][975]LogModuleManager: Shutting down and abandoning module UMGEditor (70)
[2016.10.30-15.34.14:915][975]LogModuleManager: Shutting down and abandoning module UMG (69)
[2016.10.30-15.34.14:938][975]LogModuleManager: Shutting down and abandoning module Slate (68)
[2016.10.30-15.34.14:938][975]LogModuleManager: Shutting down and abandoning module EditorStyle (67)
[2016.10.30-15.34.14:942][975]LogModuleManager: Shutting down and abandoning module SessionServices (66)
[2016.10.30-15.34.14:942][975]LogModuleManager: Shutting down and abandoning module SourceCodeAccess (65)
[2016.10.30-15.34.14:942][975]LogModuleManager: Shutting down and abandoning module HeadMountedDisplay (64)
[2016.10.30-15.34.14:942][975]LogModuleManager: Shutting down and abandoning module XAudio2 (63)
[2016.10.30-15.34.14:942][975]LogModuleManager: Shutting down and abandoning module Networking (61)
[2016.10.30-15.34.14:942][975]LogModuleManager: Shutting down and abandoning module Core (60)
[2016.10.30-15.34.14:942][975]LogModuleManager: Shutting down and abandoning module KismetCompiler (59)
[2016.10.30-15.34.14:942][975]LogModuleManager: Shutting down and abandoning module PhysXFormats (58)
[2016.10.30-15.34.14:957][975]LogModuleManager: Shutting down and abandoning module MeshUtilities (57)
[2016.10.30-15.34.14:972][975]LogModuleManager: Shutting down and abandoning module DerivedDataCache (56)
[2016.10.30-15.34.15:081][975]LogDerivedDataCache: Shutdown
[2016.10.30-15.34.15:081][975]LogModuleManager: Shutting down and abandoning module ShaderFormatOpenGL (55)
[2016.10.30-15.34.15:092][975]LogModuleManager: Shutting down and abandoning module ShaderFormatD3D (54)
[2016.10.30-15.34.15:105][975]LogModuleManager: Shutting down and abandoning module MetalShaderFormat (53)
[2016.10.30-15.34.15:123][975]LogModuleManager: Shutting down and abandoning module TextureFormatUncompressed (52)
[2016.10.30-15.34.15:124][975]LogModuleManager: Shutting down and abandoning module TextureFormatPVR (51)
[2016.10.30-15.34.15:136][975]LogModuleManager: Shutting down and abandoning module TextureFormatIntelISPCTexComp (50)
[2016.10.30-15.34.15:143][975]LogModuleManager: Shutting down and abandoning module TextureFormatDXT (49)
[2016.10.30-15.34.15:156][975]LogModuleManager: Shutting down and abandoning module ImageWrapper (48)
[2016.10.30-15.34.15:156][975]LogModuleManager: Shutting down and abandoning module TextureFormatASTC (47)
[2016.10.30-15.34.15:156][975]LogModuleManager: Shutting down and abandoning module TextureFormatAndroid (46)
[2016.10.30-15.34.15:156][975]LogModuleManager: Shutting down and abandoning module AudioFormatOpus (45)
[2016.10.30-15.34.15:161][975]LogModuleManager: Shutting down and abandoning module AudioFormatOgg (44)
[2016.10.30-15.34.15:167][975]LogModuleManager: Shutting down and abandoning module AudioFormatADPCM (43)
[2016.10.30-15.34.15:173][975]LogModuleManager: Shutting down and abandoning module LinuxTargetPlatform (42)
[2016.10.30-15.34.15:173][975]LogModuleManager: Shutting down and abandoning module LinuxServerTargetPlatform (41)
[2016.10.30-15.34.15:180][975]LogModuleManager: Shutting down and abandoning module LinuxNoEditorTargetPlatform (40)
[2016.10.30-15.34.15:190][975]LogModuleManager: Shutting down and abandoning module Messaging (39)
[2016.10.30-15.34.15:190][975]LogModuleManager: Shutting down and abandoning module IOSTargetPlatform (38)
[2016.10.30-15.34.15:190][975]LogModuleManager: Shutting down and abandoning module HTML5TargetPlatform (37)
[2016.10.30-15.34.15:190][975]LogModuleManager: Shutting down and abandoning module Android_PVRTCTargetPlatform (36)
[2016.10.30-15.34.15:190][975]LogModuleManager: Shutting down and abandoning module Android_MultiTargetPlatform (35)
[2016.10.30-15.34.15:190][975]LogModuleManager: Shutting down and abandoning module Android_ETC2TargetPlatform (34)
[2016.10.30-15.34.15:190][975]LogModuleManager: Shutting down and abandoning module Android_ETC1TargetPlatform (33)
[2016.10.30-15.34.15:190][975]LogModuleManager: Shutting down and abandoning module Android_DXTTargetPlatform (32)
[2016.10.30-15.34.15:190][975]LogModuleManager: Shutting down and abandoning module Android_ATCTargetPlatform (31)
[2016.10.30-15.34.15:190][975]LogModuleManager: Shutting down and abandoning module Android_ASTCTargetPlatform (30)
[2016.10.30-15.34.15:190][975]LogModuleManager: Shutting down and abandoning module AndroidTargetPlatform (29)
[2016.10.30-15.34.15:190][975]LogModuleManager: Shutting down and abandoning module WindowsTargetPlatform (28)
[2016.10.30-15.34.15:190][975]LogModuleManager: Shutting down and abandoning module WindowsServerTargetPlatform (27)
[2016.10.30-15.34.15:202][975]LogModuleManager: Shutting down and abandoning module WindowsNoEditorTargetPlatform (26)
[2016.10.30-15.34.15:216][975]LogModuleManager: Shutting down and abandoning module WindowsClientTargetPlatform (25)
[2016.10.30-15.34.15:229][975]LogModuleManager: Shutting down and abandoning module AllDesktopTargetPlatform (24)
[2016.10.30-15.34.15:229][975]LogModuleManager: Shutting down and abandoning module TargetPlatform (23)
[2016.10.30-15.34.15:229][975]LogModuleManager: Shutting down and abandoning module InputCore (22)
[2016.10.30-15.34.15:229][975]LogModuleManager: Shutting down and abandoning module Settings (21)
[2016.10.30-15.34.15:241][975]LogModuleManager: Shutting down and abandoning module OnlineSubsystem (19)
[2016.10.30-15.34.15:241][975]LogModuleManager: Shutting down and abandoning module HTTP (18)
[2016.10.30-15.34.17:244][975]LogModuleManager: Shutting down and abandoning module XMPP (17)
[2016.10.30-15.34.17:279][975]LogModuleManager: Shutting down and abandoning module OculusRift (16)
[2016.10.30-15.34.17:294][975]LogModuleManager: Shutting down and abandoning module ExampleDeviceProfileSelector (15)
[2016.10.30-15.34.17:294][975]LogModuleManager: Shutting down and abandoning module TextureCompressor (14)
[2016.10.30-15.34.17:307][975]LogModuleManager: Shutting down and abandoning module ShaderCore (13)
[2016.10.30-15.34.17:307][975]LogModuleManager: Shutting down and abandoning module Landscape (12)
[2016.10.30-15.34.17:307][975]LogModuleManager: Shutting down and abandoning module SlateRHIRenderer (11)
[2016.10.30-15.34.17:328][975]LogModuleManager: Shutting down and abandoning module OpenGLDrv (10)
[2016.10.30-15.34.17:346][975]LogModuleManager: Shutting down and abandoning module D3D11RHI (9)
[2016.10.30-15.34.17:346][975]LogModuleManager: Shutting down and abandoning module AnimGraphRuntime (8)
[2016.10.30-15.34.17:361][975]LogModuleManager: Shutting down and abandoning module Renderer (7)
[2016.10.30-15.34.17:361][975]LogModuleManager: Shutting down and abandoning module Engine (6)
[2016.10.30-15.34.17:361][975]LogModuleManager: Shutting down and abandoning module CoreUObject (5)
[2016.10.30-15.34.17:361][975]LogModuleManager: Shutting down and abandoning module NetworkFile (4)
[2016.10.30-15.34.17:374][975]LogModuleManager: Shutting down and abandoning module StreamingFile (3)
[2016.10.30-15.34.17:386][975]LogModuleManager: Shutting down and abandoning module SandboxFile (2)
[2016.10.30-15.34.17:397][975]LogModuleManager: Shutting down and abandoning module PakFile (1)
[2016.10.30-15.34.17:415][975]LogExit: Exiting.
[2016.10.30-15.34.17:449][975]Log file closed, 10/30/16 10:34:17
