[2016.11.01-05.48.46:759][  0]Log file open, 11/01/16 00:48:46
[2016.11.01-05.48.46:759][  0]LogInit:Display: Running engine for game: RogueElementTemple
[2016.11.01-05.48.46:759][  0]LogPlatformFile: Not using cached read wrapper
[2016.11.01-05.48.46:759][  0]LogInit:Display: RandInit(1265760658) SRandInit(1265760659).
[2016.11.01-05.48.46:759][  0]LogTaskGraph: Started task graph with 4 named threads and 5 total threads.
[2016.11.01-05.48.46:759][  0]LogStats: Stats thread started at 0.110377
[2016.11.01-05.48.46:759][  0]LogInit: Version: 4.10.2-2818068+++depot+UE4-Releases+4.10
[2016.11.01-05.48.46:759][  0]LogInit: API Version: 2758231
[2016.11.01-05.48.46:759][  0]LogInit: Compiled (64-bit): Jan  6 2016 17:36:42
[2016.11.01-05.48.46:759][  0]LogInit: Compiled with Visual C++: 19.00.23026.00
[2016.11.01-05.48.46:759][  0]LogInit: Build Configuration: Development
[2016.11.01-05.48.46:759][  0]LogInit: Branch Name: ++depot+UE4-Releases+4.10
[2016.11.01-05.48.46:759][  0]LogInit: Command line: -EpicPortal 
[2016.11.01-05.48.46:759][  0]LogInit: Base directory: C:/Program Files (x86)/Epic Games/4.10/Engine/Binaries/Win64/
[2016.11.01-05.48.46:759][  0]LogInit: Rocket: 1
[2016.11.01-05.48.46:828][  0]LogInit: Using libcurl 7.41.0
[2016.11.01-05.48.46:828][  0]LogInit:  - built for x86_64-pc-win32
[2016.11.01-05.48.46:828][  0]LogInit:  - supports SSL with WinSSL
[2016.11.01-05.48.46:828][  0]LogInit:  - other features:
[2016.11.01-05.48.46:828][  0]LogInit:      CURL_VERSION_SSL
[2016.11.01-05.48.46:828][  0]LogInit:      CURL_VERSION_IPV6
[2016.11.01-05.48.46:828][  0]LogInit:      CURL_VERSION_ASYNCHDNS
[2016.11.01-05.48.46:828][  0]LogInit:      CURL_VERSION_LARGEFILE
[2016.11.01-05.48.46:828][  0]LogInit:      CURL_VERSION_IDN
[2016.11.01-05.48.46:828][  0]LogInit:  CurlRequestOptions (configurable via config and command line):
[2016.11.01-05.48.46:828][  0]LogInit:  - bVerifyPeer = true  - Libcurl will verify peer certificate
[2016.11.01-05.48.46:828][  0]LogInit:  - bUseHttpProxy = false  - Libcurl will NOT use HTTP proxy
[2016.11.01-05.48.46:828][  0]LogInit:  - bDontReuseConnections = false  - Libcurl will reuse connections
[2016.11.01-05.48.46:828][  0]LogInit:  - CertBundlePath = nullptr  - Libcurl will use whatever was configured at build time.
[2016.11.01-05.48.46:851][  0]LogInit: Presizing for 0 objects not considered by GC, pre-allocating 0 bytes.
[2016.11.01-05.48.46:867][  0]LogInit: Object subsystem initialized
[2016.11.01-05.48.46:869][  0]LogInit: Selected Device Profile: [Windows]
[2016.11.01-05.48.46:869][  0]LogInit: Applying CVar settings loaded from the selected device profile: [Windows]
[2016.11.01-05.48.46:962][  0]LogInit: Computer: JARVIS
[2016.11.01-05.48.46:962][  0]LogInit: User: APCT1000
[2016.11.01-05.48.46:962][  0]LogInit: CPU Page size=4096, Cores=2
[2016.11.01-05.48.46:962][  0]LogInit: High frequency timer resolution =1.656319 MHz
[2016.11.01-05.48.46:963][  0]LogMemory: Memory total: Physical=5.9GB (6GB approx)
[2016.11.01-05.48.46:963][  0]LogMemory: Platform Memory Stats for Windows
[2016.11.01-05.48.46:963][  0]LogMemory: Process Physical Memory: 54.17 MB used, 54.17 MB peak
[2016.11.01-05.48.46:963][  0]LogMemory: Process Virtual Memory: 57.28 MB used, 57.28 MB peak
[2016.11.01-05.48.46:963][  0]LogMemory: Physical Memory: 2890.73 MB used, 6045.10 MB total
[2016.11.01-05.48.46:963][  0]LogMemory: Virtual Memory: 364.30 MB used, 134217728.00 MB total
[2016.11.01-05.48.47:024][  0]LogTextLocalizationManager: No specific translations for ('en-US') exist, so ('en') translations will be used.
[2016.11.01-05.48.48:088][  0]LogD3D11RHI: Found D3D11 adapter 0: Intel(R) HD Graphics Family (Feature Level 11_0)
[2016.11.01-05.48.48:089][  0]LogD3D11RHI: Adapter has 128MB of dedicated video memory, 0MB of dedicated system memory, and 1792MB of shared system memory, 1 output[s]
[2016.11.01-05.48.48:091][  0]LogD3D11RHI: Found D3D11 adapter 1: Microsoft Basic Render Driver (Feature Level 11_0)
[2016.11.01-05.48.48:091][  0]LogD3D11RHI: Adapter has 0MB of dedicated video memory, 0MB of dedicated system memory, and 256MB of shared system memory, 0 output[s]
[2016.11.01-05.48.48:091][  0]LogD3D11RHI: Chosen D3D11 Adapter Id = 0
[2016.11.01-05.48.48:100][  0]LogD3D11RHI: !Direct3DDevice
[2016.11.01-05.48.48:100][  0]LogRHI: Texture pool is 716 MB (70% of 1024 MB)
[2016.11.01-05.48.48:117][  0]LogD3D11RHI: Async texture creation enabled
[2016.11.01-05.48.48:124][  0]LogShaderCompilers: Guid format shader working directory is -29 characters bigger than the processId version (../../../../../../Users/APCT1_000/Documents/Unreal Projects/RogueElementTemple/Intermediate/Shaders/WorkingDirectory/7160/).
[2016.11.01-05.48.48:125][  0]LogShaderCompilers: Cleaned the shader compiler working directory 'C:/Users/APCT1_~1/AppData/Local/Temp/UnrealShaderWorkingDir/B8B7B480451C0C34936EABBD860F325F/'.
[2016.11.01-05.48.48:125][  0]LogShaderCompilers:Display: Using Local Shader Compiler.
[2016.11.01-05.48.50:550][  0]LogTemp:Display: Loaded TP AllDesktopTargetPlatform
[2016.11.01-05.48.50:564][  0]LogTemp:Display: Loaded TP WindowsClientTargetPlatform
[2016.11.01-05.48.50:577][  0]LogTemp:Display: Loaded TP WindowsNoEditorTargetPlatform
[2016.11.01-05.48.50:586][  0]LogTemp:Display: Loaded TP WindowsServerTargetPlatform
[2016.11.01-05.48.50:595][  0]LogTemp:Display: Loaded TP WindowsTargetPlatform
[2016.11.01-05.48.50:601][  0]LogTemp:Display: Loaded TP AndroidTargetPlatform
[2016.11.01-05.48.50:608][  0]LogTemp:Display: Loaded TP Android_ASTCTargetPlatform
[2016.11.01-05.48.50:617][  0]LogTemp:Display: Loaded TP Android_ATCTargetPlatform
[2016.11.01-05.48.50:626][  0]LogTemp:Display: Loaded TP Android_DXTTargetPlatform
[2016.11.01-05.48.50:632][  0]LogTemp:Display: Loaded TP Android_ETC1TargetPlatform
[2016.11.01-05.48.50:639][  0]LogTemp:Display: Loaded TP Android_ETC2TargetPlatform
[2016.11.01-05.48.50:655][  0]LogTemp:Display: Loaded TP Android_MultiTargetPlatform
[2016.11.01-05.48.50:655][  0]LogTemp:Display: Loaded TP Android_PVRTCTargetPlatform
[2016.11.01-05.48.50:657][  0]LogTemp:Display: Loaded TP HTML5TargetPlatform
[2016.11.01-05.48.50:682][  0]LogTemp:Display: Loaded TP IOSTargetPlatform
[2016.11.01-05.48.50:687][  0]LogTemp:Display: Loaded TP LinuxNoEditorTargetPlatform
[2016.11.01-05.48.50:695][  0]LogTemp:Display: Loaded TP LinuxServerTargetPlatform
[2016.11.01-05.48.50:704][  0]LogTemp:Display: Loaded TP LinuxTargetPlatform
[2016.11.01-05.48.50:704][  0]LogTargetPlatformManager:Display: Building Assets For Windows
[2016.11.01-05.48.50:911][  0]LogDerivedDataCache:Display: Max Cache Size: 512 MB
[2016.11.01-05.48.51:026][  0]LogDerivedDataCache: Loaded boot cache 0.09s 41MB C:/Users/APCT1_000/AppData/Local/UnrealEngine/4.10/DerivedDataCache/Boot.ddc.
[2016.11.01-05.48.51:026][  0]LogDerivedDataCache:Display: Loaded Boot cache: C:/Users/APCT1_000/AppData/Local/UnrealEngine/4.10/DerivedDataCache/Boot.ddc
[2016.11.01-05.48.51:027][  0]LogDerivedDataCache: FDerivedDataBackendGraph:  Pak pak cache file ../../../../../../Users/APCT1_000/Documents/Unreal Projects/RogueElementTemple/DerivedDataCache/DDC.ddp not found, will not use a pak cache.
[2016.11.01-05.48.51:027][  0]LogDerivedDataCache: Unable to find inner node Pak for hierarchical cache Hierarchy.
[2016.11.01-05.48.51:027][  0]LogDerivedDataCache: FDerivedDataBackendGraph:  CompressedPak pak cache file ../../../../../../Users/APCT1_000/Documents/Unreal Projects/RogueElementTemple/DerivedDataCache/Compressed.ddp not found, will not use a pak cache.
[2016.11.01-05.48.51:027][  0]LogDerivedDataCache: Unable to find inner node CompressedPak for hierarchical cache Hierarchy.
[2016.11.01-05.48.51:147][  0]LogDerivedDataCache:Display: Pak cache opened for reading ../../../Engine/DerivedDataCache/Compressed.ddp.
[2016.11.01-05.48.51:165][  0]LogDerivedDataCache: Using Local data cache path C:/Users/APCT1_000/AppData/Local/UnrealEngine/Common/DerivedDataCache: Writable
[2016.11.01-05.48.51:598][  0]LogInit: Selected Device Profile: [Windows]
[2016.11.01-05.48.51:606][  0]LogContentStreaming: Texture pool size is 0.000000MB
[2016.11.01-05.48.51:952][  0]LogMeshUtilities: No automatic mesh reduction module available
[2016.11.01-05.48.51:952][  0]LogMeshUtilities: No automatic mesh merging module available
[2016.11.01-05.48.52:471][  0]LogInit: WinSock: version 1.1 (2.2), MaxSocks=32767, MaxUdp=65467
[2016.11.01-05.48.54:557][  0]UdpMessaging: Initializing bridge on interface 0.0.0.0:0 to multicast group 230.0.0.1:6666.
[2016.11.01-05.48.54:743][  0]LogAssetRegistry: FAssetRegistry took 0.0119 seconds to start up
[2016.11.01-05.48.55:285][  0]SourceControl: Info Source control is disabled
[2016.11.01-05.48.55:287][  0]SourceControl: Info Source control is disabled
[2016.11.01-05.48.55:317][  0]SourceControl: Info Source control is disabled
[2016.11.01-05.48.55:344][  0]SourceControl: Info Source control is disabled
[2016.11.01-05.48.55:954][  0]LogObj: 28633 objects as part of root set at end of initial load.
[2016.11.01-05.48.55:954][  0]LogUObjectAllocator: 6099752 out of 0 bytes used by permanent object pool.
[2016.11.01-05.48.56:060][  0]LogEngine: Initializing Engine...
[2016.11.01-05.48.56:063][  0]LogHMD: Can't find Oculus library dev build: is proper Runtime installed? Version: 0.8.0.0
[2016.11.01-05.48.56:065][  0]LogHMD: SteamVR failed to initialize.  Err: 110
[2016.11.01-05.48.56:329][  0]LogAIModule: Creating AISystem for world NewWorld
[2016.11.01-05.48.56:340][  0]LogInit: XAudio2 using 'Speakers (Realtek High Definition Audio)' : 2 channels at 48 kHz using 32 bits per sample (channel mask 0x3)
[2016.11.01-05.48.56:379][  0]LogInit: FAudioDevice initialized.
[2016.11.01-05.48.56:422][  0]LogDerivedDataCache: Saved boot cache 0.04s 41MB C:/Users/APCT1_000/AppData/Local/UnrealEngine/4.10/DerivedDataCache/Boot.ddc.
[2016.11.01-05.48.56:433][  0]LogInit: Texture streaming: Enabled
[2016.11.01-05.48.56:452][  0]LogAnalytics: Creating configured Analytics provider AnalyticsET
[2016.11.01-05.48.56:452][  0]LogAnalytics: [UEEditor.Rocket.Release] APIServer = http://et2.epicgames.com/ET2/. AppVersion = 4.10.2-2818068+++depot+UE4-Releases+4.10
[2016.11.01-05.48.56:452][  0]LogAnalytics: [UEEditor.Rocket.Release] SetUserId a7be9ccd4953bc1fe15c0da22ce2d979|a89c628686e241409358cf1cfd870a0b|6b331781-92f5-44f4-a153-a924a427f7f8
[2016.11.01-05.48.56:452][  0]LogAnalytics: [UEEditor.Rocket.Release] AnalyticsET::StartSession
[2016.11.01-05.48.56:524][  0]LogInit: Transaction tracking system initialized
[2016.11.01-05.48.56:597][  0]BlueprintLog: New page: Editor Load
[2016.11.01-05.48.56:831][  0]LocalizationService: Info Localization service is disabled
[2016.11.01-05.48.57:514][  0]LogConsoleResponse:Display: 
[2016.11.01-05.49.01:786][  0]LogFileCache: Scanning file cache for directory 'C:/Users/APCT1_000/Documents/Unreal Projects/RogueElementTemple/Content/' took 0.33s
[2016.11.01-05.49.01:786][  0]LogCook:Display: Done creating registry. It took  0.00s.
[2016.11.01-05.49.01:950][  0]SourceControl: Info Source control is disabled
[2016.11.01-05.49.01:950][  0]Cmd: MAP LOAD FILE="../../../../../../Users/APCT1_000/Documents/Unreal Projects/RogueElementTemple/Content/FirstPersonBP/Maps/FirstPersonExampleMap.umap" TEMPLATE=0 SHOWPROGRESS=1 FEATURELEVEL=3
[2016.11.01-05.49.05:499][  0]LightingResults: New page: Lighting Build
[2016.11.01-05.49.05:504][  0]MapCheck: New page: Map Check
[2016.11.01-05.49.05:504][  0]LightingResults: New page: Lighting Build
[2016.11.01-05.49.05:541][  0]LogParticles: Destroying 0 GPU particle simulations for FXSystem 0x000000E2DD10FB00
[2016.11.01-05.49.12:509][  0]LogLinker:Warning: Asset '../../../../../../Users/APCT1_000/Documents/Unreal Projects/RogueElementTemple/Content/FirstPerson/Meshes/FirstPersonProjectileMesh.uasset' has been saved with empty engine version. The asset will be loaded but may be incompatible.
[2016.11.01-05.49.22:908][  0]LogAIModule: Creating AISystem for world FirstPersonExampleMap
[2016.11.01-05.49.23:302][  0]LogEditorServer: Finished looking for orphan Actors (0.000 secs)
[2016.11.01-05.49.23:323][  0]Cmd: MAP CHECKDEP NOCLEARLOG
[2016.11.01-05.49.23:518][  0]MapCheck: Info Map check complete: 0 Error(s), 0 Warning(s), took 195.552ms to complete.
[2016.11.01-05.49.23:519][  0]LogFileHelpers: Loading map 'FirstPersonExampleMap' took 21.569
[2016.11.01-05.49.26:026][  0]LogCollectionManager: Loaded 0 collections in 0.004752 seconds
[2016.11.01-05.49.27:215][  0]LogFileCache: Scanning file cache for directory 'C:/Users/APCT1_000/Documents/Unreal Projects/RogueElementTemple/Saved/Collections/' took 0.01s
[2016.11.01-05.49.27:215][  0]LogFileCache: Scanning file cache for directory 'C:/Users/APCT1_000/Documents/Unreal Projects/RogueElementTemple/Content/Developers/APCT1000/Collections/' took 0.01s
[2016.11.01-05.49.27:215][  0]LogFileCache: Scanning file cache for directory 'C:/Users/APCT1_000/Documents/Unreal Projects/RogueElementTemple/Content/Collections/' took 0.01s
[2016.11.01-05.49.27:215][  0]LogCollectionManager: Rebuilt the GUID cache for 0 collections in 0.000004 seconds
[2016.11.01-05.49.27:350][  0]LogContentBrowser: Native class hierarchy populated in 0.0373 seconds. Added 1893 classes and 338 folders.
[2016.11.01-05.49.27:559][  0]LogContentBrowser: Native class hierarchy updated for 'WidgetCarousel' in 0.0006 seconds. Added 0 classes and 0 folders.
[2016.11.01-05.49.29:754][  0]LogContentBrowser: Native class hierarchy updated for 'AddContentDialog' in 0.0010 seconds. Added 0 classes and 0 folders.
[2016.11.01-05.49.29:833][  0]LogContentBrowser: Native class hierarchy updated for 'SceneOutliner' in 0.0008 seconds. Added 1 classes and 2 folders.
[2016.11.01-05.49.30:386][  0]LogCrashTracker: Crashtracker disabled due to settings.
[2016.11.01-05.49.30:507][  0]LogUObjectGlobals:Warning: Failed to find object 'Class None.'
[2016.11.01-05.49.30:553][  0]LogLoad: Full Startup: 45.56 seconds (BP compile: 0.87 seconds)
[2016.11.01-05.49.30:570][  0]LogWindowsTextInputMethodSystem:Display: IME system now deactivated.
[2016.11.01-05.49.30:572][  0]LogWindowsTextInputMethodSystem:Display: IME system now deactivated.
[2016.11.01-05.49.30:577][  0]LogOcInput: Can't find Oculus library dev build: is proper Runtime installed? Version: 0.8.0.0
[2016.11.01-05.49.31:131][  0]LogContentStreaming: Texture pool size now 200 MB
[2016.11.01-05.49.31:701][  0]LogRenderer: Reallocating scene render targets to support 816x384 (Frame:2).
[2016.11.01-05.49.35:267][  8]LogAssetRegistry: Asset discovery search completed in 40.5363 seconds
[2016.11.01-05.49.35:267][  8]LogCollectionManager: Rebuilt the object cache for 0 collections in 0.000001 seconds (found 0 objects)
[2016.11.01-05.49.35:267][  8]LogCollectionManager: Fixed up redirectors for 0 collections in 0.000043 seconds (updated 0 objects)
[2016.11.01-05.50.08:624][179]LogAIModule: Creating AISystem for world RogueElementTemple
[2016.11.01-05.50.08:649][179]LogMaterial:Warning: Material /Game/InfinityBladeGrassLands/Environments/Plains/Env_Plains_Floors/Materials/M_Plains_FloorTrims.M_Plains_FloorTrims needed to have new flag set bUsedWithInstancedStaticMeshes !
[2016.11.01-05.50.08:671][179]LogMaterial: Missing cached shader map for material M_Plains_FloorTrims, compiling. 
[2016.11.01-05.50.08:807][179]MapCheck:Warning: Warning M_Plains_FloorTrims Material /Game/InfinityBladeGrassLands/Environments/Plains/Env_Plains_Floors/Materials/M_Plains_FloorTrims.M_Plains_FloorTrims was missing the usage flag bUsedWithInstancedStaticMeshes. If the material asset is not re-saved, it may not render correctly when run outside the editor. Fix
[2016.11.01-05.50.08:881][179]LogMaterial: 0.000190 seconds spent updating 1 materials, 1 interfaces, 0 instances, 0 with static permutations.
[2016.11.01-05.50.08:902][179]LogParticles:Warning: InitializeSystem called on an unregistered component. Template=/Game/StarterContent/Particles/P_Fire.P_Fire Component=/Game/RogueElementTemple.RogueElementTemple:PersistentLevel.Fire1.ParticleSystemComponent0
[2016.11.01-05.50.08:909][179]LogParticles:Warning: InitializeSystem called on an unregistered component. Template=/Game/StarterContent/Particles/P_Fire.P_Fire Component=/Game/RogueElementTemple.RogueElementTemple:PersistentLevel.Fire2.ParticleSystemComponent0
[2016.11.01-05.50.08:909][179]LogParticles:Warning: InitializeSystem called on an unregistered component. Template=/Game/StarterContent/Particles/P_Fire.P_Fire Component=/Game/RogueElementTemple.RogueElementTemple:PersistentLevel.Fire3.ParticleSystemComponent0
[2016.11.01-05.50.08:910][179]LogParticles:Warning: InitializeSystem called on an unregistered component. Template=/Game/StarterContent/Particles/P_Fire.P_Fire Component=/Game/RogueElementTemple.RogueElementTemple:PersistentLevel.Fire4.ParticleSystemComponent0
[2016.11.01-05.50.08:910][179]LogParticles:Warning: InitializeSystem called on an unregistered component. Template=/Game/StarterContent/Particles/P_Fire.P_Fire Component=/Game/RogueElementTemple.RogueElementTemple:PersistentLevel.Fire6.ParticleSystemComponent0
[2016.11.01-05.50.08:911][179]LogParticles:Warning: InitializeSystem called on an unregistered component. Template=/Game/StarterContent/Particles/P_Fire.P_Fire Component=/Game/RogueElementTemple.RogueElementTemple:PersistentLevel.Fire7.ParticleSystemComponent0
[2016.11.01-05.50.08:911][179]LogParticles:Warning: InitializeSystem called on an unregistered component. Template=/Game/StarterContent/Particles/P_Fire.P_Fire Component=/Game/RogueElementTemple.RogueElementTemple:PersistentLevel.Fire8.ParticleSystemComponent0
[2016.11.01-05.50.08:912][179]LogParticles:Warning: InitializeSystem called on an unregistered component. Template=/Game/StarterContent/Particles/P_Fire.P_Fire Component=/Game/RogueElementTemple.RogueElementTemple:PersistentLevel.Fire9.ParticleSystemComponent0
[2016.11.01-05.50.08:912][179]LogParticles:Warning: InitializeSystem called on an unregistered component. Template=/Game/StarterContent/Particles/P_Fire.P_Fire Component=/Game/RogueElementTemple.RogueElementTemple:PersistentLevel.Fire10.ParticleSystemComponent0
[2016.11.01-05.50.08:912][179]LogParticles:Warning: InitializeSystem called on an unregistered component. Template=/Game/StarterContent/Particles/P_Fire.P_Fire Component=/Game/RogueElementTemple.RogueElementTemple:PersistentLevel.Fire11.ParticleSystemComponent0
[2016.11.01-05.50.08:913][179]LogParticles:Warning: InitializeSystem called on an unregistered component. Template=/Game/StarterContent/Particles/P_Fire.P_Fire Component=/Game/RogueElementTemple.RogueElementTemple:PersistentLevel.Fire12.ParticleSystemComponent0
[2016.11.01-05.50.08:913][179]LogParticles:Warning: InitializeSystem called on an unregistered component. Template=/Game/StarterContent/Particles/P_Fire.P_Fire Component=/Game/RogueElementTemple.RogueElementTemple:PersistentLevel.Fire13.ParticleSystemComponent0
[2016.11.01-05.50.08:914][179]LogParticles:Warning: InitializeSystem called on an unregistered component. Template=/Game/StarterContent/Particles/P_Fire.P_Fire Component=/Game/RogueElementTemple.RogueElementTemple:PersistentLevel.Fire14.ParticleSystemComponent0
[2016.11.01-05.50.08:914][179]LogParticles:Warning: InitializeSystem called on an unregistered component. Template=/Game/StarterContent/Particles/P_Fire.P_Fire Component=/Game/RogueElementTemple.RogueElementTemple:PersistentLevel.Fire15.ParticleSystemComponent0
[2016.11.01-05.50.08:914][179]LogParticles:Warning: InitializeSystem called on an unregistered component. Template=/Game/StarterContent/Particles/P_Fire.P_Fire Component=/Game/RogueElementTemple.RogueElementTemple:PersistentLevel.Fire16.ParticleSystemComponent0
[2016.11.01-05.50.08:915][179]LogParticles:Warning: InitializeSystem called on an unregistered component. Template=/Game/StarterContent/Particles/P_Fire.P_Fire Component=/Game/RogueElementTemple.RogueElementTemple:PersistentLevel.Fire17.ParticleSystemComponent0
[2016.11.01-05.50.08:915][179]LogParticles:Warning: InitializeSystem called on an unregistered component. Template=/Game/StarterContent/Particles/P_Fire.P_Fire Component=/Game/RogueElementTemple.RogueElementTemple:PersistentLevel.Fire18.ParticleSystemComponent0
[2016.11.01-05.50.08:916][179]LogParticles:Warning: InitializeSystem called on an unregistered component. Template=/Game/StarterContent/Particles/P_Fire.P_Fire Component=/Game/RogueElementTemple.RogueElementTemple:PersistentLevel.Fire19.ParticleSystemComponent0
[2016.11.01-05.50.08:916][179]LogParticles:Warning: InitializeSystem called on an unregistered component. Template=/Game/StarterContent/Particles/P_Fire.P_Fire Component=/Game/RogueElementTemple.RogueElementTemple:PersistentLevel.Fire20.ParticleSystemComponent0
[2016.11.01-05.50.08:917][179]LogParticles:Warning: InitializeSystem called on an unregistered component. Template=/Game/StarterContent/Particles/P_Fire.P_Fire Component=/Game/RogueElementTemple.RogueElementTemple:PersistentLevel.Fire21.ParticleSystemComponent0
[2016.11.01-05.50.08:917][179]LogParticles:Warning: InitializeSystem called on an unregistered component. Template=/Game/StarterContent/Particles/P_Fire.P_Fire Component=/Game/RogueElementTemple.RogueElementTemple:PersistentLevel.Fire22.ParticleSystemComponent0
[2016.11.01-05.50.08:918][179]LogParticles:Warning: InitializeSystem called on an unregistered component. Template=/Game/StarterContent/Particles/P_Fire.P_Fire Component=/Game/RogueElementTemple.RogueElementTemple:PersistentLevel.Fire23.ParticleSystemComponent0
[2016.11.01-05.50.08:918][179]LogParticles:Warning: InitializeSystem called on an unregistered component. Template=/Game/StarterContent/Particles/P_Fire.P_Fire Component=/Game/RogueElementTemple.RogueElementTemple:PersistentLevel.Fire24.ParticleSystemComponent0
[2016.11.01-05.50.08:919][179]LogParticles:Warning: InitializeSystem called on an unregistered component. Template=/Game/StarterContent/Particles/P_Fire.P_Fire Component=/Game/RogueElementTemple.RogueElementTemple:PersistentLevel.Fire25.ParticleSystemComponent0
[2016.11.01-05.50.08:919][179]LogParticles:Warning: InitializeSystem called on an unregistered component. Template=/Game/StarterContent/Particles/P_Fire.P_Fire Component=/Game/RogueElementTemple.RogueElementTemple:PersistentLevel.Fire26.ParticleSystemComponent0
[2016.11.01-05.50.08:920][179]LogParticles:Warning: InitializeSystem called on an unregistered component. Template=/Game/StarterContent/Particles/P_Fire.P_Fire Component=/Game/RogueElementTemple.RogueElementTemple:PersistentLevel.Fire27.ParticleSystemComponent0
[2016.11.01-05.50.08:921][179]LogParticles:Warning: InitializeSystem called on an unregistered component. Template=/Game/StarterContent/Particles/P_Fire.P_Fire Component=/Game/RogueElementTemple.RogueElementTemple:PersistentLevel.Fire28.ParticleSystemComponent0
[2016.11.01-05.50.08:926][179]LogParticles:Warning: InitializeSystem called on an unregistered component. Template=/Game/StarterContent/Particles/P_Fire.P_Fire Component=/Game/RogueElementTemple.RogueElementTemple:PersistentLevel.Fire29.ParticleSystemComponent0
[2016.11.01-05.50.08:926][179]LogParticles:Warning: InitializeSystem called on an unregistered component. Template=/Game/StarterContent/Particles/P_Fire.P_Fire Component=/Game/RogueElementTemple.RogueElementTemple:PersistentLevel.Fire30.ParticleSystemComponent0
[2016.11.01-05.50.08:926][179]LogParticles:Warning: InitializeSystem called on an unregistered component. Template=/Game/StarterContent/Particles/P_Fire.P_Fire Component=/Game/RogueElementTemple.RogueElementTemple:PersistentLevel.Fire31.ParticleSystemComponent0
[2016.11.01-05.50.08:927][179]LogParticles:Warning: InitializeSystem called on an unregistered component. Template=/Game/StarterContent/Particles/P_Fire.P_Fire Component=/Game/RogueElementTemple.RogueElementTemple:PersistentLevel.Fire32.ParticleSystemComponent0
[2016.11.01-05.50.08:927][179]LogParticles:Warning: InitializeSystem called on an unregistered component. Template=/Game/StarterContent/Particles/P_Fire.P_Fire Component=/Game/RogueElementTemple.RogueElementTemple:PersistentLevel.Fire33.ParticleSystemComponent0
[2016.11.01-05.50.08:928][179]LogParticles:Warning: InitializeSystem called on an unregistered component. Template=/Game/StarterContent/Particles/P_Fire.P_Fire Component=/Game/RogueElementTemple.RogueElementTemple:PersistentLevel.Fire34.ParticleSystemComponent0
[2016.11.01-05.50.08:928][179]LogParticles:Warning: InitializeSystem called on an unregistered component. Template=/Game/StarterContent/Particles/P_Fire.P_Fire Component=/Game/RogueElementTemple.RogueElementTemple:PersistentLevel.Fire35.ParticleSystemComponent0
[2016.11.01-05.50.08:928][179]LogParticles:Warning: InitializeSystem called on an unregistered component. Template=/Game/StarterContent/Particles/P_Fire.P_Fire Component=/Game/RogueElementTemple.RogueElementTemple:PersistentLevel.Fire36.ParticleSystemComponent0
[2016.11.01-05.50.08:929][179]LogParticles:Warning: InitializeSystem called on an unregistered component. Template=/Game/StarterContent/Particles/P_Fire.P_Fire Component=/Game/RogueElementTemple.RogueElementTemple:PersistentLevel.Fire37.ParticleSystemComponent0
[2016.11.01-05.50.08:929][179]LogParticles:Warning: InitializeSystem called on an unregistered component. Template=/Game/StarterContent/Particles/P_Fire.P_Fire Component=/Game/RogueElementTemple.RogueElementTemple:PersistentLevel.Fire38.ParticleSystemComponent0
[2016.11.01-05.50.08:930][179]LogParticles:Warning: InitializeSystem called on an unregistered component. Template=/Game/StarterContent/Particles/P_Fire.P_Fire Component=/Game/RogueElementTemple.RogueElementTemple:PersistentLevel.Fire39.ParticleSystemComponent0
[2016.11.01-05.50.08:930][179]LogParticles:Warning: InitializeSystem called on an unregistered component. Template=/Game/StarterContent/Particles/P_Fire.P_Fire Component=/Game/RogueElementTemple.RogueElementTemple:PersistentLevel.Fire40.ParticleSystemComponent0
[2016.11.01-05.50.08:930][179]LogParticles:Warning: InitializeSystem called on an unregistered component. Template=/Game/StarterContent/Particles/P_Fire.P_Fire Component=/Game/RogueElementTemple.RogueElementTemple:PersistentLevel.Fire41.ParticleSystemComponent0
[2016.11.01-05.50.08:932][179]LogParticles:Warning: InitializeSystem called on an unregistered component. Template=/Game/StarterContent/Particles/P_Fire.P_Fire Component=/Game/RogueElementTemple.RogueElementTemple:PersistentLevel.Fire42.ParticleSystemComponent0
[2016.11.01-05.50.08:932][179]LogParticles:Warning: InitializeSystem called on an unregistered component. Template=/Game/StarterContent/Particles/P_Fire.P_Fire Component=/Game/RogueElementTemple.RogueElementTemple:PersistentLevel.Fire43.ParticleSystemComponent0
[2016.11.01-05.50.08:933][179]LogParticles:Warning: InitializeSystem called on an unregistered component. Template=/Game/StarterContent/Particles/P_Fire.P_Fire Component=/Game/RogueElementTemple.RogueElementTemple:PersistentLevel.Fire44.ParticleSystemComponent0
[2016.11.01-05.50.08:933][179]LogParticles:Warning: InitializeSystem called on an unregistered component. Template=/Game/StarterContent/Particles/P_Fire.P_Fire Component=/Game/RogueElementTemple.RogueElementTemple:PersistentLevel.Fire45.ParticleSystemComponent0
[2016.11.01-05.50.08:933][179]LogParticles:Warning: InitializeSystem called on an unregistered component. Template=/Game/StarterContent/Particles/P_Fire.P_Fire Component=/Game/RogueElementTemple.RogueElementTemple:PersistentLevel.Fire46.ParticleSystemComponent0
[2016.11.01-05.50.08:934][179]LogParticles:Warning: InitializeSystem called on an unregistered component. Template=/Game/StarterContent/Particles/P_Fire.P_Fire Component=/Game/RogueElementTemple.RogueElementTemple:PersistentLevel.Fire47.ParticleSystemComponent0
[2016.11.01-05.50.08:934][179]LogParticles:Warning: InitializeSystem called on an unregistered component. Template=/Game/StarterContent/Particles/P_Fire.P_Fire Component=/Game/RogueElementTemple.RogueElementTemple:PersistentLevel.Fire48.ParticleSystemComponent0
[2016.11.01-05.50.08:939][179]LogParticles:Warning: InitializeSystem called on an unregistered component. Template=/Game/InfinityBladeGrassLands/Effects/FX_Ambient/Fog/P_Dust_groundCoat.P_Dust_groundCoat Component=/Game/RogueElementTemple.RogueElementTemple:PersistentLevel.P_Dust_groundCoat_2.ParticleSystemComponent0
[2016.11.01-05.50.09:294][179]Cmd: MAP LOAD FILE="../../../../../../Users/APCT1_000/Documents/Unreal Projects/RogueElementTemple/Content/RogueElementTemple.umap" TEMPLATE=0 SHOWPROGRESS=1 FEATURELEVEL=3
[2016.11.01-05.50.09:297][179]LightingResults: New page: Lighting Build
[2016.11.01-05.50.09:372][179]LoadErrors: New page: Loading map: RogueElementTemple.umap
[2016.11.01-05.50.09:395][179]MapCheck: New page: Map Check
[2016.11.01-05.50.09:395][179]LightingResults: New page: Lighting Build
[2016.11.01-05.50.09:431][179]LogParticles: Destroying 0 GPU particle simulations for FXSystem 0x000000E2CFA10900
[2016.11.01-05.50.09:889][179]LogEditorServer: Finished looking for orphan Actors (0.000 secs)
[2016.11.01-05.50.09:958][179]Cmd: MAP CHECKDEP NOCLEARLOG
[2016.11.01-05.50.10:182][179]MapCheck: Info Map check complete: 0 Error(s), 0 Warning(s), took 223.704ms to complete.
[2016.11.01-05.50.10:183][179]LogFileHelpers: Loading map 'RogueElementTemple' took 0.890
[2016.11.01-05.50.33:246][701]LogRenderer: Reallocating scene render targets to support 1364x704 (Frame:300).
[2016.11.01-05.51.21:583][414]Cmd: ACTOR HIDE SELECTED
[2016.11.01-05.52.30:136][872]LogPlayLevel: PlayLevel: No blueprints needed recompiling
[2016.11.01-05.52.30:227][872]PIE: New page: PIE session: RogueElementTemple (Oct 31, 2016, 7:52:30 PM)
[2016.11.01-05.52.30:227][872]LogPlayLevel: Creating play world package: /Game/UEDPIE_0_RogueElementTemple
[2016.11.01-05.52.30:336][872]LogPlayLevel: PIE: StaticDuplicateObject took: (0.109281s)
[2016.11.01-05.52.30:337][872]LogAIModule: Creating AISystem for world RogueElementTemple
[2016.11.01-05.52.30:338][872]LogPlayLevel: PIE: World Init took: (0.001321s)
[2016.11.01-05.52.30:338][872]LogPlayLevel: PIE: Created PIE world by copying editor world from /Game/RogueElementTemple.RogueElementTemple to /Game/UEDPIE_0_RogueElementTemple.RogueElementTemple (0.111201s)
[2016.11.01-05.52.30:382][872]LogInit: XAudio2 using 'Speakers (Realtek High Definition Audio)' : 2 channels at 48 kHz using 32 bits per sample (channel mask 0x3)
[2016.11.01-05.52.30:400][872]LogInit: FAudioDevice initialized.
[2016.11.01-05.52.30:710][872]LogLinker:Warning: Asset '../../../../../../Users/APCT1_000/Documents/Unreal Projects/RogueElementTemple/Content/FirstPersonBP/Blueprints/FirstPersonHUD.uasset' has been saved with empty engine version. The asset will be loaded but may be incompatible.
[2016.11.01-05.52.30:786][872]LogWorld: Game class is 'FirstPersonGameMode_C'
[2016.11.01-05.52.30:914][872]LogWorld: Bringing World /Game/UEDPIE_0_RogueElementTemple.RogueElementTemple up for play (max tick rate 60) at 2016.11.01-00.52.30
[2016.11.01-05.52.30:914][872]LogActor:Warning: GameSession /Game/UEDPIE_0_RogueElementTemple.RogueElementTemple:PersistentLevel.GameSession_0 has natively added scene component(s), but none of them were set as the actor's RootComponent - picking one arbitrarily
[2016.11.01-05.52.30:914][872]LogActor:Warning: GameNetworkManager /Game/UEDPIE_0_RogueElementTemple.RogueElementTemple:PersistentLevel.GameNetworkManager_0 has natively added scene component(s), but none of them were set as the actor's RootComponent - picking one arbitrarily
[2016.11.01-05.52.30:917][872]LogWorld: Bringing up level for play took: 0.129512
[2016.11.01-05.52.31:461][872]PIE: Info Play in editor start time for /Game/UEDPIE_0_RogueElementTemple 1.396
[2016.11.01-05.54.45:059][912]LogParticles: Destroying 0 GPU particle simulations for FXSystem 0x000000E2CD709B20
[2016.11.01-05.55.44:389][883]LogPlayLevel: PlayLevel: No blueprints needed recompiling
[2016.11.01-05.55.44:389][883]PIE: New page: PIE session: RogueElementTemple (Oct 31, 2016, 7:55:44 PM)
[2016.11.01-05.55.44:389][883]LogPlayLevel: Creating play world package: /Game/UEDPIE_0_RogueElementTemple
[2016.11.01-05.55.44:579][883]LogPlayLevel: PIE: StaticDuplicateObject took: (0.189585s)
[2016.11.01-05.55.44:580][883]LogAIModule: Creating AISystem for world RogueElementTemple
[2016.11.01-05.55.44:580][883]LogPlayLevel: PIE: World Init took: (0.001418s)
[2016.11.01-05.55.44:581][883]LogPlayLevel: PIE: Created PIE world by copying editor world from /Game/RogueElementTemple.RogueElementTemple to /Game/UEDPIE_0_RogueElementTemple.RogueElementTemple (0.191773s)
[2016.11.01-05.55.44:654][883]LogInit: XAudio2 using 'Speakers (Realtek High Definition Audio)' : 2 channels at 48 kHz using 32 bits per sample (channel mask 0x3)
[2016.11.01-05.55.44:676][883]LogInit: FAudioDevice initialized.
[2016.11.01-05.55.44:718][883]LogWorld: Game class is 'FirstPersonGameMode_C'
[2016.11.01-05.55.44:838][883]LogWorld: Bringing World /Game/UEDPIE_0_RogueElementTemple.RogueElementTemple up for play (max tick rate 60) at 2016.11.01-00.55.44
[2016.11.01-05.55.44:838][883]LogActor:Warning: GameSession /Game/UEDPIE_0_RogueElementTemple.RogueElementTemple:PersistentLevel.GameSession_1 has natively added scene component(s), but none of them were set as the actor's RootComponent - picking one arbitrarily
[2016.11.01-05.55.44:838][883]LogActor:Warning: GameNetworkManager /Game/UEDPIE_0_RogueElementTemple.RogueElementTemple:PersistentLevel.GameNetworkManager_1 has natively added scene component(s), but none of them were set as the actor's RootComponent - picking one arbitrarily
[2016.11.01-05.55.44:841][883]LogWorld: Bringing up level for play took: 0.121971
[2016.11.01-05.55.44:846][883]PIE: Info Play in editor start time for /Game/UEDPIE_0_RogueElementTemple 0.781
[2016.11.01-05.55.53:701][162]LogParticles: Destroying 0 GPU particle simulations for FXSystem 0x000000E2DA485D00
[2016.11.01-05.56.19:956][492]LogTexture:Display: Building textures: T_Env_Breakables_Breakables_N (AutoDXT)
[2016.11.01-05.56.24:193][492]LogTexture:Display: Building textures: T_Env_Breakables_BreakablesSnow_M (AutoDXT)
[2016.11.01-05.56.24:483][492]LogTexture:Display: Building textures: T_Env_Breakables_Breakables_R (AutoDXT)
[2016.11.01-05.56.25:361][492]LogStaticMesh: Building static mesh SM_Env_Breakables_Boxes...
[2016.11.01-05.56.25:409][492]LogStaticMesh: Built static mesh [0.047932.2s] /Game/InfinityBladeGrassLands/Environments/Breakables/StaticMesh/Box/SM_Env_Breakables_Boxes.SM_Env_Breakables_Boxes
[2016.11.01-05.56.25:600][492]LogTexture:Display: Building textures: T_Env_Breakables_Breakables_D (AutoDXT)
[2016.11.01-05.56.28:980][492]LogMaterial: Missing cached shader map for material M_Breakables_Barrels, compiling. 
[2016.11.01-05.56.31:028][492]LogActorFactory: Actor Factory created SM_Env_Breakables_Boxes
[2016.11.01-05.56.33:915][525]LogActorFactory: Actor Factory created SM_Env_Breakables_Boxes
[2016.11.01-05.56.39:681][595]LogPlayLevel: PlayLevel: No blueprints needed recompiling
[2016.11.01-05.56.39:681][595]PIE: New page: PIE session: RogueElementTemple (Oct 31, 2016, 7:56:39 PM)
[2016.11.01-05.56.39:681][595]LogPlayLevel: Creating play world package: /Game/UEDPIE_0_RogueElementTemple
[2016.11.01-05.56.39:867][595]LogPlayLevel: PIE: StaticDuplicateObject took: (0.185221s)
[2016.11.01-05.56.39:868][595]LogAIModule: Creating AISystem for world RogueElementTemple
[2016.11.01-05.56.39:868][595]LogPlayLevel: PIE: World Init took: (0.001352s)
[2016.11.01-05.56.39:869][595]LogPlayLevel: PIE: Created PIE world by copying editor world from /Game/RogueElementTemple.RogueElementTemple to /Game/UEDPIE_0_RogueElementTemple.RogueElementTemple (0.187379s)
[2016.11.01-05.56.39:940][595]LogInit: XAudio2 using 'Speakers (Realtek High Definition Audio)' : 2 channels at 48 kHz using 32 bits per sample (channel mask 0x3)
[2016.11.01-05.56.39:961][595]LogInit: FAudioDevice initialized.
[2016.11.01-05.56.40:013][595]LogWorld: Game class is 'FirstPersonGameMode_C'
[2016.11.01-05.56.40:145][595]LogWorld: Bringing World /Game/UEDPIE_0_RogueElementTemple.RogueElementTemple up for play (max tick rate 60) at 2016.11.01-00.56.40
[2016.11.01-05.56.40:145][595]LogActor:Warning: GameSession /Game/UEDPIE_0_RogueElementTemple.RogueElementTemple:PersistentLevel.GameSession_2 has natively added scene component(s), but none of them were set as the actor's RootComponent - picking one arbitrarily
[2016.11.01-05.56.40:146][595]LogActor:Warning: GameNetworkManager /Game/UEDPIE_0_RogueElementTemple.RogueElementTemple:PersistentLevel.GameNetworkManager_2 has natively added scene component(s), but none of them were set as the actor's RootComponent - picking one arbitrarily
[2016.11.01-05.56.40:150][595]LogWorld: Bringing up level for play took: 0.136013
[2016.11.01-05.56.40:157][595]PIE: Info Play in editor start time for /Game/UEDPIE_0_RogueElementTemple 0.092
[2016.11.01-05.57.03:221][338]LogParticles: Destroying 0 GPU particle simulations for FXSystem 0x000000E2CED6ECA0
[2016.11.01-05.57.17:810][538]LogStaticMesh: Building static mesh SM_Env_Breakables_BoxesBITS...
[2016.11.01-05.57.17:959][538]LogStaticMesh: Built static mesh [0.212420.2s] /Game/InfinityBladeGrassLands/Environments/Breakables/StaticMesh/Box/SM_Env_Breakables_BoxesBITS.SM_Env_Breakables_BoxesBITS
[2016.11.01-05.57.18:305][543]LogActorFactory: Actor Factory created SM_Env_Breakables_BoxesBITS
[2016.11.01-05.57.22:436][602]LogActorFactory: Actor Factory created SM_Env_Breakables_BoxesBITS
[2016.11.01-05.57.25:376][641]LogStaticMesh: Building static mesh SM_Env_Breakables_GroupLg...
[2016.11.01-05.57.25:488][641]LogStaticMesh: Built static mesh [0.169150.2s] /Game/InfinityBladeGrassLands/Environments/Breakables/StaticMesh/Objects/SM_Env_Breakables_GroupLg.SM_Env_Breakables_GroupLg
[2016.11.01-05.57.26:270][652]LogActorFactory: Actor Factory created SM_Env_Breakables_GroupLg
[2016.11.01-05.57.28:043][677]LogActorFactory: Actor Factory created SM_Env_Breakables_GroupLg
[2016.11.01-05.57.35:169][773]LogStaticMesh: Building static mesh SM_Env_Breakables_Box1_destroyed...
[2016.11.01-05.57.35:223][773]LogStaticMesh: Built static mesh [0.054218.2s] /Game/InfinityBladeGrassLands/Environments/Breakables/StaticMesh/Box/SM_Env_Breakables_Box1_destroyed.SM_Env_Breakables_Box1_destroyed
[2016.11.01-05.57.35:927][782]LogActorFactory: Actor Factory created SM_Env_Breakables_Box1_destroyed
[2016.11.01-05.57.38:282][816]LogActorFactory: Actor Factory created SM_Env_Breakables_Box1_destroyed
[2016.11.01-05.57.40:699][848]LogStaticMesh: Building static mesh SM_Env_Breakables_Box1...
[2016.11.01-05.57.40:717][848]LogStaticMesh: Built static mesh [0.018792.2s] /Game/InfinityBladeGrassLands/Environments/Breakables/StaticMesh/Box/SM_Env_Breakables_Box1.SM_Env_Breakables_Box1
[2016.11.01-05.57.41:552][858]LogActorFactory: Actor Factory created SM_Env_Breakables_Box1
[2016.11.01-05.57.42:938][878]LogActorFactory: Actor Factory created SM_Env_Breakables_Box1
[2016.11.01-05.58.29:225][550]LogEditorViewport: Clicking on Actor (LMB): StaticMeshActor (SM_Env_Breakables_Boxes)
[2016.11.01-05.59.13:257][180]LogEditorViewport: Clicking on Actor (LMB): StaticMeshActor (SM_Env_Breakables_BoxesBITS)
[2016.11.01-06.00.33:743][427]Cmd: EDIT COPY
[2016.11.01-06.00.36:555][472]Cmd: DUPLICATE
[2016.11.01-06.00.36:555][472]Cmd: ACTOR DUPLICATE
[2016.11.01-06.01.15:101][108]LogEditorViewport: Clicking on Actor (LMB): StaticMeshActor (Barrels1)
[2016.11.01-06.01.16:745][134]Cmd: DUPLICATE
[2016.11.01-06.01.16:745][134]Cmd: ACTOR DUPLICATE
[2016.11.01-06.01.29:702][335]Cmd: MODE ROTGRID=0
[2016.11.01-06.01.48:662][621]LogEditorViewport: Clicking on Actor (LMB): StaticMeshActor (Box1)
[2016.11.01-06.01.51:549][667]Cmd: DUPLICATE
[2016.11.01-06.01.51:549][667]Cmd: ACTOR DUPLICATE
[2016.11.01-06.02.34:262][367]LogEditorViewport: Clicking on Actor (LMB): StaticMeshActor (Barrels1)
[2016.11.01-06.02.38:508][431]LogEditorViewport: Clicking on Actor (CTRL LMB): StaticMeshActor (Scrap1)
[2016.11.01-06.02.42:651][496]Cmd: DUPLICATE
[2016.11.01-06.02.42:651][496]Cmd: ACTOR DUPLICATE
[2016.11.01-06.03.16:990][990]LogEditorViewport: Clicking on Actor (LMB): StaticMeshActor (Scrap3)
[2016.11.01-06.03.28:597][156]LogEditorViewport: Clicking on Actor (LMB): StaticMeshActor (Boxes3)
[2016.11.01-06.03.36:499][267]LogEditorViewport: Clicking on Actor (LMB): StaticMeshActor (Barrels3)
[2016.11.01-06.03.41:509][338]Cmd: SELECT NONE
[2016.11.01-06.04.07:615][743]LogEditorViewport: Clicking on Actor (LMB): Sta