[2016.10.29-05.20.33:979][  0]Log file open, 10/29/16 00:20:33
[2016.10.29-05.20.33:979][  0]LogInit:Display: Running engine for game: RogueElementTemple
[2016.10.29-05.20.33:979][  0]LogPlatformFile: Not using cached read wrapper
[2016.10.29-05.20.33:979][  0]LogInit:Display: RandInit(-1363863226) SRandInit(-1363863224).
[2016.10.29-05.20.33:979][  0]LogTaskGraph: Started task graph with 4 named threads and 5 total threads.
[2016.10.29-05.20.33:979][  0]LogStats: Stats thread started at 0.098366
[2016.10.29-05.20.33:979][  0]LogInit: Version: 4.10.2-2818068+++depot+UE4-Releases+4.10
[2016.10.29-05.20.33:979][  0]LogInit: API Version: 2758231
[2016.10.29-05.20.33:979][  0]LogInit: Compiled (64-bit): Jan  6 2016 17:36:42
[2016.10.29-05.20.33:979][  0]LogInit: Compiled with Visual C++: 19.00.23026.00
[2016.10.29-05.20.33:979][  0]LogInit: Build Configuration: Development
[2016.10.29-05.20.33:979][  0]LogInit: Branch Name: ++depot+UE4-Releases+4.10
[2016.10.29-05.20.33:979][  0]LogInit: Command line:  
[2016.10.29-05.20.33:979][  0]LogInit: Base directory: C:/Program Files (x86)/Epic Games/4.10/Engine/Binaries/Win64/
[2016.10.29-05.20.33:979][  0]LogInit: Rocket: 1
[2016.10.29-05.20.34:385][  0]LogInit: Using libcurl 7.41.0
[2016.10.29-05.20.34:385][  0]LogInit:  - built for x86_64-pc-win32
[2016.10.29-05.20.34:385][  0]LogInit:  - supports SSL with WinSSL
[2016.10.29-05.20.34:385][  0]LogInit:  - other features:
[2016.10.29-05.20.34:385][  0]LogInit:      CURL_VERSION_SSL
[2016.10.29-05.20.34:385][  0]LogInit:      CURL_VERSION_IPV6
[2016.10.29-05.20.34:385][  0]LogInit:      CURL_VERSION_ASYNCHDNS
[2016.10.29-05.20.34:385][  0]LogInit:      CURL_VERSION_LARGEFILE
[2016.10.29-05.20.34:385][  0]LogInit:      CURL_VERSION_IDN
[2016.10.29-05.20.34:385][  0]LogInit:  CurlRequestOptions (configurable via config and command line):
[2016.10.29-05.20.34:385][  0]LogInit:  - bVerifyPeer = true  - Libcurl will verify peer certificate
[2016.10.29-05.20.34:385][  0]LogInit:  - bUseHttpProxy = false  - Libcurl will NOT use HTTP proxy
[2016.10.29-05.20.34:386][  0]LogInit:  - bDontReuseConnections = false  - Libcurl will reuse connections
[2016.10.29-05.20.34:386][  0]LogInit:  - CertBundlePath = nullptr  - Libcurl will use whatever was configured at build time.
[2016.10.29-05.20.34:715][  0]LogInit: Presizing for 0 objects not considered by GC, pre-allocating 0 bytes.
[2016.10.29-05.20.34:730][  0]LogInit: Object subsystem initialized
[2016.10.29-05.20.34:731][  0]LogInit: Selected Device Profile: [Windows]
[2016.10.29-05.20.34:731][  0]LogInit: Applying CVar settings loaded from the selected device profile: [Windows]
[2016.10.29-05.20.34:840][  0]LogInit: Computer: JARVIS
[2016.10.29-05.20.34:841][  0]LogInit: User: APCT1000
[2016.10.29-05.20.34:841][  0]LogInit: CPU Page size=4096, Cores=2
[2016.10.29-05.20.34:841][  0]LogInit: High frequency timer resolution =1.656319 MHz
[2016.10.29-05.20.34:841][  0]LogMemory: Memory total: Physical=5.9GB (6GB approx)
[2016.10.29-05.20.34:841][  0]LogMemory: Platform Memory Stats for Windows
[2016.10.29-05.20.34:841][  0]LogMemory: Process Physical Memory: 54.10 MB used, 54.10 MB peak
[2016.10.29-05.20.34:841][  0]LogMemory: Process Virtual Memory: 57.29 MB used, 57.29 MB peak
[2016.10.29-05.20.34:841][  0]LogMemory: Physical Memory: 3095.74 MB used, 6045.10 MB total
[2016.10.29-05.20.34:841][  0]LogMemory: Virtual Memory: 364.30 MB used, 134217728.00 MB total
[2016.10.29-05.20.36:676][  0]LogTextLocalizationManager: No specific translations for ('en-US') exist, so ('en') translations will be used.
[2016.10.29-05.20.38:978][  0]LogD3D11RHI: Found D3D11 adapter 0: Intel(R) HD Graphics Family (Feature Level 11_0)
[2016.10.29-05.20.38:978][  0]LogD3D11RHI: Adapter has 128MB of dedicated video memory, 0MB of dedicated system memory, and 1792MB of shared system memory, 1 output[s]
[2016.10.29-05.20.39:108][  0]LogD3D11RHI: Found D3D11 adapter 1: Microsoft Basic Render Driver (Feature Level 11_0)
[2016.10.29-05.20.39:108][  0]LogD3D11RHI: Adapter has 0MB of dedicated video memory, 0MB of dedicated system memory, and 256MB of shared system memory, 0 output[s]
[2016.10.29-05.20.39:108][  0]LogD3D11RHI: Chosen D3D11 Adapter Id = 0
[2016.10.29-05.20.39:319][  0]LogD3D11RHI: !Direct3DDevice
[2016.10.29-05.20.39:319][  0]LogRHI: Texture pool is 716 MB (70% of 1024 MB)
[2016.10.29-05.20.39:665][  0]LogD3D11RHI: Async texture creation enabled
[2016.10.29-05.20.39:837][  0]LogShaderCompilers: Guid format shader working directory is -29 characters bigger than the processId version (../../../../../../Users/APCT1_000/Documents/Unreal Projects/RogueElementTemple/Intermediate/Shaders/WorkingDirectory/8836/).
[2016.10.29-05.20.39:838][  0]LogShaderCompilers: Cleaned the shader compiler working directory 'C:/Users/APCT1_~1/AppData/Local/Temp/UnrealShaderWorkingDir/18124D4E4084B97D6E7D21B782F4F721/'.
[2016.10.29-05.20.39:839][  0]LogShaderCompilers:Display: Using Local Shader Compiler.
[2016.10.29-05.20.58:821][  0]LogTemp:Display: Loaded TP AllDesktopTargetPlatform
[2016.10.29-05.20.58:890][  0]LogTemp:Display: Loaded TP WindowsClientTargetPlatform
[2016.10.29-05.20.58:957][  0]LogTemp:Display: Loaded TP WindowsNoEditorTargetPlatform
[2016.10.29-05.20.59:023][  0]LogTemp:Display: Loaded TP WindowsServerTargetPlatform
[2016.10.29-05.20.59:084][  0]LogTemp:Display: Loaded TP WindowsTargetPlatform
[2016.10.29-05.20.59:129][  0]LogTemp:Display: Loaded TP AndroidTargetPlatform
[2016.10.29-05.20.59:167][  0]LogTemp:Display: Loaded TP Android_ASTCTargetPlatform
[2016.10.29-05.20.59:187][  0]LogTemp:Display: Loaded TP Android_ATCTargetPlatform
[2016.10.29-05.20.59:265][  0]LogTemp:Display: Loaded TP Android_DXTTargetPlatform
[2016.10.29-05.20.59:390][  0]LogTemp:Display: Loaded TP Android_ETC1TargetPlatform
[2016.10.29-05.20.59:479][  0]LogTemp:Display: Loaded TP Android_ETC2TargetPlatform
[2016.10.29-05.20.59:740][  0]LogTemp:Display: Loaded TP Android_MultiTargetPlatform
[2016.10.29-05.20.59:740][  0]LogTemp:Display: Loaded TP Android_PVRTCTargetPlatform
[2016.10.29-05.20.59:779][  0]LogTemp:Display: Loaded TP HTML5TargetPlatform
[2016.10.29-05.21.00:019][  0]LogTemp:Display: Loaded TP IOSTargetPlatform
[2016.10.29-05.21.00:103][  0]LogTemp:Display: Loaded TP LinuxNoEditorTargetPlatform
[2016.10.29-05.21.00:173][  0]LogTemp:Display: Loaded TP LinuxServerTargetPlatform
[2016.10.29-05.21.00:229][  0]LogTemp:Display: Loaded TP LinuxTargetPlatform
[2016.10.29-05.21.00:229][  0]LogTargetPlatformManager:Display: Building Assets For Windows
[2016.10.29-05.21.02:658][  0]LogDerivedDataCache:Display: Max Cache Size: 512 MB
[2016.10.29-05.21.08:730][  0]LogDerivedDataCache: Loaded boot cache 6.03s 41MB C:/Users/APCT1_000/AppData/Local/UnrealEngine/4.10/DerivedDataCache/Boot.ddc.
[2016.10.29-05.21.08:730][  0]LogDerivedDataCache:Display: Loaded Boot cache: C:/Users/APCT1_000/AppData/Local/UnrealEngine/4.10/DerivedDataCache/Boot.ddc
[2016.10.29-05.21.08:755][  0]LogDerivedDataCache: FDerivedDataBackendGraph:  Pak pak cache file ../../../../../../Users/APCT1_000/Documents/Unreal Projects/RogueElementTemple/DerivedDataCache/DDC.ddp not found, will not use a pak cache.
[2016.10.29-05.21.08:756][  0]LogDerivedDataCache: Unable to find inner node Pak for hierarchical cache Hierarchy.
[2016.10.29-05.21.08:756][  0]LogDerivedDataCache: FDerivedDataBackendGraph:  CompressedPak pak cache file ../../../../../../Users/APCT1_000/Documents/Unreal Projects/RogueElementTemple/DerivedDataCache/Compressed.ddp not found, will not use a pak cache.
[2016.10.29-05.21.08:756][  0]LogDerivedDataCache: Unable to find inner node CompressedPak for hierarchical cache Hierarchy.
[2016.10.29-05.21.09:468][  0]LogDerivedDataCache:Display: Pak cache opened for reading ../../../Engine/DerivedDataCache/Compressed.ddp.
[2016.10.29-05.21.09:498][  0]LogDerivedDataCache: Using Local data cache path C:/Users/APCT1_000/AppData/Local/UnrealEngine/Common/DerivedDataCache: Writable
[2016.10.29-05.21.26:959][  0]LogInit: Selected Device Profile: [Windows]
[2016.10.29-05.21.27:008][  0]LogContentStreaming: Texture pool size is 0.000000MB
[2016.10.29-05.21.28:690][  0]LogMeshUtilities: No automatic mesh reduction module available
[2016.10.29-05.21.28:690][  0]LogMeshUtilities: No automatic mesh merging module available
[2016.10.29-05.21.33:864][  0]LogInit: WinSock: version 1.1 (2.2), MaxSocks=32767, MaxUdp=65467
[2016.10.29-05.22.13:454][  0]UdpMessaging: Initializing bridge on interface 0.0.0.0:0 to multicast group 230.0.0.1:6666.
[2016.10.29-05.22.14:764][  0]LogAssetRegistry: FAssetRegistry took 0.0133 seconds to start up
[2016.10.29-05.22.19:104][  0]SourceControl: Info Source control is disabled
[2016.10.29-05.22.19:130][  0]SourceControl: Info Source control is disabled
[2016.10.29-05.22.19:382][  0]SourceControl: Info Source control is disabled
[2016.10.29-05.22.19:536][  0]SourceControl: Info Source control is disabled
[2016.10.29-05.22.24:293][  0]LogObj: 28633 objects as part of root set at end of initial load.
[2016.10.29-05.22.24:293][  0]LogUObjectAllocator: 6099744 out of 0 bytes used by permanent object pool.
[2016.10.29-05.22.25:503][  0]LogEngine: Initializing Engine...
[2016.10.29-05.22.25:532][  0]LogHMD: Can't find Oculus library dev build: is proper Runtime installed? Version: 0.8.0.0
[2016.10.29-05.22.25:664][  0]LogHMD: SteamVR failed to initialize.  Err: 110
[2016.10.29-05.22.26:706][  0]LogAIModule: Creating AISystem for world NewWorld
[2016.10.29-05.22.26:880][  0]LogInit: XAudio2 using 'Speakers (Realtek High Definition Audio)' : 2 channels at 48 kHz using 32 bits per sample (channel mask 0x3)
[2016.10.29-05.22.28:163][  0]LogInit: FAudioDevice initialized.
[2016.10.29-05.22.28:227][  0]LogDerivedDataCache: Saved boot cache 0.06s 41MB C:/Users/APCT1_000/AppData/Local/UnrealEngine/4.10/DerivedDataCache/Boot.ddc.
[2016.10.29-05.22.28:239][  0]LogInit: Texture streaming: Enabled
[2016.10.29-05.22.28:357][  0]LogAnalytics: Creating configured Analytics provider AnalyticsET
[2016.10.29-05.22.28:357][  0]LogAnalytics: [UEEditor.Rocket.Release] APIServer = http://et2.epicgames.com/ET2/. AppVersion = 4.10.2-2818068+++depot+UE4-Releases+4.10
[2016.10.29-05.22.28:357][  0]LogAnalytics: [UEEditor.Rocket.Release] SetUserId a7be9ccd4953bc1fe15c0da22ce2d979|a89c628686e241409358cf1cfd870a0b|6b331781-92f5-44f4-a153-a924a427f7f8
[2016.10.29-05.22.28:357][  0]LogAnalytics: [UEEditor.Rocket.Release] AnalyticsET::StartSession
[2016.10.29-05.22.28:526][  0]LogInit: Transaction tracking system initialized
[2016.10.29-05.22.29:793][  0]BlueprintLog: New page: Editor Load
[2016.10.29-05.22.32:723][  0]LocalizationService: Info Localization service is disabled
[2016.10.29-05.22.34:841][  0]LogConsoleResponse:Display: 
[2016.10.29-05.22.38:677][  0]LogFileCache: Scanning file cache for directory 'C:/Users/APCT1_000/Documents/Unreal Projects/RogueElementTemple/Content/' took 0.08s
[2016.10.29-05.22.38:677][  0]LogCook:Display: Done creating registry. It took  0.00s.
[2016.10.29-05.22.40:736][  0]SourceControl: Info Source control is disabled
[2016.10.29-05.22.40:844][  0]Cmd: MAP LOAD FILE="../../../../../../Users/APCT1_000/Documents/Unreal Projects/RogueElementTemple/Content/FirstPersonBP/Maps/FirstPersonExampleMap.umap" TEMPLATE=0 SHOWPROGRESS=1 FEATURELEVEL=3
[2016.10.29-05.22.40:945][  0]LightingResults: New page: Lighting Build
[2016.10.29-05.22.41:070][  0]MapCheck: New page: Map Check
[2016.10.29-05.22.41:070][  0]LightingResults: New page: Lighting Build
[2016.10.29-05.22.41:137][  0]LogParticles: Destroying 0 GPU particle simulations for FXSystem 0x000000CB85913B00
[2016.10.29-05.22.47:767][  0]LogLinker:Warning: Asset '../../../../../../Users/APCT1_000/Documents/Unreal Projects/RogueElementTemple/Content/FirstPerson/Meshes/FirstPersonProjectileMesh.uasset' has been saved with empty engine version. The asset will be loaded but may be incompatible.
[2016.10.29-05.22.56:852][  0]LogAIModule: Creating AISystem for world FirstPersonExampleMap
[2016.10.29-05.22.57:123][  0]LogEditorServer: Finished looking for orphan Actors (0.012 secs)
[2016.10.29-05.22.57:141][  0]Cmd: MAP CHECKDEP NOCLEARLOG
[2016.10.29-05.22.57:514][  0]MapCheck: Info Map check complete: 0 Error(s), 0 Warning(s), took 373.416ms to complete.
[2016.10.29-05.22.57:617][  0]LogFileHelpers: Loading map 'FirstPersonExampleMap' took 16.772
[2016.10.29-05.22.59:930][  0]LogCollectionManager: Loaded 0 collections in 0.006105 seconds
[2016.10.29-05.23.00:160][  0]LogFileCache: Scanning file cache for directory 'C:/Users/APCT1_000/Documents/Unreal Projects/RogueElementTemple/Saved/Collections/' took 0.01s
[2016.10.29-05.23.00:160][  0]LogFileCache: Scanning file cache for directory 'C:/Users/APCT1_000/Documents/Unreal Projects/RogueElementTemple/Content/Developers/APCT1000/Collections/' took 0.01s
[2016.10.29-05.23.00:160][  0]LogFileCache: Scanning file cache for directory 'C:/Users/APCT1_000/Documents/Unreal Projects/RogueElementTemple/Content/Collections/' took 0.01s
[2016.10.29-05.23.00:160][  0]LogCollectionManager: Rebuilt the GUID cache for 0 collections in 0.000629 seconds
[2016.10.29-05.23.00:211][  0]LogContentBrowser: Native class hierarchy populated in 0.0359 seconds. Added 1893 classes and 338 folders.
[2016.10.29-05.23.00:685][  0]LogContentBrowser: Native class hierarchy updated for 'WidgetCarousel' in 0.0008 seconds. Added 0 classes and 0 folders.
[2016.10.29-05.23.04:011][  0]LogContentBrowser: Native class hierarchy updated for 'AddContentDialog' in 0.0010 seconds. Added 0 classes and 0 folders.
[2016.10.29-05.23.04:085][  0]LogContentBrowser: Native class hierarchy updated for 'SceneOutliner' in 0.0008 seconds. Added 1 classes and 2 folders.
[2016.10.29-05.23.05:069][  0]LogCrashTracker: Crashtracker disabled due to settings.
[2016.10.29-05.23.06:160][  0]LogUObjectGlobals:Warning: Failed to find object 'Class None.'
[2016.10.29-05.23.06:276][  0]LogLoad: Full Startup: 156.80 seconds (BP compile: 4.43 seconds)
[2016.10.29-05.23.06:350][  0]LogOcInput: Can't find Oculus library dev build: is proper Runtime installed? Version: 0.8.0.0
[2016.10.29-05.23.07:396][  0]LogContentStreaming: Texture pool size now 200 MB
[2016.10.29-05.23.08:075][  0]LogRenderer: Reallocating scene render targets to support 768x384 (Frame:2).
[2016.10.29-05.23.11:741][ 11]LogAssetRegistry: Asset discovery search completed in 56.9892 seconds
[2016.10.29-05.23.11:756][ 11]LogCollectionManager: Rebuilt the object cache for 0 collections in 0.000002 seconds (found 0 objects)
[2016.10.29-05.23.11:760][ 11]LogCollectionManager: Fixed up redirectors for 0 collections in 0.018613 seconds (updated 0 objects)
[2016.10.29-05.23.40:555][ 94]LogAIModule: Creating AISystem for world RogueElementTemple
[2016.10.29-05.23.40:592][ 94]LogMaterial:Warning: Material /Game/InfinityBladeGrassLands/Environments/Plains/Env_Plains_Floors/Materials/M_Plains_FloorTrims.M_Plains_FloorTrims needed to have new flag set bUsedWithInstancedStaticMeshes !
[2016.10.29-05.23.40:773][ 94]LogMaterial: Missing cached shader map for material M_Plains_FloorTrims, compiling. 
[2016.10.29-05.23.40:881][ 94]MapCheck:Warning: Warning M_Plains_FloorTrims Material /Game/InfinityBladeGrassLands/Environments/Plains/Env_Plains_Floors/Materials/M_Plains_FloorTrims.M_Plains_FloorTrims was missing the usage flag bUsedWithInstancedStaticMeshes. If the material asset is not re-saved, it may not render correctly when run outside the editor. Fix
[2016.10.29-05.23.40:978][ 94]LogMaterial: 0.000182 seconds spent updating 1 materials, 1 interfaces, 0 instances, 0 with static permutations.
[2016.10.29-05.23.40:983][ 94]LogParticles:Warning: InitializeSystem called on an unregistered component. Template=/Game/StarterContent/Particles/P_Fire.P_Fire Component=/Game/RogueElementTemple.RogueElementTemple:PersistentLevel.Fire1.ParticleSystemComponent0
[2016.10.29-05.23.40:984][ 94]LogParticles:Warning: InitializeSystem called on an unregistered component. Template=/Game/StarterContent/Particles/P_Fire.P_Fire Component=/Game/RogueElementTemple.RogueElementTemple:PersistentLevel.Fire2.ParticleSystemComponent0
[2016.10.29-05.23.40:985][ 94]LogParticles:Warning: InitializeSystem called on an unregistered component. Template=/Game/StarterContent/Particles/P_Fire.P_Fire Component=/Game/RogueElementTemple.RogueElementTemple:PersistentLevel.Fire3.ParticleSystemComponent0
[2016.10.29-05.23.40:986][ 94]LogParticles:Warning: InitializeSystem called on an unregistered component. Template=/Game/StarterContent/Particles/P_Fire.P_Fire Component=/Game/RogueElementTemple.RogueElementTemple:PersistentLevel.Fire4.ParticleSystemComponent0
[2016.10.29-05.23.40:986][ 94]LogParticles:Warning: InitializeSystem called on an unregistered component. Template=/Game/StarterContent/Particles/P_Fire.P_Fire Component=/Game/RogueElementTemple.RogueElementTemple:PersistentLevel.Fire6.ParticleSystemComponent0
[2016.10.29-05.23.40:987][ 94]LogParticles:Warning: InitializeSystem called on an unregistered component. Template=/Game/StarterContent/Particles/P_Fire.P_Fire Component=/Game/RogueElementTemple.RogueElementTemple:PersistentLevel.Fire7.ParticleSystemComponent0
[2016.10.29-05.23.40:987][ 94]LogParticles:Warning: InitializeSystem called on an unregistered component. Template=/Game/StarterContent/Particles/P_Fire.P_Fire Component=/Game/RogueElementTemple.RogueElementTemple:PersistentLevel.Fire8.ParticleSystemComponent0
[2016.10.29-05.23.40:988][ 94]LogParticles:Warning: InitializeSystem called on an unregistered component. Template=/Game/StarterContent/Particles/P_Fire.P_Fire Component=/Game/RogueElementTemple.RogueElementTemple:PersistentLevel.Fire9.ParticleSystemComponent0
[2016.10.29-05.23.40:988][ 94]LogParticles:Warning: InitializeSystem called on an unregistered component. Template=/Game/StarterContent/Particles/P_Fire.P_Fire Component=/Game/RogueElementTemple.RogueElementTemple:PersistentLevel.Fire10.ParticleSystemComponent0
[2016.10.29-05.23.40:989][ 94]LogParticles:Warning: InitializeSystem called on an unregistered component. Template=/Game/StarterContent/Particles/P_Fire.P_Fire Component=/Game/RogueElementTemple.RogueElementTemple:PersistentLevel.Fire11.ParticleSystemComponent0
[2016.10.29-05.23.40:989][ 94]LogParticles:Warning: InitializeSystem called on an unregistered component. Template=/Game/StarterContent/Particles/P_Fire.P_Fire Component=/Game/RogueElementTemple.RogueElementTemple:PersistentLevel.Fire12.ParticleSystemComponent0
[2016.10.29-05.23.40:990][ 94]LogParticles:Warning: InitializeSystem called on an unregistered component. Template=/Game/StarterContent/Particles/P_Fire.P_Fire Component=/Game/RogueElementTemple.RogueElementTemple:PersistentLevel.Fire13.ParticleSystemComponent0
[2016.10.29-05.23.40:990][ 94]LogParticles:Warning: InitializeSystem called on an unregistered component. Template=/Game/StarterContent/Particles/P_Fire.P_Fire Component=/Game/RogueElementTemple.RogueElementTemple:PersistentLevel.Fire14.ParticleSystemComponent0
[2016.10.29-05.23.40:991][ 94]LogParticles:Warning: InitializeSystem called on an unregistered component. Template=/Game/StarterContent/Particles/P_Fire.P_Fire Component=/Game/RogueElementTemple.RogueElementTemple:PersistentLevel.Fire15.ParticleSystemComponent0
[2016.10.29-05.23.40:991][ 94]LogParticles:Warning: InitializeSystem called on an unregistered component. Template=/Game/StarterContent/Particles/P_Fire.P_Fire Component=/Game/RogueElementTemple.RogueElementTemple:PersistentLevel.Fire16.ParticleSystemComponent0
[2016.10.29-05.23.40:992][ 94]LogParticles:Warning: InitializeSystem called on an unregistered component. Template=/Game/StarterContent/Particles/P_Fire.P_Fire Component=/Game/RogueElementTemple.RogueElementTemple:PersistentLevel.Fire17.ParticleSystemComponent0
[2016.10.29-05.23.40:992][ 94]LogParticles:Warning: InitializeSystem called on an unregistered component. Template=/Game/StarterContent/Particles/P_Fire.P_Fire Component=/Game/RogueElementTemple.RogueElementTemple:PersistentLevel.Fire18.ParticleSystemComponent0
[2016.10.29-05.23.40:993][ 94]LogParticles:Warning: InitializeSystem called on an unregistered component. Template=/Game/StarterContent/Particles/P_Fire.P_Fire Component=/Game/RogueElementTemple.RogueElementTemple:PersistentLevel.Fire19.ParticleSystemComponent0
[2016.10.29-05.23.40:993][ 94]LogParticles:Warning: InitializeSystem called on an unregistered component. Template=/Game/StarterContent/Particles/P_Fire.P_Fire Component=/Game/RogueElementTemple.RogueElementTemple:PersistentLevel.Fire20.ParticleSystemComponent0
[2016.10.29-05.23.40:994][ 94]LogParticles:Warning: InitializeSystem called on an unregistered component. Template=/Game/StarterContent/Particles/P_Fire.P_Fire Component=/Game/RogueElementTemple.RogueElementTemple:PersistentLevel.Fire21.ParticleSystemComponent0
[2016.10.29-05.23.40:994][ 94]LogParticles:Warning: InitializeSystem called on an unregistered component. Template=/Game/StarterContent/Particles/P_Fire.P_Fire Component=/Game/RogueElementTemple.RogueElementTemple:PersistentLevel.Fire22.ParticleSystemComponent0
[2016.10.29-05.23.40:995][ 94]LogParticles:Warning: InitializeSystem called on an unregistered component. Template=/Game/StarterContent/Particles/P_Fire.P_Fire Component=/Game/RogueElementTemple.RogueElementTemple:PersistentLevel.Fire23.ParticleSystemComponent0
[2016.10.29-05.23.40:995][ 94]LogParticles:Warning: InitializeSystem called on an unregistered component. Template=/Game/StarterContent/Particles/P_Fire.P_Fire Component=/Game/RogueElementTemple.RogueElementTemple:PersistentLevel.Fire24.ParticleSystemComponent0
[2016.10.29-05.23.40:996][ 94]LogParticles:Warning: InitializeSystem called on an unregistered component. Template=/Game/StarterContent/Particles/P_Fire.P_Fire Component=/Game/RogueElementTemple.RogueElementTemple:PersistentLevel.Fire25.ParticleSystemComponent0
[2016.10.29-05.23.40:996][ 94]LogParticles:Warning: InitializeSystem called on an unregistered component. Template=/Game/StarterContent/Particles/P_Fire.P_Fire Component=/Game/RogueElementTemple.RogueElementTemple:PersistentLevel.Fire26.ParticleSystemComponent0
[2016.10.29-05.23.40:997][ 94]LogParticles:Warning: InitializeSystem called on an unregistered component. Template=/Game/StarterContent/Particles/P_Fire.P_Fire Component=/Game/RogueElementTemple.RogueElementTemple:PersistentLevel.Fire27.ParticleSystemComponent0
[2016.10.29-05.23.40:997][ 94]LogParticles:Warning: InitializeSystem called on an unregistered component. Template=/Game/StarterContent/Particles/P_Fire.P_Fire Component=/Game/RogueElementTemple.RogueElementTemple:PersistentLevel.Fire28.ParticleSystemComponent0
[2016.10.29-05.23.41:016][ 94]LogParticles:Warning: InitializeSystem called on an unregistered component. Template=/Game/StarterContent/Particles/P_Fire.P_Fire Component=/Game/RogueElementTemple.RogueElementTemple:PersistentLevel.Fire29.ParticleSystemComponent0
[2016.10.29-05.23.41:021][ 94]LogParticles:Warning: InitializeSystem called on an unregistered component. Template=/Game/StarterContent/Particles/P_Fire.P_Fire Component=/Game/RogueElementTemple.RogueElementTemple:PersistentLevel.Fire30.ParticleSystemComponent0
[2016.10.29-05.23.41:022][ 94]LogParticles:Warning: InitializeSystem called on an unregistered component. Template=/Game/StarterContent/Particles/P_Fire.P_Fire Component=/Game/RogueElementTemple.RogueElementTemple:PersistentLevel.Fire31.ParticleSystemComponent0
[2016.10.29-05.23.41:022][ 94]LogParticles:Warning: InitializeSystem called on an unregistered component. Template=/Game/StarterContent/Particles/P_Fire.P_Fire Component=/Game/RogueElementTemple.RogueElementTemple:PersistentLevel.Fire32.ParticleSystemComponent0
[2016.10.29-05.23.41:023][ 94]LogParticles:Warning: InitializeSystem called on an unregistered component. Template=/Game/StarterContent/Particles/P_Fire.P_Fire Component=/Game/RogueElementTemple.RogueElementTemple:PersistentLevel.Fire33.ParticleSystemComponent0
[2016.10.29-05.23.41:023][ 94]LogParticles:Warning: InitializeSystem called on an unregistered component. Template=/Game/StarterContent/Particles/P_Fire.P_Fire Component=/Game/RogueElementTemple.RogueElementTemple:PersistentLevel.Fire34.ParticleSystemComponent0
[2016.10.29-05.23.41:026][ 94]LogParticles:Warning: InitializeSystem called on an unregistered component. Template=/Game/StarterContent/Particles/P_Fire.P_Fire Component=/Game/RogueElementTemple.RogueElementTemple:PersistentLevel.Fire35.ParticleSystemComponent0
[2016.10.29-05.23.41:027][ 94]LogParticles:Warning: InitializeSystem called on an unregistered component. Template=/Game/StarterContent/Particles/P_Fire.P_Fire Component=/Game/RogueElementTemple.RogueElementTemple:PersistentLevel.Fire36.ParticleSystemComponent0
[2016.10.29-05.23.41:028][ 94]LogParticles:Warning: InitializeSystem called on an unregistered component. Template=/Game/StarterContent/Particles/P_Fire.P_Fire Component=/Game/RogueElementTemple.RogueElementTemple:PersistentLevel.Fire37.ParticleSystemComponent0
[2016.10.29-05.23.41:028][ 94]LogParticles:Warning: InitializeSystem called on an unregistered component. Template=/Game/StarterContent/Particles/P_Fire.P_Fire Component=/Game/RogueElementTemple.RogueElementTemple:PersistentLevel.Fire38.ParticleSystemComponent0
[2016.10.29-05.23.41:029][ 94]LogParticles:Warning: InitializeSystem called on an unregistered component. Template=/Game/StarterContent/Particles/P_Fire.P_Fire Component=/Game/RogueElementTemple.RogueElementTemple:PersistentLevel.Fire39.ParticleSystemComponent0
[2016.10.29-05.23.41:029][ 94]LogParticles:Warning: InitializeSystem called on an unregistered component. Template=/Game/StarterContent/Particles/P_Fire.P_Fire Component=/Game/RogueElementTemple.RogueElementTemple:PersistentLevel.Fire40.ParticleSystemComponent0
[2016.10.29-05.23.41:030][ 94]LogParticles:Warning: InitializeSystem called on an unregistered component. Template=/Game/StarterContent/Particles/P_Fire.P_Fire Component=/Game/RogueElementTemple.RogueElementTemple:PersistentLevel.Fire41.ParticleSystemComponent0
[2016.10.29-05.23.41:030][ 94]LogParticles:Warning: InitializeSystem called on an unregistered component. Template=/Game/StarterContent/Particles/P_Fire.P_Fire Component=/Game/RogueElementTemple.RogueElementTemple:PersistentLevel.Fire42.ParticleSystemComponent0
[2016.10.29-05.23.41:031][ 94]LogParticles:Warning: InitializeSystem called on an unregistered component. Template=/Game/StarterContent/Particles/P_Fire.P_Fire Component=/Game/RogueElementTemple.RogueElementTemple:PersistentLevel.Fire43.ParticleSystemComponent0
[2016.10.29-05.23.41:031][ 94]LogParticles:Warning: InitializeSystem called on an unregistered component. Template=/Game/StarterContent/Particles/P_Fire.P_Fire Component=/Game/RogueElementTemple.RogueElementTemple:PersistentLevel.Fire44.ParticleSystemComponent0
[2016.10.29-05.23.41:032][ 94]LogParticles:Warning: InitializeSystem called on an unregistered component. Template=/Game/StarterContent/Particles/P_Fire.P_Fire Component=/Game/RogueElementTemple.RogueElementTemple:PersistentLevel.Fire45.ParticleSystemComponent0
[2016.10.29-05.23.41:032][ 94]LogParticles:Warning: InitializeSystem called on an unregistered component. Template=/Game/StarterContent/Particles/P_Fire.P_Fire Component=/Game/RogueElementTemple.RogueElementTemple:PersistentLevel.Fire46.ParticleSystemComponent0
[2016.10.29-05.23.41:033][ 94]LogParticles:Warning: InitializeSystem called on an unregistered component. Template=/Game/StarterContent/Particles/P_Fire.P_Fire Component=/Game/RogueElementTemple.RogueElementTemple:PersistentLevel.Fire47.ParticleSystemComponent0
[2016.10.29-05.23.41:038][ 94]LogParticles:Warning: InitializeSystem called on an unregistered component. Template=/Game/StarterContent/Particles/P_Fire.P_Fire Component=/Game/RogueElementTemple.RogueElementTemple:PersistentLevel.Fire48.ParticleSystemComponent0
[2016.10.29-05.23.41:456][ 94]Cmd: MAP LOAD FILE="../../../../../../Users/APCT1_000/Documents/Unreal Projects/RogueElementTemple/Content/RogueElementTemple.umap" TEMPLATE=0 SHOWPROGRESS=1 FEATURELEVEL=3
[2016.10.29-05.23.41:458][ 94]LightingResults: New page: Lighting Build
[2016.10.29-05.23.41:601][ 94]LoadErrors: New page: Loading map: RogueElementTemple.umap
[2016.10.29-05.23.41:660][ 94]MapCheck: New page: Map Check
[2016.10.29-05.23.41:670][ 94]LightingResults: New page: Lighting Build
[2016.10.29-05.23.41:743][ 94]LogParticles: Destroying 0 GPU particle simulations for FXSystem 0x000000CBF77A4900
[2016.10.29-05.23.41:766][ 94]LogPackageName:Error: DoesPackageExist: DoesPackageExist FAILED: 'None' is not a standard unreal filename or a long path name. Reason: Path should start with a '/'
[2016.10.29-05.23.41:766][ 94]LogPackageName:Error: DoesPackageExist: DoesPackageExist FAILED: 'None' is not a standard unreal filename or a long path name. Reason: Path should start with a '/'
[2016.10.29-05.23.41:767][ 94]LogPackageName:Error: DoesPackageExist: DoesPackageExist FAILED: 'None' is not a standard unreal filename or a long path name. Reason: Path should start with a '/'
[2016.10.29-05.23.41:767][ 94]LogPackageName:Error: DoesPackageExist: DoesPackageExist FAILED: 'None' is not a standard unreal filename or a long path name. Reason: Path should start with a '/'
[2016.10.29-05.23.41:767][ 94]LogPackageName:Error: DoesPackageExist: DoesPackageExist FAILED: 'None' is not a standard unreal filename or a long path name. Reason: Path should start with a '/'
[2016.10.29-05.23.41:767][ 94]LogPackageName:Error: DoesPackageExist: DoesPackageExist FAILED: 'None' is not a standard unreal filename or a long path name. Reason: Path should start with a '/'
[2016.10.29-05.23.41:767][ 94]LogPackageName:Error: DoesPackageExist: DoesPackageExist FAILED: 'None' is not a standard unreal filename or a long path name. Reason: Path should start with a '/'
[2016.10.29-05.23.41:767][ 94]LogPackageName:Error: DoesPackageExist: DoesPackageExist FAILED: 'None' is not a standard unreal filename or a long path name. Reason: Path should start with a '/'
[2016.10.29-05.23.41:767][ 94]LogPackageName:Error: DoesPackageExist: DoesPackageExist FAILED: 'None' is not a standard unreal filename or a long path name. Reason: Path should start with a '/'
[2016.10.29-05.23.41:767][ 94]LogPackageName:Error: DoesPackageExist: DoesPackageExist FAILED: 'None' is not a standard unreal filename or a long path name. Reason: Path should start with a '/'
[2016.10.29-05.23.41:767][ 94]LogPackageName:Error: DoesPackageExist: DoesPackageExist FAILED: 'None' is not a standard unreal filename or a long path name. Reason: Path should start with a '/'
[2016.10.29-05.23.41:767][ 94]LogPackageName:Error: DoesPackageExist: DoesPackageExist FAILED: 'None' is not a standard unreal filename or a long path name. Reason: Path should start with a '/'
[2016.10.29-05.23.41:767][ 94]LogPackageName:Error: DoesPackageExist: DoesPackageExist FAILED: 'None' is not a standard unreal filename or a long path name. Reason: Path should start with a '/'
[2016.10.29-05.23.41:767][ 94]LogPackageName:Error: DoesPackageExist: DoesPackageExist FAILED: 'None' is not a standard unreal filename or a long path name. Reason: Path should start with a '/'
[2016.10.29-05.23.41:947][ 94]LogEditorServer: Finished looking for orphan Actors (0.000 secs)
[2016.10.29-05.23.42:058][ 94]Cmd: MAP CHECKDEP NOCLEARLOG
[2016.10.29-05.23.42:623][ 94]MapCheck: Info Map check complete: 0 Error(s), 0 Warning(s), took 563.576ms to complete.
[2016.10.29-05.23.42:624][ 94]LogFileHelpers: Loading map 'RogueElementTemple' took 1.251
[2016.10.29-05.24.26:213][785]LogMaterial: Missing cached shader map for material M_Trans_Sprite_SubUV_Master_DepthFade, compiling. 
[2016.10.29-05.24.26:348][785]LogTexture:Display: Building textures: T_Smoke_subUV_01 (AutoDXT)
[2016.10.29-05.24.29:459][785]LogTexture:Display: Building textures: ThumbnailTexture (DXT1)
[2016.10.29-05.24.56:232][ 42]Cmd: SELECT NONE
[2016.10.29-05.25.51:375][737]LogLinker:Warning: Asset '../../../Engine/Content/ArtTools/RenderToTexture/Macros/RenderToTextureMacros.uasset' has been saved with empty engine version. The asset will be loaded but may be incompatible.
[2016.10.29-05.25.56:808][737]LogContentBrowser: Native class hierarchy updated for 'BlueprintGraph' in 0.0961 seconds. Added 107 classes and 0 folders.
[2016.10.29-05.28.02:960][787]LogActorComponent: UnregisterComponent: (/Engine/Transient.ProjectileMovementComponent_40__A6522401) Not registered. Aborting.
[2016.10.29-05.28.02:960][787]LogActorComponent: UnregisterComponent: (/Engine/Transient.CharMoveComp) Not registered. Aborting.
[2016.10.29-05.28.03:192][787]LogParticles: Destroying 0 GPU particle simulations for FXSystem 0x000000CB9811F880
[2016.10.29-05.28.14:791][787]LogSavePackage: Save=9446.648438ms
[2016.10.29-05.28.14:792][787]LogSavePackage: Moving '../../../../../../Users/APCT1_000/Documents/Unreal Projects/RogueElementTemple/Saved/RogueElementTemple839D47394E7CC6BCDFAB9EB6FA695C83.tmp' to '../../../../../../Users/APCT1_000/Documents/Unreal Projects/RogueElementTemple/Content/RogueElementTemple.umap'
[2016.10.29-05.28.14:861][787]LogSavePackage: Total save time: 10768.185355ms
[2016.10.29-05.28.14:861][787]LogSavePackage:Display: Finished SavePackage ../../../../../../Users/APCT1_000/Documents/Unreal Projects/RogueElementTemple/Content/RogueElementTemple.umap
[2016.10.29-05.28.15:098][787]LogFileHelpers: Saving map 'RogueElementTemple' took 11.752
[2016.10.29-05.28.29:652][163]LogRenderer: Reallocating scene render targets to support 808x384 (Frame:2695).
[2016.10.29-05.28.37:309][253]LogPlayLevel: PlayLevel: No blueprints needed recompiling
[2016.10.29-05.28.37:425][253]PIE: New page: PIE session: RogueElementTemple (Oct 28, 2016, 7:28:37 PM)
[2016.10.29-05.28.37:449][253]LogPlayLevel: Creating play world package: /Game/UEDPIE_0_RogueElementTemple
[2016.10.29-05.28.39:046][253]LogPlayLevel: PIE: StaticDuplicateObject took: (1.595816s)
[2016.10.29-05.28.39:047][253]LogAIModule: Creating AISystem for world RogueElementTemple
[2016.10.29-05.28.39:048][253]LogPlayLevel: PIE: World Init took: (0.001270s)
[2016.10.29-05.28.39:064][253]LogPlayLevel: PIE: Created PIE world by copying editor world from /Game/RogueElementTemple.RogueElementTemple to /Game/UEDPIE_0_RogueElementTemple.RogueElementTemple (1.622593s)
[2016.10.29-05.28.39:247][253]LogInit: XAudio2 using 'Speakers (Realtek High Definition Audio)' : 2 channels at 48 kHz using 32 bits per sample (channel mask 0x3)
[2016.10.29-05.28.39:271][253]LogInit: FAudioDevice initialized.
[2016.10.29-05.28.40:061][253]LogLinker:Warning: Asset '../../../../../../Users/APCT1_000/Documents/Unreal Projects/RogueElementTemple/Content/FirstPersonBP/Blueprints/FirstPersonHUD.uasset' has been saved with empty engine version. The asset will be loaded but may be incompatible.
[2016.10.29-05.28.40:229][253]LogWorld: Game class is 'FirstPersonGameMode_C'
[2016.10.29-05.28.40:517][253]LogWorld: Bringing World /Game/UEDPIE_0_RogueElementTemple.RogueElementTemple up for play (max tick rate 60) at 2016.10.29-00.28.40
[2016.10.29-05.28.40:517][253]LogActor:Warning: GameSession /Game/UEDPIE_0_RogueElementTemple.RogueElementTemple:PersistentLevel.GameSession_0 has natively added scene component(s), but none of them were set as the actor's RootComponent - picking one arbitrarily
[2016.10.29-05.28.40:536][253]LogActor:Warning: GameNetworkManager /Game/UEDPIE_0_RogueElementTemple.RogueElementTemple:PersistentLevel.GameNetworkManager_0 has natively added scene component(s), but none of them were set as the actor's RootComponent - picking one arbitrarily
[2016.10.29-05.28.40:558][253]LogWorld: Bringing up level for play took: 0.180177
[2016.10.29-05.28.41:344][253]PIE: Info Play in editor start time for /Game/UEDPIE_0_RogueElementTemple 3.192
[2016.10.29-05.29.07:815][837]LogParticles: Destroying 0 GPU particle simulations for FXSystem 0x000000CBADA3C7C0
[2016.10.29-05.30.54:295][815]LogRenderer: Reallocating scene render targets to support 1364x704 (Frame:3217).
[2016.10.29-05.31.13:071][962]LogPlayLevel: PlayLevel: No blueprints needed recompiling
[2016.10.29-05.31.13:071][962]PIE: New page: PIE session: RogueElementTemple (Oct 28, 2016, 7:31:13 PM)
[2016.10.29-05.31.13:071][962]LogPlayLevel: Creating play world package: /Game/UEDPIE_0_RogueElementTemple
[2016.10.29-05.31.13:588][962]LogPlayLevel: PIE: StaticDuplicateObject took: (0.516213s)
[2016.10.29-05.31.13:590][962]LogAIModule: Creating AISystem for world RogueElementTemple
[2016.10.29-05.31.13:590][962]LogPlayLevel: PIE: World Init took: (0.001418s)
[2016.10.29-05.31.13:591][962]LogPlayLevel: PIE: Created PIE world by copying editor world from /Game/RogueElementTemple.RogueElementTemple to /Game/UEDPIE_0_RogueElementTemple.RogueElementTemple (0.518517s)
[2016.10.29-05.31.13:591][962]LogActorComponent: UnregisterComponent: (/Engine/Transient.ProjectileMovementComponent_40__A6522401) Not registered. Aborting.
[2016.10.29-05.31.13:591][962]LogActorComponent: UnregisterComponent: (/Engine/Transient.CharMoveComp) Not registered. Aborting.
[2016.10.29-05.31.13:670][962]LogInit: XAudio2 using 'Speakers (Realtek High Definition Audio)' : 2 channels at 48 kHz using 32 bits per sample (channel mask 0x3)
[2016.10.29-05.31.13:690][962]LogInit: FAudioDevice initialized.
[2016.10.29-05.31.13:744][962]LogWorld: Game class is 'FirstPersonGameMode_C'
[2016.10.29-05.31.13:865][962]LogWorld: Bringing World /Game/UEDPIE_0_RogueElementTemple.RogueElementTemple up for play (max tick rate 60) at 2016.10.29-00.31.13
[2016.10.29-05.31.13:866][962]LogActor:Warning: GameSession /Game/UEDPIE_0_RogueElementTemple.RogueElementTemple:PersistentLevel.GameSession_1 has natively added scene component(s), but none of them were set as the actor's RootComponent - picking one arbitrarily
[2016.10.29-05.31.13:866][962]LogActor:Warning: GameNetworkManager /Game/UEDPIE_0_RogueElementTemple.RogueElementTemple:PersistentLevel.GameNetworkManager_1 has natively added scene component(s), but none of them were set as the actor's RootComponent - picking one arbitrarily
[2016.10.29-05.31.13:868][962]LogWorld: Bringing up level for play took: 0.123171
[2016.10.29-05.31.13:892][962]PIE: Info Play in editor start time for /Game/UEDPIE_0_RogueElementTemple 1.753
[2016.10.29-05.31.20:895][ 51]Cmd: LevelEditor.ToggleImmersive
[2016.10.29-05.42.21:145][383]LogParticles: Destroying 0 GPU particle simulations for FXSystem 0x000000CBAD562480
[2016.10.29-05.42.21:214][384]LogRenderer: Reallocating scene render targets to support 1368x728 (Frame:12727).
[2016.10.29-05.43.47:858][294]Cmd: SELECT NONE
[2016.10.29-05.44.19:391][589]LogWindowsTextInputMethodSystem:Display: IME system now deactivated.
[2016.10.29-05.44.19:391][589]LogWindowsTextInputMethodSystem:Display: IME system now deactivated.
[2016.10.29-05.44.19:737][590]Cmd: QUIT_EDITOR
[2016.10.29-05.44.20:551][590]LogExit: Preparing to exit.
[2016.10.29-05.44.24:971][590]LogExit: Editor shut down
[2016.10.29-05.44.24:971][590]LogExit: Transaction tracking system shut down
[2016.10.29-05.44.24:975][590]LogParticles: Destroying 0 GPU particle simulations for FXSystem 0x000000CB865D0E00
[2016.10.29-05.44.24:975][590]LogParticles: Destroying 0 GPU particle simulations for FXSystem 0x000000CBF6DA6A20
[2016.10.29-05.44.24:975][590]LogParticles: Destroying 0 GPU particle simulations for FXSystem 0x000000CBF6DA6D40
[2016.10.29-05.44.24:976][590]LogParticles: Destroying 0 GPU particle simulations for FXSystem 0x000000CB8DAAB1A0
[2016.10.29-05.44.25:544][590]LogParticles: Destroying 0 GPU particle simulations for FXSystem 0x000000CB8EA72DE0
[2016.10.29-05.44.32:091][590]LogExit: Object subsystem successfully closed.
[2016.10.29-05.44.32:890][590]LogD3D11RHI: Shutdown
[2016.10.29-05.44.32:890][590]LogD3D11RHI: CleanupD3DDevice
[2016.10.29-05.44.33:213][590]LogD3D11RHI: ~FD3D11DynamicRHI
[2016.10.29-05.44.35:037][590]LogModuleManager: Shutting down and abandoning module CookingStats (200)
[2016.10.29-05.44.35:037][590]LogModuleManager: Shutting down and abandoning module BlueprintGraph (199)
[2016.10.29-05.44.35:037][590]LogModuleManager: Shutting down and abandoning module CrashTracker (198)
[2016.10.29-05.44.35:037][590]LogModuleManager: Shutting down and abandoning module SceneOutliner (197)
[2016.10.29-05.44.35:037][590]LogModuleManager: Shutting down and abandoning module SuperSearch (196)
[2016.10.29-05.44.35:037][590]LogModuleManager: Shutting down and abandoning module WidgetCarousel (195)
[2016.10.29-05.44.35:050][590]LogModuleManager: Shutting down and abandoning module AddContentDialog (194)
[2016.10.29-05.44.35:107][590]LogModuleManager: Shutting down and abandoning module EditorWidgets (193)
[2016.10.29-05.44.35:107][590]LogModuleManager: Shutting down and abandoning module CollectionManager (192)
[2016.10.29-05.44.35:176][590]LogModuleManager: Shutting down and abandoning module StatsViewer (191)
[2016.10.29-05.44.35:215][590]LogModuleManager: Shutting down and abandoning module FoliageEdit (190)
[2016.10.29-05.44.35:224][590]LogModuleManager: Shutting down and abandoning module LandscapeEditor (189)
[2016.10.29-05.44.35:272][590]LogModuleManager: Shutting down and abandoning module ActorPickerMode (188)
[2016.10.29-05.44.35:272][590]LogModuleManager: Shutting down and abandoning module GeometryMode (187)
[2016.10.29-05.44.35:272][590]LogModuleManager: Shutting down and abandoning module TextureAlignMode (186)
[2016.10.29-05.44.35:272][590]LogModuleManager: Shutting down and abandoning module BspMode (185)
[2016.10.29-05.44.35:272][590]LogModuleManager: Shutting down and abandoning module PlacementMode (184)
[2016.10.29-05.44.35:272][590]LogModuleManager: Shutting down and abandoning module AutomationWorker (183)
[2016.10.29-05.44.35:272][590]LogModuleManager: Shutting down and abandoning module CharacterAI (182)
[2016.10.29-05.44.35:272][590]LogModuleManager: Shutting down and abandoning module SmartSnapping (181)
[2016.10.29-05.44.35:272][590]LogModuleManager: Shutting down and abandoning module ViewportSnapping (180)
[2016.10.29-05.44.35:272][590]LogModuleManager: Shutting down and abandoning module LogVisualizer (179)
[2016.10.29-05.44.35:521][590]LogModuleManager: Shutting down and abandoning module GameProjectGeneration (178)
[2016.10.29-05.44.35:615][590]LogModuleManager: Shutting down and abandoning module IntroTutorials (177)
[2016.10.29-05.44.35:779][590]LogModuleManager: Shutting down and abandoning module EditorLiveStreaming (176)
[2016.10.29-05.44.35:779][590]LogModuleManager: Shutting down and abandoning module IOSPlatformEditor (175)
[2016.10.29-05.44.35:795][590]LogModuleManager: Shutting down and abandoning module HTML5PlatformEditor (174)
[2016.10.29-05.44.35:795][590]LogModuleManager: Shutting down and abandoning module AndroidDeviceDetection (173)
[2016.10.29-05.44.36:406][590]LogModuleManager: Shutting down and abandoning module AndroidPlatformEditor (172)
[2016.10.29-05.44.36:406][590]LogModuleManager: Shutting down and abandoning module IOSRuntimeSettings (171)
[2016.10.29-05.44.36:406][590]LogModuleManager: Shutting down and abandoning module AndroidRuntimeSettings (170)
[2016.10.29-05.44.36:406][590]LogModuleManager: Shutting down and abandoning module MergeActors (169)
[2016.10.29-05.44.36:438][590]LogModuleManager: Shutting down and abandoning module SizeMap (168)
[2016.10.29-05.44.36:438][590]LogModuleManager: Shutting down and abandoning module TreeMap (167)
[2016.10.29-05.44.36:477][590]LogModuleManager: Shutting down and abandoning module ReferenceViewer (166)
[2016.10.29-05.44.36:486][590]LogModuleManager: Shutting down and abandoning module LocalizationService (165)
[2016.10.29-05.44.36:661][590]LogModuleManager: Shutting down and abandoning module LocalizationDashboard (164)
[2016.10.29-05.44.36:777][590]LogModuleManager: Shutting down and abandoning module HardwareTargeting (163)
[2016.10.29-05.44.36:828][590]LogModuleManager: Shutting down and abandoning module DeviceProfileEditor (162)
[2016.10.29-05.44.36:843][590]LogModuleManager: Shutting down and abandoning module UndoHistory (161)
[2016.10.29-05.44.36:851][590]LogModuleManager: Shutting down and abandoning module GameplayTagsEditor (160)
[2016.10.29-05.44.36:871][590]LogModuleManager: Shutting down and abandoning module UserFeedback (159)
[2016.10.29-05.44.36:871][590]LogModuleManager: Shutting down and abandoning module XmlParser (158)
[2016.10.29-05.44.36:916][590]LogModuleManager: Shutting down and abandoning module Blutility (157)
[2016.10.29-05.44.36:916][590]LogModuleManager: Shutting down and abandoning module ProjectTargetPlatformEditor (156)
[2016.10.29-05.44.36:916][590]LogModuleManager: Shutting down and abandoning module ProjectSettingsViewer (155)
[2016.10.29-05.44.36:917][590]LogModuleManager: Shutting down and abandoning module InputBindingEditor (154)
[2016.10.29-05.44.37:045][590]LogModuleManager: Shutting down and abandoning module EditorSettingsViewer (153)
[2016.10.29-05.44.37:045][590]LogModuleManager: Shutting down and abandoning module SettingsEditor (152)
[2016.10.29-05.44.37:070][590]LogModuleManager: Shutting down and abandoning module ProjectLauncher (151)
[2016.10.29-05.44.37:095][590]LogModuleManager: Shutting down and abandoning module SessionFrontend (150)
[2016.10.29-05.44.37:112][590]LogModuleManager: Shutting down and abandoning module ProfilerClient (149)
[2016.10.29-05.44.37:339][590]LogModuleManager: Shutting down and abandoning module TargetDeviceServices (148)
[2016.10.29-05.44.37:339][590]LogModuleManager: Shutting down and abandoning module DeviceManager (147)
[2016.10.29-05.44.37:380][590]LogModuleManager: Shutting down and abandoning module AutomationController (146)
[2016.10.29-05.44.37:410][590]LogModuleManager: Shutting down and abandoning module AutomationWindow (145)
[2016.10.29-05.44.37:496][590]LogModuleManager: Shutting down and abandoning module Layers (144)
[2016.10.29-05.44.37:573][590]LogModuleManager: Shutting down and abandoning module ComponentVisualizers (143)
[2016.10.29-05.44.37:573][590]LogModuleManager: Shutting down and abandoning module DetailCustomizations (142)
[2016.10.29-05.44.37:573][590]LogModuleManager: Shutting down and abandoning module PackagesDialog (141)
[2016.10.29-05.44.37:592][590]LogModuleManager: Shutting down and abandoning module Persona (140)
[2016.10.29-05.44.38:014][590]LogModuleManager: Shutting down and abandoning module Kismet (139)
[2016.10.29-05.44.38:050][590]LogModuleManager: Shutting down and abandoning module GraphEditor (138)
[2016.10.29-05.44.38:050][590]LogModuleManager: Shutting down and abandoning module ClassViewer (137)
[2016.10.29-05.44.38:065][590]LogModuleManager: Shutting down and abandoning module Toolbox (136)
[2016.10.29-05.44.38:065][590]LogModuleManager: Shutting down and abandoning module ModuleUI (135)
[2016.10.29-05.44.38:088][590]LogModuleManager: Shutting down and abandoning module MovieSceneTools (134)
[2016.10.29-05.44.38:107][590]LogModuleManager: Shutting down and abandoning module OutputLog (133)
[2016.10.29-05.44.38:107][590]LogModuleManager: Shutting down and abandoning module GammaUI (132)
[2016.10.29-05.44.38:118][590]LogModuleManager: Shutting down and abandoning module Documentation (131)
[2016.10.29-05.44.38:118][590]LogModuleManager: Shutting down and abandoning module GameLiveStreaming (130)
[2016.10.29-05.44.38:126][590]LogModuleManager: Shutting down and abandoning module StreamingPauseRendering (129)
[2016.10.29-05.44.38:126][590]LogModuleManager: Shutting down and abandoning module AnalyticsET (128)
[2016.10.29-05.44.38:126][590]LogModuleManager: Shutting down and abandoning module Analytics (127)
[2016.10.29-05.44.38:126][590]LogModuleManager: Shutting down and abandoning module AITestSuite (126)
[2016.10.29-05.44.38:143][590]LogModuleManager: Shutting down and abandoning module GameplayDebugger (125)
[2016.10.29-05.44.38:153][590]LogModuleManager: Shutting down and abandoning module AIModule (124)
[2016.10.29-05.44.38:154][590]LogModuleManager: Shutting down and abandoning module ProfilerService (123)
[2016.10.29-05.44.38:427][590]LogModuleManager: Shutting down and abandoning module TaskGraph (122)
[2016.10.29-05.44.38:504][590]LogModuleManager: Shutting down and abandoning module SlateRemote (121)
[2016.10.29-05.44.38:505][590]LogModuleManager: Shutting down and abandoning module SteamVRController (120)
[2016.10.29-05.44.38:505][590]LogModuleManager: Shutting down and abandoning module SteamVR (119)
[2016.10.29-05.44.38:505][590]LogModuleManager: Shutting down and abandoning module ProceduralMeshComponent (118)
[2016.10.29-05.44.38:505][590]LogModuleManager: Shutting down and abandoning module OculusLibrary (117)
[2016.10.29-05.44.38:505][590]LogModuleManager: Shutting down and abandoning module OculusInput (116)
[2016.10.29-05.44.38:505][590]LogModuleManager: Shutting down and abandoning module LeapMotionController (115)
[2016.10.29-05.44.38:660][590]LogModuleManager: Shutting down and abandoning module CustomMeshComponent (114)
[2016.10.29-05.44.38:660][590]LogModuleManager: Shutting down and abandoning module CableComponent (113)
[2016.10.29-05.44.38:703][590]LogModuleManager: Shutting down and abandoning module ArchVisCharacter (112)
[2016.10.29-05.44.38:703][590]LogModuleManager: Shutting down and abandoning module MessagingDebugger (111)
[2016.10.29-05.44.39:446][590]LogModuleManager: Shutting down and abandoning module MediaPlayerEditor (110)
[2016.10.29-05.44.39:482][590]LogModuleManager: Shutting down and abandoning module HTML5Networking (109)
[2016.10.29-05.44.39:482][590]LogModuleManager: Shutting down and abandoning module SpeedTreeImporter (108)
[2016.10.29-05.44.39:482][590]LogModuleManager: Shutting down and abandoning module PluginBrowser (107)
[2016.10.29-05.44.39:513][590]LogModuleManager: Shutting down and abandoning module EpicSurvey (106)
[2016.10.29-05.44.39:553][590]LogModuleManager: Shutting down and abandoning module DesktopPlatform (105)
[2016.10.29-05.44.39:601][590]LogModuleManager: Shutting down and abandoning module VisualStudioSourceCodeAccess (104)
[2016.10.29-05.44.39:617][590]LogModuleManager: Shutting down and abandoning module UObjectPlugin (103)
[2016.10.29-05.44.39:617][590]LogModuleManager: Shutting down and abandoning module SubversionSourceControl (102)
[2016.10.29-05.44.39:677][590]LogModuleManager: Shutting down and abandoning module PerforceSourceControl (101)
[2016.10.29-05.44.39:794][590]LogModuleManager: Shutting down and abandoning module SourceControl (100)
[2016.10.29-05.44.39:847][590]LogModuleManager: Shutting down and abandoning module GitSourceControl (99)
[2016.10.29-05.44.39:867][590]LogModuleManager: Shutting down and abandoning module LightPropagationVolumeEditor (98)
[2016.10.29-05.44.39:867][590]LogModuleManager: Shutting down and abandoning module PaperTiledImporter (97)
[2016.10.29-05.44.39:893][590]LogModuleManager: Shutting down and abandoning module PaperSpriteSheetImporter (96)
[2016.10.29-05.44.39:893][590]LogModuleManager: Shutting down and abandoning module MeshPaint (95)
[2016.10.29-05.44.39:893][590]LogModuleManager: Shutting down and abandoning module SlateReflector (94)
[2016.10.29-05.44.39:910][590]LogModuleManager: Shutting down and abandoning module HotReload (93)
[2016.10.29-05.44.39:929][590]LogModuleManager: Shutting down and abandoning module MainFrame (92)
[2016.10.29-05.44.39:929][590]LogModuleManager: Shutting down and abandoning module LevelEditor (91)
[2016.10.29-05.44.39:969][590]LogModuleManager: Shutting down and abandoning module DirectoryWatcher (90)
[2016.10.29-05.44.39:970][590]LogModuleManager: Shutting down and abandoning module AssetRegistry (89)
[2016.10.29-05.44.40:113][590]LogModuleManager: Shutting down and abandoning module ContentBrowser (88)
[2016.10.29-05.44.40:114][590]LogModuleManager: Shutting down and abandoning module Paper2DEditor (87)
[2016.10.29-05.44.40:140][590]LogModuleManager: Shutting down and abandoning module UdpMessaging (86)
[2016.10.29-05.44.40:242][590]LogModuleManager: Shutting down and abandoning module LightPropagationVolumeRuntime (85)
[2016.10.29-05.44.40:242][590]LogModuleManager: Shutting down and abandoning module Paper2D (84)
[2016.10.29-05.44.40:285][590]LogModuleManager: Shutting down and abandoning module WindowsMoviePlayer (83)
[2016.10.29-05.44.40:301][590]LogModuleManager: Shutting down and abandoning module Media (82)
[2016.10.29-05.44.40:301][590]LogModuleManager: Shutting down and abandoning module WmfMedia (81)
[2016.10.29-05.44.40:394][590]LogModuleManager: Shutting down and abandoning module OnlineBlueprintSupport (80)
[2016.10.29-05.44.40:394][590]LogModuleManager: Shutting down and abandoning module GameplayTasksEditor (79)
[2016.10.29-05.44.40:394][590]LogModuleManager: Shutting down and abandoning module PropertyEditor (78)
[2016.10.29-05.44.40:395][590]LogModuleManager: Shutting down and abandoning module BehaviorTreeEditor (77)
[2016.10.29-05.44.40:444][590]LogModuleManager: Shutting down and abandoning module FunctionalTesting (76)
[2016.10.29-05.44.40:444][590]LogModuleManager: Shutting down and abandoning module CollisionAnalyzer (75)
[2016.10.29-05.44.40:470][590]LogModuleManager: Shutting down and abandoning module WorkspaceMenuStructure (74)
[2016.10.29-05.44.40:470][590]LogModuleManager: Shutting down and abandoning module MessageLog (73)
[2016.10.29-05.44.40:470][590]LogModuleManager: Shutting down and abandoning module Sequencer (72)
[2016.10.29-05.44.40:543][590]LogModuleManager: Shutting down and abandoning module AssetTools (71)
[2016.10.29-05.44.40:596][590]LogModuleManager: Shutting down and abandoning module UMGEditor (70)
[2016.10.29-05.44.40:671][590]LogModuleManager: Shutting down and abandoning module UMG (69)
[2016.10.29-05.44.40:697][590]LogModuleManager: Shutting down and abandoning module Slate (68)
[2016.10.29-05.44.40:697][590]LogModuleManager: Shutting down and abandoning module EditorStyle (67)
[2016.10.29-05.44.40:703][590]LogModuleManager: Shutting down and abandoning module SessionServices (66)
[2016.10.29-05.44.40:703][590]LogModuleManager: Shutting down and abandoning module SourceCodeAccess (65)
[2016.10.29-05.44.40:703][590]LogModuleManager: Shutting down and abandoning module HeadMountedDisplay (64)
[2016.10.29-05.44.40:704][590]LogModuleManager: Shutting down and abandoning module XAudio2 (63)
[2016.10.29-05.44.40:704][590]LogModuleManager: Shutting down and abandoning module Networking (61)
[2016.10.29-05.44.40:704][590]LogModuleManager: Shutting down and abandoning module Core (60)
[2016.10.29-05.44.40:704][590]LogModuleManager: Shutting down and abandoning module KismetCompiler (59)
[2016.10.29-05.44.40:704][590]LogModuleManager: Shutting down and abandoning module PhysXFormats (58)
[2016.10.29-05.44.40:718][590]LogModuleManager: Shutting down and abandoning module MeshUtilities (57)
[2016.10.29-05.44.40:747][590]LogModuleManager: Shutting down and abandoning module DerivedDataCache (56)
[2016.10.29-05.44.40:841][590]LogDerivedDataCache: Shutdown
[2016.10.29-05.44.40:841][590]LogModuleManager: Shutting down and abandoning module ShaderFormatOpenGL (55)
[2016.10.29-05.44.40:874][590]LogModuleManager: Shutting down and abandoning module ShaderFormatD3D (54)
[2016.10.29-05.44.40:887][590]LogModuleManager: Shutting down and abandoning module MetalShaderFormat (53)
[2016.10.29-05.44.40:917][590]LogModuleManager: Shutting down and abandoning module TextureFormatUncompressed (52)
[2016.10.29-05.44.40:917][590]LogModuleManager: Shutting down and abandoning module TextureFormatPVR (51)
[2016.10.29-05.44.40:941][590]LogModuleManager: Shutting down and abandoning module TextureFormatIntelISPCTexComp (50)
[2016.10.29-05.44.40:947][590]LogModuleManager: Shutting down and abandoning module TextureFormatDXT (49)
[2016.10.29-05.44.40:947][590]LogModuleManager: Shutting down and abandoning module ImageWrapper (48)
[2016.10.29-05.44.40:947][590]LogModuleManager: Shutting down and abandoning module TextureFormatASTC (47)
[2016.10.29-05.44.40:947][590]LogModuleManager: Shutting down and abandoning module TextureFormatAndroid (46)
[2016.10.29-05.44.40:947][590]LogModuleManager: Shutting down and abandoning module AudioFormatOpus (45)
[2016.10.29-05.44.40:965][590]LogModuleManager: Shutting down and abandoning module AudioFormatOgg (44)
[2016.10.29-05.44.40:972][590]LogModuleManager: Shutting down and abandoning module AudioFormatADPCM (43)
[2016.10.29-05.44.40:977][590]LogModuleManager: Shutting down and abandoning module LinuxTargetPlatform (42)
[2016.10.29-05.44.40:977][590]LogModuleManager: Shutting down and abandoning module LinuxServerTargetPlatform (41)
[2016.10.29-05.44.40:995][590]LogModuleManager: Shutting down and abandoning module LinuxNoEditorTargetPlatform (40)
[2016.10.29-05.44.41:005][590]LogModuleManager: Shutting down and abandoning module Messaging (39)
[2016.10.29-05.44.41:005][590]LogModuleManager: Shutting down and abandoning module IOSTargetPlatform (38)
[2016.10.29-05.44.41:005][590]LogModuleManager: Shutting down and abandoning module HTML5TargetPlatform (37)
[2016.10.29-05.44.41:005][590]LogModuleManager: Shutting down and abandoning module Android_PVRTCTargetPlatform (36)
[2016.10.29-05.44.41:005][590]LogModuleManager: Shutting down and abandoning module Android_MultiTargetPlatform (35)
[2016.10.29-05.44.41:005][590]LogModuleManager: Shutting down and abandoning module Android_ETC2TargetPlatform (34)
[2016.10.29-05.44.41:005][590]LogModuleManager: Shutting down and abandoning module Android_ETC1TargetPlatform (33)
[2016.10.29-05.44.41:005][590]LogModuleManager: Shutting down and abandoning module Android_DXTTargetPlatform (32)
[2016.10.29-05.44.41:005][590]LogModuleManager: Shutting down and abandoning module Android_ATCTargetPlatform (31)
[2016.10.29-05.44.41:005][590]LogModuleManager: Shutting down and abandoning module Android_ASTCTargetPlatform (30)
[2016.10.29-05.44.41:005][590]LogModuleManager: Shutting down and abandoning module AndroidTargetPlatform (29)
[2016.10.29-05.44.41:005][590]LogModuleManager: Shutting down and abandoning module WindowsTargetPlatform (28)
[2016.10.29-05.44.41:005][590]LogModuleManager: Shutting down and abandoning module WindowsServerTargetPlatform (27)
[2016.10.29-05.44.41:017][590]LogModuleManager: Shutting down and abandoning module WindowsNoEditorTargetPlatform (26)
[2016.10.29-05.44.41:032][590]LogModuleManager: Shutting down and abandoning module WindowsClientTargetPlatform (25)
[2016.10.29-05.44.41:056][590]LogModuleManager: Shutting down and abandoning module AllDesktopTargetPlatform (24)
[2016.10.29-05.44.41:056][590]LogModuleManager: Shutting down and abandoning module TargetPlatform (23)
[2016.10.29-05.44.41:056][590]LogModuleManager: Shutting down and abandoning module InputCore (22)
[2016.10.29-05.44.41:056][590]LogModuleManager: Shutting down and abandoning module Settings (21)
[2016.10.29-05.44.41:056][590]LogModuleManager: Shutting down and abandoning module OnlineSubsystem (19)
[2016.10.29-05.44.41:056][590]LogModuleManager: Shutting down and abandoning module HTTP (18)
[2016.10.29-05.44.42:058][590]LogModuleManager: Shutting down and abandoning module XMPP (17)
[2016.10.29-05.44.42:740][590]LogModuleManager: Shutting down and abandoning module OculusRift (16)
[2016.10.29-05.44.42:789][590]LogModuleManager: Shutting down and abandoning module ExampleDeviceProfileSelector (15)
[2016.10.29-05.44.42:789][590]LogModuleManager: Shutting down and abandoning module TextureCompressor (14)
[2016.10.29-05.44.42:789][590]LogModuleManager: Shutting down and abandoning module ShaderCore (13)
[2016.10.29-05.44.42:789][590]LogModuleManager: Shutting down and abandoning module Landscape (12)
[2016.10.29-05.44.42:789][590]LogModuleManager: Shutting down and abandoning module SlateRHIRenderer (11)
[2016.10.29-05.44.43:223][590]LogModuleManager: Shutting down and abandoning module OpenGLDrv (10)
[2016.10.29-05.44.43:307][590]LogModuleManager: Shutting down and abandoning module D3D11RHI (9)
[2016.10.29-05.44.43:307][590]LogModuleManager: Shutting down and abandoning module AnimGraphRuntime (8)
[2016.10.29-05.44.43:307][590]LogModuleManager: Shutting down and abandoning module Renderer (7)
[2016.10.29-05.44.43:307][590]LogModuleManager: Shutting down and abandoning module Engine (6)
[2016.10.29-05.44.43:307][590]LogModuleManager: Shutting down and abandoning module CoreUObject (5)
[2016.10.29-05.44.43:307][590]LogModuleManager: Shutting down and abandoning module NetworkFile (4)
[2016.10.29-05.44.43:346][590]LogModuleManager: Shutting down and abandoning module StreamingFile (3)
[2016.10.29-05.44.43:369][590]LogModuleManager: Shutting down and abandoning module SandboxFile (2)
[2016.10.29-05.44.43:812][590]LogModuleManager: Shutting down and abandoning module PakFile (1)
[2016.10.29-05.44.44:151][590]LogExit: Exiting.
[2016.10.29-05.44.44:263][590]Log file closed, 10/29/16 00:44:44
