[2016.11.18-12.14.47:451][  0]Log file open, 11/18/16 06:14:47
[2016.11.18-12.14.47:451][  0]LogInit:Display: Running engine for game: TempleLevel
[2016.11.18-12.14.47:451][  0]LogPlatformFile: Not using cached read wrapper
[2016.11.18-12.14.47:451][  0]LogInit:Display: RandInit(-1417475591) SRandInit(-1417475590).
[2016.11.18-12.14.47:451][  0]LogTaskGraph: Started task graph with 4 named threads and 5 total threads.
[2016.11.18-12.14.47:451][  0]LogStats: Stats thread started at 0.120160
[2016.11.18-12.14.47:451][  0]LogInit: Version: 4.10.4-2872498+++depot+UE4-Releases+4.10
[2016.11.18-12.14.47:451][  0]LogInit: API Version: 2758231
[2016.11.18-12.14.47:451][  0]LogInit: Compiled (64-bit): Feb 18 2016 15:47:04
[2016.11.18-12.14.47:451][  0]LogInit: Compiled with Visual C++: 19.00.23026.00
[2016.11.18-12.14.47:451][  0]LogInit: Build Configuration: Development
[2016.11.18-12.14.47:451][  0]LogInit: Branch Name: ++depot+UE4-Releases+4.10
[2016.11.18-12.14.47:451][  0]LogInit: Command line:  
[2016.11.18-12.14.47:451][  0]LogInit: Base directory: C:/Program Files (x86)/Epic Games/4.10/Engine/Binaries/Win64/
[2016.11.18-12.14.47:451][  0]LogInit: Rocket: 1
[2016.11.18-12.14.47:463][  0]LogInit: Using libcurl 7.41.0
[2016.11.18-12.14.47:463][  0]LogInit:  - built for x86_64-pc-win32
[2016.11.18-12.14.47:463][  0]LogInit:  - supports SSL with WinSSL
[2016.11.18-12.14.47:463][  0]LogInit:  - other features:
[2016.11.18-12.14.47:463][  0]LogInit:      CURL_VERSION_SSL
[2016.11.18-12.14.47:463][  0]LogInit:      CURL_VERSION_IPV6
[2016.11.18-12.14.47:463][  0]LogInit:      CURL_VERSION_ASYNCHDNS
[2016.11.18-12.14.47:463][  0]LogInit:      CURL_VERSION_LARGEFILE
[2016.11.18-12.14.47:463][  0]LogInit:      CURL_VERSION_IDN
[2016.11.18-12.14.47:463][  0]LogInit:  CurlRequestOptions (configurable via config and command line):
[2016.11.18-12.14.47:463][  0]LogInit:  - bVerifyPeer = true  - Libcurl will verify peer certificate
[2016.11.18-12.14.47:463][  0]LogInit:  - bUseHttpProxy = false  - Libcurl will NOT use HTTP proxy
[2016.11.18-12.14.47:463][  0]LogInit:  - bDontReuseConnections = false  - Libcurl will reuse connections
[2016.11.18-12.14.47:463][  0]LogInit:  - CertBundlePath = nullptr  - Libcurl will use whatever was configured at build time.
[2016.11.18-12.14.47:500][  0]LogInit: Presizing for 0 objects not considered by GC, pre-allocating 0 bytes.
[2016.11.18-12.14.47:512][  0]LogInit: Object subsystem initialized
[2016.11.18-12.14.47:517][  0]LogInit: Selected Device Profile: [Windows]
[2016.11.18-12.14.47:517][  0]LogInit: Applying CVar settings loaded from the selected device profile: [Windows]
[2016.11.18-12.14.47:612][  0]LogInit: Computer: JARVIS
[2016.11.18-12.14.47:612][  0]LogInit: User: APCT1000
[2016.11.18-12.14.47:612][  0]LogInit: CPU Page size=4096, Cores=2
[2016.11.18-12.14.47:612][  0]LogInit: High frequency timer resolution =1.656321 MHz
[2016.11.18-12.14.47:612][  0]LogMemory: Memory total: Physical=5.9GB (6GB approx)
[2016.11.18-12.14.47:612][  0]LogMemory: Platform Memory Stats for Windows
[2016.11.18-12.14.47:612][  0]LogMemory: Process Physical Memory: 54.03 MB used, 54.03 MB peak
[2016.11.18-12.14.47:612][  0]LogMemory: Process Virtual Memory: 57.41 MB used, 57.41 MB peak
[2016.11.18-12.14.47:612][  0]LogMemory: Physical Memory: 5110.28 MB used, 6045.10 MB total
[2016.11.18-12.14.47:612][  0]LogMemory: Virtual Memory: 366.56 MB used, 134217728.00 MB total
[2016.11.18-12.14.47:833][  0]LogTextLocalizationManager: No specific translations for ('en-US') exist, so ('en') translations will be used.
[2016.11.18-12.14.50:573][  0]LogD3D11RHI: Found D3D11 adapter 0: Intel(R) HD Graphics Family (Feature Level 11_0)
[2016.11.18-12.14.50:573][  0]LogD3D11RHI: Adapter has 128MB of dedicated video memory, 0MB of dedicated system memory, and 1792MB of shared system memory, 1 output[s]
[2016.11.18-12.14.50:728][  0]LogD3D11RHI: Found D3D11 adapter 1: Microsoft Basic Render Driver (Feature Level 11_0)
[2016.11.18-12.14.50:728][  0]LogD3D11RHI: Adapter has 0MB of dedicated video memory, 0MB of dedicated system memory, and 256MB of shared system memory, 0 output[s]
[2016.11.18-12.14.50:728][  0]LogD3D11RHI: Chosen D3D11 Adapter Id = 0
[2016.11.18-12.14.50:871][  0]LogD3D11RHI: !Direct3DDevice
[2016.11.18-12.14.50:871][  0]LogRHI: Texture pool is 716 MB (70% of 1024 MB)
[2016.11.18-12.14.50:887][  0]LogD3D11RHI: Async texture creation enabled
[2016.11.18-12.14.50:895][  0]LogShaderCompilers: Guid format shader working directory is -23 characters bigger than the processId version (../../../../../../Users/APCT1_000/Documents/Unreal Projects/TempleLevel/Intermediate/Shaders/WorkingDirectory/13028/).
[2016.11.18-12.14.50:896][  0]LogShaderCompilers: Cleaned the shader compiler working directory 'C:/Users/APCT1_~1/AppData/Local/Temp/UnrealShaderWorkingDir/1015863841AD2C643E8AD4A5AEA72B9D/'.
[2016.11.18-12.14.50:896][  0]LogShaderCompilers:Display: Using Local Shader Compiler.
[2016.11.18-12.15.18:084][  0]LogTemp:Display: Loaded TP AllDesktopTargetPlatform
[2016.11.18-12.15.18:189][  0]LogTemp:Display: Loaded TP WindowsClientTargetPlatform
[2016.11.18-12.15.18:228][  0]LogTemp:Display: Loaded TP WindowsNoEditorTargetPlatform
[2016.11.18-12.15.18:279][  0]LogTemp:Display: Loaded TP WindowsServerTargetPlatform
[2016.11.18-12.15.18:344][  0]LogTemp:Display: Loaded TP WindowsTargetPlatform
[2016.11.18-12.15.18:381][  0]LogTemp:Display: Loaded TP AndroidTargetPlatform
[2016.11.18-12.15.18:437][  0]LogTemp:Display: Loaded TP Android_ASTCTargetPlatform
[2016.11.18-12.15.18:456][  0]LogTemp:Display: Loaded TP Android_ATCTargetPlatform
[2016.11.18-12.15.18:470][  0]LogTemp:Display: Loaded TP Android_DXTTargetPlatform
[2016.11.18-12.15.18:531][  0]LogTemp:Display: Loaded TP Android_ETC1TargetPlatform
[2016.11.18-12.15.18:594][  0]LogTemp:Display: Loaded TP Android_ETC2TargetPlatform
[2016.11.18-12.15.18:736][  0]LogTemp:Display: Loaded TP Android_MultiTargetPlatform
[2016.11.18-12.15.18:736][  0]LogTemp:Display: Loaded TP Android_PVRTCTargetPlatform
[2016.11.18-12.15.18:786][  0]LogTemp:Display: Loaded TP HTML5TargetPlatform
[2016.11.18-12.15.19:070][  0]LogTemp:Display: Loaded TP IOSTargetPlatform
[2016.11.18-12.15.19:184][  0]LogTemp:Display: Loaded TP LinuxNoEditorTargetPlatform
[2016.11.18-12.15.19:212][  0]LogTemp:Display: Loaded TP LinuxServerTargetPlatform
[2016.11.18-12.15.19:353][  0]LogTemp:Display: Loaded TP LinuxTargetPlatform
[2016.11.18-12.15.19:395][  0]LogTargetPlatformManager:Display: Building Assets For Windows
[2016.11.18-12.15.21:994][  0]LogDerivedDataCache:Display: Max Cache Size: 512 MB
[2016.11.18-12.15.26:891][  0]LogDerivedDataCache: Loaded boot cache 4.87s 41MB C:/Users/APCT1_000/AppData/Local/UnrealEngine/4.10/DerivedDataCache/Boot.ddc.
[2016.11.18-12.15.26:891][  0]LogDerivedDataCache:Display: Loaded Boot cache: C:/Users/APCT1_000/AppData/Local/UnrealEngine/4.10/DerivedDataCache/Boot.ddc
[2016.11.18-12.15.26:891][  0]LogDerivedDataCache: FDerivedDataBackendGraph:  Pak pak cache file ../../../../../../Users/APCT1_000/Documents/Unreal Projects/TempleLevel/DerivedDataCache/DDC.ddp not found, will not use a pak cache.
[2016.11.18-12.15.26:891][  0]LogDerivedDataCache: Unable to find inner node Pak for hierarchical cache Hierarchy.
[2016.11.18-12.15.26:891][  0]LogDerivedDataCache: FDerivedDataBackendGraph:  CompressedPak pak cache file ../../../../../../Users/APCT1_000/Documents/Unreal Projects/TempleLevel/DerivedDataCache/Compressed.ddp not found, will not use a pak cache.
[2016.11.18-12.15.26:891][  0]LogDerivedDataCache: Unable to find inner node CompressedPak for hierarchical cache Hierarchy.
[2016.11.18-12.15.27:390][  0]LogDerivedDataCache:Display: Pak cache opened for reading ../../../Engine/DerivedDataCache/Compressed.ddp.
[2016.11.18-12.15.27:431][  0]LogDerivedDataCache: Using Local data cache path C:/Users/APCT1_000/AppData/Local/UnrealEngine/Common/DerivedDataCache: Writable
[2016.11.18-12.16.07:847][  0]LogInit: Selected Device Profile: [Windows]
[2016.11.18-12.16.07:941][  0]LogContentStreaming: Texture pool size is 0.000000MB
[2016.11.18-12.16.09:676][  0]LogMeshUtilities: No automatic mesh reduction module available
[2016.11.18-12.16.09:676][  0]LogMeshUtilities: No automatic mesh merging module available
[2016.11.18-12.16.15:249][  0]LogInit: WinSock: version 1.1 (2.2), MaxSocks=32767, MaxUdp=65467
[2016.11.18-12.16.54:369][  0]UdpMessaging: Initializing bridge on interface 0.0.0.0:0 to multicast group 230.0.0.1:6666.
[2016.11.18-12.16.55:458][  0]LogAssetRegistry: FAssetRegistry took 0.0122 seconds to start up
[2016.11.18-12.16.57:691][  0]SourceControl: Info Source control is disabled
[2016.11.18-12.16.57:755][  0]SourceControl: Info Source control is disabled
[2016.11.18-12.16.57:799][  0]SourceControl: Info Source control is disabled
[2016.11.18-12.16.57:894][  0]SourceControl: Info Source control is disabled
[2016.11.18-12.17.00:368][  0]LogObj: 28633 objects as part of root set at end of initial load.
[2016.11.18-12.17.00:368][  0]LogUObjectAllocator: 6099752 out of 0 bytes used by permanent object pool.
[2016.11.18-12.17.00:885][  0]LogEngine: Initializing Engine...
[2016.11.18-12.17.00:935][  0]LogHMD: Can't find Oculus library dev build: is proper Runtime installed? Version: 0.8.0.0
[2016.11.18-12.17.01:200][  0]LogHMD: SteamVR failed to initialize.  Err: 110
[2016.11.18-12.17.02:392][  0]LogAIModule: Creating AISystem for world NewWorld
[2016.11.18-12.17.02:731][  0]LogInit: XAudio2 using 'Speakers (Realtek High Definition Audio)' : 2 channels at 48 kHz using 32 bits per sample (channel mask 0x3)
[2016.11.18-12.17.04:699][  0]LogInit: FAudioDevice initialized.
[2016.11.18-12.17.04:777][  0]LogDerivedDataCache: Saved boot cache 0.08s 41MB C:/Users/APCT1_000/AppData/Local/UnrealEngine/4.10/DerivedDataCache/Boot.ddc.
[2016.11.18-12.17.04:786][  0]LogInit: Texture streaming: Enabled
[2016.11.18-12.17.04:849][  0]LogAnalytics: Creating configured Analytics provider AnalyticsET
[2016.11.18-12.17.04:849][  0]LogAnalytics: [UEEditor.Rocket.Release] APIServer = http://et2.epicgames.com/ET2/. AppVersion = 4.10.4-2872498+++depot+UE4-Releases+4.10
[2016.11.18-12.17.04:850][  0]LogAnalytics: [UEEditor.Rocket.Release] SetUserId a7be9ccd4953bc1fe15c0da22ce2d979|a89c628686e241409358cf1cfd870a0b|6b331781-92f5-44f4-a153-a924a427f7f8
[2016.11.18-12.17.04:894][  0]LogAnalytics: [UEEditor.Rocket.Release] AnalyticsET::StartSession
[2016.11.18-12.17.05:081][  0]LogInit: Transaction tracking system initialized
[2016.11.18-12.17.05:576][  0]BlueprintLog: New page: Editor Load
[2016.11.18-12.17.09:994][  0]LocalizationService: Info Localization service is disabled
[2016.11.18-12.17.11:574][  0]LogConsoleResponse:Display: 
[2016.11.18-12.17.13:245][  0]LogFileCache: Scanning file cache for directory 'C:/Users/APCT1_000/Documents/Unreal Projects/TempleLevel/Content/' took 0.01s
[2016.11.18-12.17.13:245][  0]LogCook:Display: Done creating registry. It took  0.00s.
[2016.11.18-12.17.15:038][  0]SourceControl: Info Source control is disabled
[2016.11.18-12.17.15:038][  0]Cmd: MAP LOAD FILE="../../../Engine/Content/Maps/Templates/Template_Default.umap" TEMPLATE=1 SHOWPROGRESS=1 FEATURELEVEL=3
[2016.11.18-12.17.15:119][  0]LightingResults: New page: Lighting Build
[2016.11.18-12.17.15:124][  0]MapCheck: New page: Map Check
[2016.11.18-12.17.15:124][  0]LightingResults: New page: Lighting Build
[2016.11.18-12.17.15:154][  0]LogParticles: Destroying 0 GPU particle simulations for FXSystem 0x0000001A8D4DBB00
[2016.11.18-12.17.17:793][  0]LogAIModule: Creating AISystem for world Untitled_1
[2016.11.18-12.17.17:969][  0]LogEditorServer: Finished looking for orphan Actors (0.000 secs)
[2016.11.18-12.17.17:996][  0]Cmd: MAP CHECKDEP NOCLEARLOG
[2016.11.18-12.17.18:140][  0]MapCheck: Info Map check complete: 0 Error(s), 0 Warning(s), took 143.871ms to complete.
[2016.11.18-12.17.18:140][  0]LogFileHelpers: Loading map 'Template_Default' took 3.102
[2016.11.18-12.17.21:794][  0]LogCollectionManager: Loaded 0 collections in 0.003365 seconds
[2016.11.18-12.17.21:879][  0]LogFileCache: Scanning file cache for directory 'C:/Users/APCT1_000/Documents/Unreal Projects/TempleLevel/Saved/Collections/' took 0.01s
[2016.11.18-12.17.21:879][  0]LogFileCache: Scanning file cache for directory 'C:/Users/APCT1_000/Documents/Unreal Projects/TempleLevel/Content/Developers/APCT1000/Collections/' took 0.01s
[2016.11.18-12.17.21:879][  0]LogFileCache: Scanning file cache for directory 'C:/Users/APCT1_000/Documents/Unreal Projects/TempleLevel/Content/Collections/' took 0.01s
[2016.11.18-12.17.21:879][  0]LogCollectionManager: Rebuilt the GUID cache for 0 collections in 0.000002 seconds
[2016.11.18-12.17.21:891][  0]LogContentBrowser: Native class hierarchy populated in 0.0117 seconds. Added 1893 classes and 338 folders.
[2016.11.18-12.17.21:901][  0]LogContentBrowser: Native class hierarchy updated for 'WidgetCarousel' in 0.0006 seconds. Added 0 classes and 0 folders.
[2016.11.18-12.17.25:397][  0]LogContentBrowser: Native class hierarchy updated for 'AddContentDialog' in 0.0006 seconds. Added 0 classes and 0 folders.
[2016.11.18-12.17.25:439][  0]LogContentBrowser: Native class hierarchy updated for 'SceneOutliner' in 0.0008 seconds. Added 1 classes and 2 folders.
[2016.11.18-12.17.25:868][  0]LogCrashTracker: Crashtracker disabled due to settings.
[2016.11.18-12.17.25:894][  0]LogUObjectGlobals:Warning: Failed to find object 'Class None.'
[2016.11.18-12.17.25:920][  0]LogLoad: Full Startup: 160.12 seconds (BP compile: 0.83 seconds)
[2016.11.18-12.17.25:942][  0]LogOcInput: Can't find Oculus library dev build: is proper Runtime installed? Version: 0.8.0.0
[2016.11.18-12.17.26:781][  0]LogContentStreaming: Texture pool size now 200 MB
[2016.11.18-12.17.27:112][  0]LogRenderer: Reallocating scene render targets to support 812x352 (Frame:2).
[2016.11.18-12.17.39:544][658]LogAssetRegistry: Asset discovery search completed in 44.0986 seconds
[2016.11.18-12.17.39:544][658]LogCollectionManager: Rebuilt the object cache for 0 collections in 0.000002 seconds (found 0 objects)
[2016.11.18-12.17.39:544][658]LogCollectionManager: Fixed up redirectors for 0 collections in 0.000045 seconds (updated 0 objects)
[2016.11.18-12.17.41:407][748]LogEditorActor: Deleted Actor: AtmosphericFog
[2016.11.18-12.17.41:408][748]LogEditorActor: Deleted Actor: StaticMeshActor
[2016.11.18-12.17.44:383][748]LogEditorActor: Deleted Actor: DirectionalLight
[2016.11.18-12.17.44:389][748]LogEditorActor: Deleted Actor: PlayerStart
[2016.11.18-12.17.44:391][748]LogEditorActor: Deleted Actor: BP_Sky_Sphere_C
[2016.11.18-12.17.44:431][748]LogEditorActor: Deleted 5 Actors (3.026 secs)
[2016.11.18-12.18.21:443][275]LogFactory: FactoryCreateBinary: StaticMesh with FbxFactory (0 0 ../../../../../../Users/APCT1_000/Documents/Unreal Projects/RogueElementTemple/Content/RogueElementTemple.fbx)
[2016.11.18-12.18.23:330][275]LogFbx: ItemName: GlobalSettings, ItemCount : 1
[2016.11.18-12.18.23:330][275]LogFbx: ItemName: AnimationStack, ItemCount : 1
[2016.11.18-12.18.23:330][275]LogFbx: ItemName: AnimationLayer, ItemCount : 1
[2016.11.18-12.18.23:330][275]LogFbx: ItemName: Model, ItemCount : 1
[2016.11.18-12.18.23:887][275]LogFbx: Loading FBX Scene from ../../../../../../Users/APCT1_000/Documents/Unreal Projects/RogueElementTemple/Content/RogueElementTemple.fbx
[2016.11.18-12.18.24:148][275]LogFbx: FBX Scene Loaded Succesfully
[2016.11.18-12.20.02:835][275]LogAssetTools:Warning: Failed to import '../../../../../../Users/APCT1_000/Documents/Unreal Projects/RogueElementTemple/Content/RogueElementTemple.fbx'. Failed to create asset '/Game/RogueElementTemple'
[2016.11.18-12.27.26:328][797]LogSavePackage: Save=51.742989ms
[2016.11.18-12.27.26:328][797]LogSavePackage: Moving '../../../../../../Users/APCT1_000/Documents/Unreal Projects/TempleLevel/Saved/Untitled_1_Auto1CE9513764DEF810045F65CA649E69541.tmp' to '../../../../../../Users/APCT1_000/Documents/Unreal Projects/TempleLevel/Saved/Autosaves/Temp/Untitled_1_Auto1.umap'
[2016.11.18-12.27.26:347][797]LogSavePackage: Total save time: 77.798326ms
[2016.11.18-12.27.26:347][797]LogSavePackage:Display: Finished SavePackage ../../../../../../Users/APCT1_000/Documents/Unreal Projects/TempleLevel/Saved/Autosaves/Temp/Untitled_1_Auto1.umap
[2016.11.18-12.27.26:363][797]LogFileHelpers: Editor autosave (incl. sublevels) for '/Temp/Untitled_1' took 0.148
[2016.11.18-12.27.26:363][797]LogFileHelpers: Editor autosave (incl. sublevels) for all levels took 0.148
[2016.11.18-16.13.26:867][  1]LogParticles: Destroying 0 GPU particle simulations for FXSystem 0x0000001AFD356980
[2016.11.18-16.14.03:587][241]LogFactory: FactoryCreateBinary: StaticMesh with FbxFactory (0 0 ../../../../../../Users/APCT1_000/Documents/Unreal Projects/RogueElementTemple/Content/RogueElementTemple.fbx)
[2016.11.18-16.14.03:613][241]LogFbx: ItemName: GlobalSettings, ItemCount : 1
[2016.11.18-16.14.03:613][241]LogFbx: ItemName: AnimationStack, ItemCount : 1
[2016.11.18-16.14.03:613][241]LogFbx: ItemName: AnimationLayer, ItemCount : 1
[2016.11.18-16.14.03:613][241]LogFbx: ItemName: Model, ItemCount : 1
[2016.11.18-16.14.03:785][241]LogFbx: Loading FBX Scene from ../../../../../../Users/APCT1_000/Documents/Unreal Projects/RogueElementTemple/Content/RogueElementTemple.fbx
[2016.11.18-16.14.03:953][241]LogFbx: FBX Scene Loaded Succesfully
[2016.11.18-16.14.14:696][241]LogAssetTools:Warning: Failed to import '../../../../../../Users/APCT1_000/Documents/Unreal Projects/RogueElementTemple/Content/RogueElementTemple.fbx'. Failed to create asset '/Game/RogueElementTemple'
[2016.11.18-16.14.19:728][388]LogFactory: FactoryCreateBinary: StaticMesh with FbxFactory (0 0 ../../../../../../Users/APCT1_000/Documents/Unreal Projects/RogueElementTemple/Content/RogueElementTemple.fbx)
[2016.11.18-16.14.19:747][388]LogFbx: ItemName: GlobalSettings, ItemCount : 1
[2016.11.18-16.14.19:747][388]LogFbx: ItemName: AnimationStack, ItemCount : 1
[2016.11.18-16.14.19:747][388]LogFbx: ItemName: AnimationLayer, ItemCount : 1
[2016.11.18-16.14.19:747][388]LogFbx: ItemName: Model, ItemCount : 1
[2016.11.18-16.14.19:882][388]LogFbx: Loading FBX Scene from ../../../../../../Users/APCT1_000/Documents/Unreal Projects/RogueElementTemple/Content/RogueElementTemple.fbx
[2016.11.18-16.14.20:029][388]LogFbx: FBX Scene Loaded Succesfully
[2016.11.18-16.14.20:957][388]LogAssetTools:Warning: Failed to import '../../../../../../Users/APCT1_000/Documents/Unreal Projects/RogueElementTemple/Content/RogueElementTemple.fbx'. Failed to create asset '/Game/RogueElementTemple'
[2016.11.18-16.19.49:019][809]Cmd: CLOSE_SLATE_MAINFRAME
[2016.11.18-16.19.58:565][809]LogWindowsTextInputMethodSystem:Display: IME system now deactivated.
[2016.11.18-16.19.58:565][809]LogWindowsTextInputMethodSystem:Display: IME system now deactivated.
[2016.11.18-16.20.00:698][810]Cmd: QUIT_EDITOR
[2016.11.18-16.20.06:192][810]LogExit: Preparing to exit.
[2016.11.18-16.20.10:267][810]LogExit: Editor shut down
[2016.11.18-16.20.10:268][810]LogExit: Transaction tracking system shut down
[2016.11.18-16.20.12:179][810]LogParticles: Destroying 0 GPU particle simulations for FXSystem 0x0000001AFD3B2F20
[2016.11.18-16.20.12:234][810]LogParticles: Destroying 0 GPU particle simulations for FXSystem 0x0000001AFF35F100
[2016.11.18-16.20.17:783][810]LogExit: Object subsystem successfully closed.
[2016.11.18-16.20.18:017][810]LogD3D11RHI: Shutdown
[2016.11.18-16.20.18:017][810]LogD3D11RHI: CleanupD3DDevice
[2016.11.18-16.20.18:131][810]LogD3D11RHI: ~FD3D11DynamicRHI
[2016.11.18-16.20.18:601][810]LogModuleManager: Shutting down and abandoning module CookingStats (199)
[2016.11.18-16.20.18:601][810]LogModuleManager: Shutting down and abandoning module CrashTracker (198)
[2016.11.18-16.20.18:601][810]LogModuleManager: Shutting down and abandoning module SceneOutliner (197)
[2016.11.18-16.20.18:601][810]LogModuleManager: Shutting down and abandoning module SuperSearch (196)
[2016.11.18-16.20.18:601][810]LogModuleManager: Shutting down and abandoning module WidgetCarousel (195)
[2016.11.18-16.20.18:601][810]LogModuleManager: Shutting down and abandoning module AddContentDialog (194)
[2016.11.18-16.20.18:637][810]LogModuleManager: Shutting down and abandoning module EditorWidgets (193)
[2016.11.18-16.20.18:637][810]LogModuleManager: Shutting down and abandoning module CollectionManager (192)
[2016.11.18-16.20.18:637][810]LogModuleManager: Shutting down and abandoning module StatsViewer (191)
[2016.11.18-16.20.18:637][810]LogModuleManager: Shutting down and abandoning module FoliageEdit (190)
[2016.11.18-16.20.18:638][810]LogModuleManager: Shutting down and abandoning module LandscapeEditor (189)
[2016.11.18-16.20.18:638][810]LogModuleManager: Shutting down and abandoning module ActorPickerMode (188)
[2016.11.18-16.20.18:638][810]LogModuleManager: Shutting down and abandoning module GeometryMode (187)
[2016.11.18-16.20.18:656][810]LogModuleManager: Shutting down and abandoning module TextureAlignMode (186)
[2016.11.18-16.20.18:656][810]LogModuleManager: Shutting down and abandoning module BspMode (185)
[2016.11.18-16.20.18:656][810]LogModuleManager: Shutting down and abandoning module PlacementMode (184)
[2016.11.18-16.20.18:656][810]LogModuleManager: Shutting down and abandoning module AutomationWorker (183)
[2016.11.18-16.20.18:656][810]LogModuleManager: Shutting down and abandoning module CharacterAI (182)
[2016.11.18-16.20.18:656][810]LogModuleManager: Shutting down and abandoning module SmartSnapping (181)
[2016.11.18-16.20.18:656][810]LogModuleManager: Shutting down and abandoning module ViewportSnapping (180)
[2016.11.18-16.20.18:656][810]LogModuleManager: Shutting down and abandoning module LogVisualizer (179)
[2016.11.18-16.20.18:657][810]LogModuleManager: Shutting down and abandoning module GameProjectGeneration (178)
[2016.11.18-16.20.18:681][810]LogModuleManager: Shutting down and abandoning module IntroTutorials (177)
[2016.11.18-16.20.18:681][810]LogModuleManager: Shutting down and abandoning module EditorLiveStreaming (176)
[2016.11.18-16.20.18:681][810]LogModuleManager: Shutting down and abandoning module IOSPlatformEditor (175)
[2016.11.18-16.20.18:681][810]LogModuleManager: Shutting down and abandoning module HTML5PlatformEditor (174)
[2016.11.18-16.20.18:681][810]LogModuleManager: Shutting down and abandoning module AndroidDeviceDetection (173)
[2016.11.18-16.20.19:638][810]LogModuleManager: Shutting down and abandoning module AndroidPlatformEditor (172)
[2016.11.18-16.20.19:638][810]LogModuleManager: Shutting down and abandoning module IOSRuntimeSettings (171)
[2016.11.18-16.20.19:638][810]LogModuleManager: Shutting down and abandoning module AndroidRuntimeSettings (170)
[2016.11.18-16.20.19:638][810]LogModuleManager: Shutting down and abandoning module MergeActors (169)
[2016.11.18-16.20.19:638][810]LogModuleManager: Shutting down and abandoning module SizeMap (168)
[2016.11.18-16.20.19:638][810]LogModuleManager: Shutting down and abandoning module TreeMap (167)
[2016.11.18-16.20.19:638][810]LogModuleManager: Shutting down and abandoning module ReferenceViewer (166)
[2016.11.18-16.20.19:638][810]LogModuleManager: Shutting down and abandoning module LocalizationService (165)
[2016.11.18-16.20.19:678][810]LogModuleManager: Shutting down and abandoning module LocalizationDashboard (164)
[2016.11.18-16.20.19:712][810]LogModuleManager: Shutting down and abandoning module HardwareTargeting (163)
[2016.11.18-16.20.19:712][810]LogModuleManager: Shutting down and abandoning module DeviceProfileEditor (162)
[2016.11.18-16.20.19:712][810]LogModuleManager: Shutting down and abandoning module UndoHistory (161)
[2016.11.18-16.20.19:721][810]LogModuleManager: Shutting down and abandoning module GameplayTagsEditor (160)
[2016.11.18-16.20.19:721][810]LogModuleManager: Shutting down and abandoning module UserFeedback (159)
[2016.11.18-16.20.19:721][810]LogModuleManager: Shutting down and abandoning module XmlParser (158)
[2016.11.18-16.20.19:721][810]LogModuleManager: Shutting down and abandoning module Blutility (157)
[2016.11.18-16.20.19:721][810]LogModuleManager: Shutting down and abandoning module ProjectTargetPlatformEditor (156)
[2016.11.18-16.20.19:721][810]LogModuleManager: Shutting down and abandoning module ProjectSettingsViewer (155)
[2016.11.18-16.20.19:722][810]LogModuleManager: Shutting down and abandoning module InputBindingEditor (154)
[2016.11.18-16.20.19:722][810]LogModuleManager: Shutting down and abandoning module EditorSettingsViewer (153)
[2016.11.18-16.20.19:722][810]LogModuleManager: Shutting down and abandoning module SettingsEditor (152)
[2016.11.18-16.20.19:722][810]LogModuleManager: Shutting down and abandoning module ProjectLauncher (151)
[2016.11.18-16.20.19:735][810]LogModuleManager: Shutting down and abandoning module SessionFrontend (150)
[2016.11.18-16.20.19:735][810]LogModuleManager: Shutting down and abandoning module ProfilerClient (149)
[2016.11.18-16.20.19:750][810]LogModuleManager: Shutting down and abandoning module TargetDeviceServices (148)
[2016.11.18-16.20.19:751][810]LogModuleManager: Shutting down and abandoning module DeviceManager (147)
[2016.11.18-16.20.19:757][810]LogModuleManager: Shutting down and abandoning module AutomationController (146)
[2016.11.18-16.20.19:757][810]LogModuleManager: Shutting down and abandoning module AutomationWindow (145)
[2016.11.18-16.20.19:757][810]LogModuleManager: Shutting down and abandoning module Layers (144)
[2016.11.18-16.20.19:794][810]LogModuleManager: Shutting down and abandoning module ComponentVisualizers (143)
[2016.11.18-16.20.19:794][810]LogModuleManager: Shutting down and abandoning module DetailCustomizations (142)
[2016.11.18-16.20.19:794][810]LogModuleManager: Shutting down and abandoning module PackagesDialog (141)
[2016.11.18-16.20.19:795][810]LogModuleManager: Shutting down and abandoning module Persona (140)
[2016.11.18-16.20.19:807][810]LogModuleManager: Shutting down and abandoning module Kismet (139)
[2016.11.18-16.20.19:833][810]LogModuleManager: Shutting down and abandoning module GraphEditor (138)
[2016.11.18-16.20.19:920][810]LogModuleManager: Shutting down and abandoning module ClassViewer (137)
[2016.11.18-16.20.19:920][810]LogModuleManager: Shutting down and abandoning module Toolbox (136)
[2016.11.18-16.20.19:920][810]LogModuleManager: Shutting down and abandoning module ModuleUI (135)
[2016.11.18-16.20.19:920][810]LogModuleManager: Shutting down and abandoning module MovieSceneTools (134)
[2016.11.18-16.20.19:920][810]LogModuleManager: Shutting down and abandoning module OutputLog (133)
[2016.11.18-16.20.19:920][810]LogModuleManager: Shutting down and abandoning module GammaUI (132)
[2016.11.18-16.20.19:920][810]LogModuleManager: Shutting down and abandoning module Documentation (131)
[2016.11.18-16.20.19:920][810]LogModuleManager: Shutting down and abandoning module GameLiveStreaming (130)
[2016.11.18-16.20.19:920][810]LogModuleManager: Shutting down and abandoning module StreamingPauseRendering (129)
[2016.11.18-16.20.19:920][810]LogModuleManager: Shutting down and abandoning module AnalyticsET (128)
[2016.11.18-16.20.19:920][810]LogModuleManager: Shutting down and abandoning module Analytics (127)
[2016.11.18-16.20.19:921][810]LogModuleManager: Shutting down and abandoning module AITestSuite (126)
[2016.11.18-16.20.19:921][810]LogModuleManager: Shutting down and abandoning module GameplayDebugger (125)
[2016.11.18-16.20.19:921][810]LogModuleManager: Shutting down and abandoning module AIModule (124)
[2016.11.18-16.20.19:921][810]LogModuleManager: Shutting down and abandoning module ProfilerService (123)
[2016.11.18-16.20.20:207][810]LogModuleManager: Shutting down and abandoning module TaskGraph (122)
[2016.11.18-16.20.20:226][810]LogModuleManager: Shutting down and abandoning module SlateRemote (121)
[2016.11.18-16.20.20:227][810]LogModuleManager: Shutting down and abandoning module SteamVRController (120)
[2016.11.18-16.20.20:227][810]LogModuleManager: Shutting down and abandoning module SteamVR (119)
[2016.11.18-16.20.20:227][810]LogModuleManager: Shutting down and abandoning module ProceduralMeshComponent (118)
[2016.11.18-16.20.20:227][810]LogModuleManager: Shutting down and abandoning module OculusLibrary (117)
[2016.11.18-16.20.20:227][810]LogModuleManager: Shutting down and abandoning module OculusInput (116)
[2016.11.18-16.20.20:227][810]LogModuleManager: Shutting down and abandoning module LeapMotionController (115)
[2016.11.18-16.20.20:276][810]LogModuleManager: Shutting down and abandoning module CustomMeshComponent (114)
[2016.11.18-16.20.20:277][810]LogModuleManager: Shutting down and abandoning module CableComponent (113)
[2016.11.18-16.20.20:313][810]LogModuleManager: Shutting down and abandoning module ArchVisCharacter (112)
[2016.11.18-16.20.20:313][810]LogModuleManager: Shutting down and abandoning module MessagingDebugger (111)
[2016.11.18-16.20.20:313][810]LogModuleManager: Shutting down and abandoning module MediaPlayerEditor (110)
[2016.11.18-16.20.20:314][810]LogModuleManager: Shutting down and abandoning module HTML5Networking (109)
[2016.11.18-16.20.20:314][810]LogModuleManager: Shutting down and abandoning module SpeedTreeImporter (108)
[2016.11.18-16.20.20:314][810]LogModuleManager: Shutting down and abandoning module PluginBrowser (107)
[2016.11.18-16.20.20:314][810]LogModuleManager: Shutting down and abandoning module EpicSurvey (106)
[2016.11.18-16.20.20:314][810]LogModuleManager: Shutting down and abandoning module DesktopPlatform (105)
[2016.11.18-16.20.20:343][810]LogModuleManager: Shutting down and abandoning module VisualStudioSourceCodeAccess (104)
[2016.11.18-16.20.20:343][810]LogModuleManager: Shutting down and abandoning module UObjectPlugin (103)
[2016.11.18-16.20.20:343][810]LogModuleManager: Shutting down and abandoning module SubversionSourceControl (102)
[2016.11.18-16.20.20:353][810]LogModuleManager: Shutting down and abandoning module PerforceSourceControl (101)
[2016.11.18-16.20.20:383][810]LogModuleManager: Shutting down and abandoning module SourceControl (100)
[2016.11.18-16.20.20:383][810]LogModuleManager: Shutting down and abandoning module GitSourceControl (99)
[2016.11.18-16.20.20:392][810]LogModuleManager: Shutting down and abandoning module LightPropagationVolumeEditor (98)
[2016.11.18-16.20.20:392][810]LogModuleManager: Shutting down and abandoning module PaperTiledImporter (97)
[2016.11.18-16.20.20:392][810]LogModuleManager: Shutting down and abandoning module PaperSpriteSheetImporter (96)
[2016.11.18-16.20.20:393][810]LogModuleManager: Shutting down and abandoning module MeshPaint (95)
[2016.11.18-16.20.20:393][810]LogModuleManager: Shutting down and abandoning module SlateReflector (94)
[2016.11.18-16.20.20:393][810]LogModuleManager: Shutting down and abandoning module HotReload (93)
[2016.11.18-16.20.20:410][810]LogModuleManager: Shutting down and abandoning module MainFrame (92)
[2016.11.18-16.20.20:410][810]LogModuleManager: Shutting down and abandoning module LevelEditor (91)
[2016.11.18-16.20.20:411][810]LogModuleManager: Shutting down and abandoning module DirectoryWatcher (90)
[2016.11.18-16.20.20:415][810]LogModuleManager: Shutting down and abandoning module AssetRegistry (89)
[2016.11.18-16.20.20:622][810]LogModuleManager: Shutting down and abandoning module ContentBrowser (88)
[2016.11.18-16.20.20:624][810]LogModuleManager: Shutting down and abandoning module Paper2DEditor (87)
[2016.11.18-16.20.20:624][810]LogModuleManager: Shutting down and abandoning module UdpMessaging (86)
[2016.11.18-16.20.20:725][810]LogModuleManager: Shutting down and abandoning module LightPropagationVolumeRuntime (85)
[2016.11.18-16.20.20:725][810]LogModuleManager: Shutting down and abandoning module Paper2D (84)
[2016.11.18-16.20.20:725][810]LogModuleManager: Shutting down and abandoning module WindowsMoviePlayer (83)
[2016.11.18-16.20.20:742][810]LogModuleManager: Shutting down and abandoning module Media (82)
[2016.11.18-16.20.20:742][810]LogModuleManager: Shutting down and abandoning module WmfMedia (81)
[2016.11.18-16.20.20:742][810]LogModuleManager: Shutting down and abandoning module OnlineBlueprintSupport (80)
[2016.11.18-16.20.20:742][810]LogModuleManager: Shutting down and abandoning module GameplayTasksEditor (79)
[2016.11.18-16.20.20:743][810]LogModuleManager: Shutting down and abandoning module PropertyEditor (78)
[2016.11.18-16.20.20:743][810]LogModuleManager: Shutting down and abandoning module BehaviorTreeEditor (77)
[2016.11.18-16.20.20:810][810]LogModuleManager: Shutting down and abandoning module FunctionalTesting (76)
[2016.11.18-16.20.20:810][810]LogModuleManager: Shutting down and abandoning module CollisionAnalyzer (75)
[2016.11.18-16.20.20:819][810]LogModuleManager: Shutting down and abandoning module WorkspaceMenuStructure (74)
[2016.11.18-16.20.20:819][810]LogModuleManager: Shutting down and abandoning module MessageLog (73)
[2016.11.18-16.20.20:819][810]LogModuleManager: Shutting down and abandoning module Sequencer (72)
[2016.11.18-16.20.20:820][810]LogModuleManager: Shutting down and abandoning module AssetTools (71)
[2016.11.18-16.20.20:842][810]LogModuleManager: Shutting down and abandoning module UMGEditor (70)
[2016.11.18-16.20.20:876][810]LogModuleManager: Shutting down and abandoning module UMG (69)
[2016.11.18-16.20.20:893][810]LogModuleManager: Shutting down and abandoning module Slate (68)
[2016.11.18-16.20.20:893][810]LogModuleManager: Shutting down and abandoning module EditorStyle (67)
[2016.11.18-16.20.20:899][810]LogModuleManager: Shutting down and abandoning module SessionServices (66)
[2016.11.18-16.20.20:899][810]LogModuleManager: Shutting down and abandoning module SourceCodeAccess (65)
[2016.11.18-16.20.20:899][810]LogModuleManager: Shutting down and abandoning module HeadMountedDisplay (64)
[2016.11.18-16.20.20:899][810]LogModuleManager: Shutting down and abandoning module XAudio2 (63)
[2016.11.18-16.20.20:899][810]LogModuleManager: Shutting down and abandoning module Networking (61)
[2016.11.18-16.20.20:899][810]LogModuleManager: Shutting down and abandoning module Core (60)
[2016.11.18-16.20.20:899][810]LogModuleManager: Shutting down and abandoning module KismetCompiler (59)
[2016.11.18-16.20.20:899][810]LogModuleManager: Shutting down and abandoning module PhysXFormats (58)
[2016.11.18-16.20.20:899][810]LogModuleManager: Shutting down and abandoning module MeshUtilities (57)
[2016.11.18-16.20.20:899][810]LogModuleManager: Shutting down and abandoning module DerivedDataCache (56)
[2016.11.18-16.20.20:932][810]LogDerivedDataCache: Shutdown
[2016.11.18-16.20.20:932][810]LogModuleManager: Shutting down and abandoning module ShaderFormatOpenGL (55)
[2016.11.18-16.20.20:932][810]LogModuleManager: Shutting down and abandoning module ShaderFormatD3D (54)
[2016.11.18-16.20.20:932][810]LogModuleManager: Shutting down and abandoning module MetalShaderFormat (53)
[2016.11.18-16.20.20:932][810]LogModuleManager: Shutting down and abandoning module TextureFormatUncompressed (52)
[2016.11.18-16.20.20:932][810]LogModuleManager: Shutting down and abandoning module TextureFormatPVR (51)
[2016.11.18-16.20.20:932][810]LogModuleManager: Shutting down and abandoning module TextureFormatIntelISPCTexComp (50)
[2016.11.18-16.20.20:932][810]LogModuleManager: Shutting down and abandoning module TextureFormatDXT (49)
[2016.11.18-16.20.20:932][810]LogModuleManager: Shutting down and abandoning module ImageWrapper (48)
[2016.11.18-16.20.20:932][810]LogModuleManager: Shutting down and abandoning module TextureFormatASTC (47)
[2016.11.18-16.20.20:932][810]LogModuleManager: Shutting down and abandoning module TextureFormatAndroid (46)
[2016.11.18-16.20.20:932][810]LogModuleManager: Shutting down and abandoning module AudioFormatOpus (45)
[2016.11.18-16.20.20:932][810]LogModuleManager: Shutting down and abandoning module AudioFormatOgg (44)
[2016.11.18-16.20.20:932][810]LogModuleManager: Shutting down and abandoning module AudioFormatADPCM (43)
[2016.11.18-16.20.20:932][810]LogModuleManager: Shutting down and abandoning module LinuxTargetPlatform (42)
[2016.11.18-16.20.20:932][810]LogModuleManager: Shutting down and abandoning module LinuxServerTargetPlatform (41)
[2016.11.18-16.20.20:932][810]LogModuleManager: Shutting down and abandoning module LinuxNoEditorTargetPlatform (40)
[2016.11.18-16.20.20:932][810]LogModuleManager: Shutting down and abandoning module Messaging (39)
[2016.11.18-16.20.20:933][810]LogModuleManager: Shutting down and abandoning module IOSTargetPlatform (38)
[2016.11.18-16.20.20:933][810]LogModuleManager: Shutting down and abandoning module HTML5TargetPlatform (37)
[2016.11.18-16.20.20:933][810]LogModuleManager: Shutting down and abandoning module Android_PVRTCTargetPlatform (36)
[2016.11.18-16.20.20:933][810]LogModuleManager: Shutting down and abandoning module Android_MultiTargetPlatform (35)
[2016.11.18-16.20.20:933][810]LogModuleManager: Shutting down and abandoning module Android_ETC2TargetPlatform (34)
[2016.11.18-16.20.20:933][810]LogModuleManager: Shutting down and abandoning module Android_ETC1TargetPlatform (33)
[2016.11.18-16.20.20:933][810]LogModuleManager: Shutting down and abandoning module Android_DXTTargetPlatform (32)
[2016.11.18-16.20.20:933][810]LogModuleManager: Shutting down and abandoning module Android_ATCTargetPlatform (31)
[2016.11.18-16.20.20:933][810]LogModuleManager: Shutting down and abandoning module Android_ASTCTargetPlatform (30)
[2016.11.18-16.20.20:933][810]LogModuleManager: Shutting down and abandoning module AndroidTargetPlatform (29)
[2016.11.18-16.20.20:933][810]LogModuleManager: Shutting down and abandoning module WindowsTargetPlatform (28)
[2016.11.18-16.20.20:933][810]LogModuleManager: Shutting down and abandoning module WindowsServerTargetPlatform (27)
[2016.11.18-16.20.20:933][810]LogModuleManager: Shutting down and abandoning module WindowsNoEditorTargetPlatform (26)
[2016.11.18-16.20.20:933][810]LogModuleManager: Shutting down and abandoning module WindowsClientTargetPlatform (25)
[2016.11.18-16.20.20:933][810]LogModuleManager: Shutting down and abandoning module AllDesktopTargetPlatform (24)
[2016.11.18-16.20.20:933][810]LogModuleManager: Shutting down and abandoning module TargetPlatform (23)
[2016.11.18-16.20.20:933][810]LogModuleManager: Shutting down and abandoning module InputCore (22)
[2016.11.18-16.20.20:933][810]LogModuleManager: Shutting down and abandoning module Settings (21)
[2016.11.18-16.20.20:933][810]LogModuleManager: Shutting down and abandoning module OnlineSubsystem (19)
[2016.11.18-16.20.20:933][810]LogModuleManager: Shutting down and abandoning module HTTP (18)
[2016.11.18-16.20.22:937][810]LogModuleManager: Shutting down and abandoning module XMPP (17)
[2016.11.18-16.20.22:944][810]LogModuleManager: Shutting down and abandoning module OculusRift (16)
[2016.11.18-16.20.22:995][810]LogModuleManager: Shutting down and abandoning module ExampleDeviceProfileSelector (15)
[2016.11.18-16.20.22:995][810]LogModuleManager: Shutting down and abandoning module TextureCompressor (14)
[2016.11.18-16.20.22:995][810]LogModuleManager: Shutting down and abandoning module ShaderCore (13)
[2016.11.18-16.20.22:995][810]LogModuleManager: Shutting down and abandoning module Landscape (12)
[2016.11.18-16.20.22:995][810]LogModuleManager: Shutting down and abandoning module SlateRHIRenderer (11)
[2016.11.18-16.20.22:999][810]LogModuleManager: Shutting down and abandoning module OpenGLDrv (10)
[2016.11.18-16.20.22:999][810]LogModuleManager: Shutting down and abandoning module D3D11RHI (9)
[2016.11.18-16.20.22:999][810]LogModuleManager: Shutting down and abandoning module AnimGraphRuntime (8)
[2016.11.18-16.20.22:999][810]LogModuleManager: Shutting down and abandoning module Renderer (7)
[2016.11.18-16.20.22:999][810]LogModuleManager: Shutting down and abandoning module Engine (6)
[2016.11.18-16.20.22:999][810]LogModuleManager: Shutting down and abandoning module CoreUObject (5)
[2016.11.18-16.20.22:999][810]LogModuleManager: Shutting down and abandoning module NetworkFile (4)
[2016.11.18-16.20.23:028][810]LogModuleManager: Shutting down and abandoning module StreamingFile (3)
[2016.11.18-16.20.23:028][810]LogModuleManager: Shutting down and abandoning module SandboxFile (2)
[2016.11.18-16.20.23:029][810]LogModuleManager: Shutting down and abandoning module PakFile (1)
[2016.11.18-16.20.23:030][810]LogExit: Exiting.
[2016.11.18-16.20.23:052][810]Log file closed, 11/18/16 10:20:23
