[2016.11.29-07.34.17:296][  0]Log file open, 11/29/16 01:34:17
[2016.11.29-07.34.17:296][  0]LogInit:Display: Running engine for game: TempleLevel
[2016.11.29-07.34.17:296][  0]LogPlatformFile: Not using cached read wrapper
[2016.11.29-07.34.17:296][  0]LogInit:Display: RandInit(-665606286) SRandInit(-665606284).
[2016.11.29-07.34.17:296][  0]LogTaskGraph: Started task graph with 4 named threads and 5 total threads.
[2016.11.29-07.34.17:296][  0]LogStats: Stats thread started at 0.489387
[2016.11.29-07.34.17:297][  0]LogInit: Version: 4.10.4-2872498+++depot+UE4-Releases+4.10
[2016.11.29-07.34.17:297][  0]LogInit: API Version: 2758231
[2016.11.29-07.34.17:297][  0]LogInit: Compiled (64-bit): Feb 18 2016 15:47:04
[2016.11.29-07.34.17:297][  0]LogInit: Compiled with Visual C++: 19.00.23026.00
[2016.11.29-07.34.17:297][  0]LogInit: Build Configuration: Development
[2016.11.29-07.34.17:297][  0]LogInit: Branch Name: ++depot+UE4-Releases+4.10
[2016.11.29-07.34.17:297][  0]LogInit: Command line:  
[2016.11.29-07.34.17:297][  0]LogInit: Base directory: C:/Program Files (x86)/Epic Games/4.10/Engine/Binaries/Win64/
[2016.11.29-07.34.17:297][  0]LogInit: Rocket: 1
[2016.11.29-07.34.17:618][  0]LogInit: Using libcurl 7.41.0
[2016.11.29-07.34.17:618][  0]LogInit:  - built for x86_64-pc-win32
[2016.11.29-07.34.17:618][  0]LogInit:  - supports SSL with WinSSL
[2016.11.29-07.34.17:618][  0]LogInit:  - other features:
[2016.11.29-07.34.17:618][  0]LogInit:      CURL_VERSION_SSL
[2016.11.29-07.34.17:618][  0]LogInit:      CURL_VERSION_IPV6
[2016.11.29-07.34.17:618][  0]LogInit:      CURL_VERSION_ASYNCHDNS
[2016.11.29-07.34.17:618][  0]LogInit:      CURL_VERSION_LARGEFILE
[2016.11.29-07.34.17:618][  0]LogInit:      CURL_VERSION_IDN
[2016.11.29-07.34.17:618][  0]LogInit:  CurlRequestOptions (configurable via config and command line):
[2016.11.29-07.34.17:618][  0]LogInit:  - bVerifyPeer = true  - Libcurl will verify peer certificate
[2016.11.29-07.34.17:618][  0]LogInit:  - bUseHttpProxy = false  - Libcurl will NOT use HTTP proxy
[2016.11.29-07.34.17:618][  0]LogInit:  - bDontReuseConnections = false  - Libcurl will reuse connections
[2016.11.29-07.34.17:618][  0]LogInit:  - CertBundlePath = nullptr  - Libcurl will use whatever was configured at build time.
[2016.11.29-07.34.18:134][  0]LogInit: Presizing for 0 objects not considered by GC, pre-allocating 0 bytes.
[2016.11.29-07.34.18:145][  0]LogInit: Object subsystem initialized
[2016.11.29-07.34.18:146][  0]LogInit: Selected Device Profile: [Windows]
[2016.11.29-07.34.18:146][  0]LogInit: Applying CVar settings loaded from the selected device profile: [Windows]
[2016.11.29-07.34.18:256][  0]LogInit: Computer: JARVIS
[2016.11.29-07.34.18:256][  0]LogInit: User: APCT1000
[2016.11.29-07.34.18:256][  0]LogInit: CPU Page size=4096, Cores=2
[2016.11.29-07.34.18:256][  0]LogInit: High frequency timer resolution =1.656323 MHz
[2016.11.29-07.34.18:256][  0]LogMemory: Memory total: Physical=5.9GB (6GB approx)
[2016.11.29-07.34.18:256][  0]LogMemory: Platform Memory Stats for Windows
[2016.11.29-07.34.18:256][  0]LogMemory: Process Physical Memory: 54.29 MB used, 54.29 MB peak
[2016.11.29-07.34.18:256][  0]LogMemory: Process Virtual Memory: 57.25 MB used, 57.25 MB peak
[2016.11.29-07.34.18:256][  0]LogMemory: Physical Memory: 2757.24 MB used, 6045.10 MB total
[2016.11.29-07.34.18:256][  0]LogMemory: Virtual Memory: 364.30 MB used, 134217728.00 MB total
[2016.11.29-07.34.19:751][  0]LogTextLocalizationManager: No specific translations for ('en-US') exist, so ('en') translations will be used.
[2016.11.29-07.34.20:973][  0]LogD3D11RHI: Found D3D11 adapter 0: Intel(R) HD Graphics Family (Feature Level 11_0)
[2016.11.29-07.34.20:973][  0]LogD3D11RHI: Adapter has 128MB of dedicated video memory, 0MB of dedicated system memory, and 1792MB of shared system memory, 1 output[s]
[2016.11.29-07.34.20:975][  0]LogD3D11RHI: Found D3D11 adapter 1: Microsoft Basic Render Driver (Feature Level 11_0)
[2016.11.29-07.34.20:975][  0]LogD3D11RHI: Adapter has 0MB of dedicated video memory, 0MB of dedicated system memory, and 256MB of shared system memory, 0 output[s]
[2016.11.29-07.34.20:975][  0]LogD3D11RHI: Chosen D3D11 Adapter Id = 0
[2016.11.29-07.34.20:981][  0]LogD3D11RHI: !Direct3DDevice
[2016.11.29-07.34.20:981][  0]LogRHI: Texture pool is 716 MB (70% of 1024 MB)
[2016.11.29-07.34.20:994][  0]LogD3D11RHI: Async texture creation enabled
[2016.11.29-07.34.21:004][  0]LogShaderCompilers: Guid format shader working directory is -22 characters bigger than the processId version (../../../../../../Users/APCT1_000/Documents/Unreal Projects/TempleLevel/Intermediate/Shaders/WorkingDirectory/8768/).
[2016.11.29-07.34.21:004][  0]LogShaderCompilers: Cleaned the shader compiler working directory 'C:/Users/APCT1_~1/AppData/Local/Temp/UnrealShaderWorkingDir/45A7AE7444D71AE221041C9B523152BF/'.
[2016.11.29-07.34.21:004][  0]LogShaderCompilers:Display: Using Local Shader Compiler.
[2016.11.29-07.34.33:879][  0]LogTemp:Display: Loaded TP AllDesktopTargetPlatform
[2016.11.29-07.34.33:888][  0]LogTemp:Display: Loaded TP WindowsClientTargetPlatform
[2016.11.29-07.34.33:899][  0]LogTemp:Display: Loaded TP WindowsNoEditorTargetPlatform
[2016.11.29-07.34.33:912][  0]LogTemp:Display: Loaded TP WindowsServerTargetPlatform
[2016.11.29-07.34.33:920][  0]LogTemp:Display: Loaded TP WindowsTargetPlatform
[2016.11.29-07.34.33:945][  0]LogTemp:Display: Loaded TP AndroidTargetPlatform
[2016.11.29-07.34.33:952][  0]LogTemp:Display: Loaded TP Android_ASTCTargetPlatform
[2016.11.29-07.34.33:958][  0]LogTemp:Display: Loaded TP Android_ATCTargetPlatform
[2016.11.29-07.34.33:965][  0]LogTemp:Display: Loaded TP Android_DXTTargetPlatform
[2016.11.29-07.34.33:971][  0]LogTemp:Display: Loaded TP Android_ETC1TargetPlatform
[2016.11.29-07.34.33:979][  0]LogTemp:Display: Loaded TP Android_ETC2TargetPlatform
[2016.11.29-07.34.33:996][  0]LogTemp:Display: Loaded TP Android_MultiTargetPlatform
[2016.11.29-07.34.33:996][  0]LogTemp:Display: Loaded TP Android_PVRTCTargetPlatform
[2016.11.29-07.34.33:998][  0]LogTemp:Display: Loaded TP HTML5TargetPlatform
[2016.11.29-07.34.34:211][  0]LogTemp:Display: Loaded TP IOSTargetPlatform
[2016.11.29-07.34.34:216][  0]LogTemp:Display: Loaded TP LinuxNoEditorTargetPlatform
[2016.11.29-07.34.34:225][  0]LogTemp:Display: Loaded TP LinuxServerTargetPlatform
[2016.11.29-07.34.34:252][  0]LogTemp:Display: Loaded TP LinuxTargetPlatform
[2016.11.29-07.34.34:252][  0]LogTargetPlatformManager:Display: Building Assets For Windows
[2016.11.29-07.34.36:531][  0]LogDerivedDataCache:Display: Max Cache Size: 512 MB
[2016.11.29-07.34.36:992][  0]LogDerivedDataCache: Loaded boot cache 0.46s 41MB C:/Users/APCT1_000/AppData/Local/UnrealEngine/4.10/DerivedDataCache/Boot.ddc.
[2016.11.29-07.34.36:992][  0]LogDerivedDataCache:Display: Loaded Boot cache: C:/Users/APCT1_000/AppData/Local/UnrealEngine/4.10/DerivedDataCache/Boot.ddc
[2016.11.29-07.34.36:992][  0]LogDerivedDataCache: FDerivedDataBackendGraph:  Pak pak cache file ../../../../../../Users/APCT1_000/Documents/Unreal Projects/TempleLevel/DerivedDataCache/DDC.ddp not found, will not use a pak cache.
[2016.11.29-07.34.36:992][  0]LogDerivedDataCache: Unable to find inner node Pak for hierarchical cache Hierarchy.
[2016.11.29-07.34.36:992][  0]LogDerivedDataCache: FDerivedDataBackendGraph:  CompressedPak pak cache file ../../../../../../Users/APCT1_000/Documents/Unreal Projects/TempleLevel/DerivedDataCache/Compressed.ddp not found, will not use a pak cache.
[2016.11.29-07.34.36:992][  0]LogDerivedDataCache: Unable to find inner node CompressedPak for hierarchical cache Hierarchy.
[2016.11.29-07.34.37:181][  0]LogDerivedDataCache:Display: Pak cache opened for reading ../../../Engine/DerivedDataCache/Compressed.ddp.
[2016.11.29-07.34.37:201][  0]LogDerivedDataCache: Using Local data cache path C:/Users/APCT1_000/AppData/Local/UnrealEngine/Common/DerivedDataCache: Writable
[2016.11.29-07.35.13:251][  0]LogInit: Selected Device Profile: [Windows]
[2016.11.29-07.35.13:258][  0]LogContentStreaming: Texture pool size is 0.000000MB
[2016.11.29-07.35.14:147][  0]LogMeshUtilities: No automatic mesh reduction module available
[2016.11.29-07.35.14:147][  0]LogMeshUtilities: No automatic mesh merging module available
[2016.11.29-07.35.18:382][  0]LogInit: WinSock: version 1.1 (2.2), MaxSocks=32767, MaxUdp=65467
[2016.11.29-07.36.06:752][  0]UdpMessaging: Initializing bridge on interface 0.0.0.0:0 to multicast group 230.0.0.1:6666.
[2016.11.29-07.36.07:749][  0]LogAssetRegistry: FAssetRegistry took 0.0114 seconds to start up
[2016.11.29-07.36.09:871][  0]SourceControl: Info Source control is disabled
[2016.11.29-07.36.09:872][  0]SourceControl: Info Source control is disabled
[2016.11.29-07.36.09:990][  0]SourceControl: Info Source control is disabled
[2016.11.29-07.36.10:022][  0]SourceControl: Info Source control is disabled
[2016.11.29-07.36.12:831][  0]LogObj: 28633 objects as part of root set at end of initial load.
[2016.11.29-07.36.12:831][  0]LogUObjectAllocator: 6099744 out of 0 bytes used by permanent object pool.
[2016.11.29-07.36.13:264][  0]LogEngine: Initializing Engine...
[2016.11.29-07.36.13:269][  0]LogHMD: Can't find Oculus library dev build: is proper Runtime installed? Version: 0.8.0.0
[2016.11.29-07.36.13:469][  0]LogHMD: SteamVR failed to initialize.  Err: 110
[2016.11.29-07.36.14:687][  0]LogAIModule: Creating AISystem for world NewWorld
[2016.11.29-07.36.14:768][  0]LogInit: XAudio2 using 'Speakers (Realtek High Definition Audio)' : 2 channels at 48 kHz using 32 bits per sample (channel mask 0x3)
[2016.11.29-07.36.15:242][  0]LogInit: FAudioDevice initialized.
[2016.11.29-07.36.15:318][  0]LogDerivedDataCache: Saved boot cache 0.08s 41MB C:/Users/APCT1_000/AppData/Local/UnrealEngine/4.10/DerivedDataCache/Boot.ddc.
[2016.11.29-07.36.15:328][  0]LogInit: Texture streaming: Enabled
[2016.11.29-07.36.15:342][  0]LogAnalytics: Creating configured Analytics provider AnalyticsET
[2016.11.29-07.36.15:343][  0]LogAnalytics: [UEEditor.Rocket.Release] APIServer = http://et2.epicgames.com/ET2/. AppVersion = 4.10.4-2872498+++depot+UE4-Releases+4.10
[2016.11.29-07.36.15:343][  0]LogAnalytics: [UEEditor.Rocket.Release] SetUserId a7be9ccd4953bc1fe15c0da22ce2d979|a89c628686e241409358cf1cfd870a0b|6b331781-92f5-44f4-a153-a924a427f7f8
[2016.11.29-07.36.15:343][  0]LogAnalytics: [UEEditor.Rocket.Release] AnalyticsET::StartSession
[2016.11.29-07.36.15:365][  0]LogInit: Transaction tracking system initialized
[2016.11.29-07.36.15:468][  0]BlueprintLog: New page: Editor Load
[2016.11.29-07.36.16:169][  0]LocalizationService: Info Localization service is disabled
[2016.11.29-07.36.17:251][  0]LogConsoleResponse:Display: 
[2016.11.29-07.36.20:836][  0]LogCook:Display: Done creating registry. It took  0.00s.
[2016.11.29-07.36.21:429][  0]LogFileCache: Scanning file cache for directory 'C:/Users/APCT1_000/Documents/Unreal Projects/TempleLevel/Content/' took 0.08s
[2016.11.29-07.36.21:429][  0]SourceControl: Info Source control is disabled
[2016.11.29-07.36.21:429][  0]Cmd: MAP LOAD FILE="../../../Engine/Content/Maps/Templates/Template_Default.umap" TEMPLATE=1 SHOWPROGRESS=1 FEATURELEVEL=3
[2016.11.29-07.36.21:503][  0]LightingResults: New page: Lighting Build
[2016.11.29-07.36.21:510][  0]MapCheck: New page: Map Check
[2016.11.29-07.36.21:510][  0]LightingResults: New page: Lighting Build
[2016.11.29-07.36.21:547][  0]LogParticles: Destroying 0 GPU particle simulations for FXSystem 0x0000002BF745BB00
[2016.11.29-07.36.23:177][  0]LogAIModule: Creating AISystem for world Untitled_1
[2016.11.29-07.36.23:236][  0]LogEditorServer: Finished looking for orphan Actors (0.000 secs)
[2016.11.29-07.36.23:250][  0]Cmd: MAP CHECKDEP NOCLEARLOG
[2016.11.29-07.36.23:399][  0]MapCheck: Info Map check complete: 0 Error(s), 0 Warning(s), took 148.658ms to complete.
[2016.11.29-07.36.23:399][  0]LogFileHelpers: Loading map 'Template_Default' took 1.970
[2016.11.29-07.36.23:897][  0]LogCollectionManager: Loaded 0 collections in 0.017717 seconds
[2016.11.29-07.36.23:946][  0]LogFileCache: Scanning file cache for directory 'C:/Users/APCT1_000/Documents/Unreal Projects/TempleLevel/Saved/Collections/' took 0.01s
[2016.11.29-07.36.23:946][  0]LogFileCache: Scanning file cache for directory 'C:/Users/APCT1_000/Documents/Unreal Projects/TempleLevel/Content/Developers/APCT1000/Collections/' took 0.01s
[2016.11.29-07.36.23:946][  0]LogFileCache: Scanning file cache for directory 'C:/Users/APCT1_000/Documents/Unreal Projects/TempleLevel/Content/Collections/' took 0.01s
[2016.11.29-07.36.23:946][  0]LogCollectionManager: Rebuilt the GUID cache for 0 collections in 0.000007 seconds
[2016.11.29-07.36.23:960][  0]LogContentBrowser: Native class hierarchy populated in 0.0140 seconds. Added 1893 classes and 338 folders.
[2016.11.29-07.36.23:972][  0]LogContentBrowser: Native class hierarchy updated for 'WidgetCarousel' in 0.0009 seconds. Added 0 classes and 0 folders.
[2016.11.29-07.36.26:977][  0]LogContentBrowser: Native class hierarchy updated for 'AddContentDialog' in 0.0008 seconds. Added 0 classes and 0 folders.
[2016.11.29-07.36.27:008][  0]LogContentBrowser: Native class hierarchy updated for 'SceneOutliner' in 0.0010 seconds. Added 1 classes and 2 folders.
[2016.11.29-07.36.27:231][  0]LogCrashTracker: Crashtracker disabled due to settings.
[2016.11.29-07.36.27:239][  0]LogUObjectGlobals:Warning: Failed to find object 'Class None.'
[2016.11.29-07.36.27:272][  0]LogLoad: Full Startup: 136.79 seconds (BP compile: 0.38 seconds)
[2016.11.29-07.36.27:289][  0]LogWindowsTextInputMethodSystem:Display: IME system now deactivated.
[2016.11.29-07.36.27:290][  0]LogWindowsTextInputMethodSystem:Display: IME system now deactivated.
[2016.11.29-07.36.27:293][  0]LogOcInput: Can't find Oculus library dev build: is proper Runtime installed? Version: 0.8.0.0
[2016.11.29-07.36.28:088][  0]LogContentStreaming: Texture pool size now 200 MB
[2016.11.29-07.36.28:497][  0]LogRenderer: Reallocating scene render targets to support 812x352 (Frame:2).
[2016.11.29-07.36.29:364][  4]LogAssetRegistry: Asset discovery search completed in 21.6267 seconds
[2016.11.29-07.36.29:364][  4]LogCollectionManager: Rebuilt the object cache for 0 collections in 0.000001 seconds (found 0 objects)
[2016.11.29-07.36.29:364][  4]LogCollectionManager: Fixed up redirectors for 0 collections in 0.000065 seconds (updated 0 objects)
[2016.11.29-07.38.03:095][571]LogAIModule: Creating AISystem for world RogueElementTemple
[2016.11.29-07.38.03:125][571]LogMaterial:Warning: Material /Game/InfinityBladeGrassLands/Environments/Plains/Env_Plains_Floors/Materials/M_Plains_Floors_Block.M_Plains_Floors_Block needed to have new flag set bUsedWithInstancedStaticMeshes !
[2016.11.29-07.38.03:286][571]LogMaterial: Missing cached shader map for material M_Plains_Floors_Block, compiling. 
[2016.11.29-07.38.03:372][571]MapCheck:Warning: Warning M_Plains_Floors_Block Material /Game/InfinityBladeGrassLands/Environments/Plains/Env_Plains_Floors/Materials/M_Plains_Floors_Block.M_Plains_Floors_Block was missing the usage flag bUsedWithInstancedStaticMeshes. If the material asset is not re-saved, it may not render correctly when run outside the editor. Fix
[2016.11.29-07.38.03:383][571]LogMaterial: 0.000224 seconds spent updating 1 materials, 1 interfaces, 0 instances, 0 with static permutations.
[2016.11.29-07.38.03:383][571]LogMaterial:Warning: Material /Game/InfinityBladeGrassLands/Environments/Plains/Env_Plains_Floors/Materials/M_Plains_FloorTrims.M_Plains_FloorTrims needed to have new flag set bUsedWithInstancedStaticMeshes !
[2016.11.29-07.38.03:400][571]LogMaterial: Missing cached shader map for material M_Plains_FloorTrims, compiling. 
[2016.11.29-07.38.03:433][571]MapCheck:Warning: Warning M_Plains_FloorTrims Material /Game/InfinityBladeGrassLands/Environments/Plains/Env_Plains_Floors/Materials/M_Plains_FloorTrims.M_Plains_FloorTrims was missing the usage flag bUsedWithInstancedStaticMeshes. If the material asset is not re-saved, it may not render correctly when run outside the editor. Fix
[2016.11.29-07.38.03:434][571]LogMaterial: 0.000222 seconds spent updating 1 materials, 1 interfaces, 0 instances, 0 with static permutations.
[2016.11.29-07.38.03:458][571]LogParticles:Warning: InitializeSystem called on an unregistered component. Template=/Game/StarterContent/Particles/P_Fire.P_Fire Component=/Game/RogueElementTemple.RogueElementTemple:PersistentLevel.Fire1.ParticleSystemComponent0
[2016.11.29-07.38.03:501][571]LogParticles:Warning: InitializeSystem called on an unregistered component. Template=/Game/StarterContent/Particles/P_Fire.P_Fire Component=/Game/RogueElementTemple.RogueElementTemple:PersistentLevel.Fire2.ParticleSystemComponent0
[2016.11.29-07.38.03:502][571]LogParticles:Warning: InitializeSystem called on an unregistered component. Template=/Game/StarterContent/Particles/P_Fire.P_Fire Component=/Game/RogueElementTemple.RogueElementTemple:PersistentLevel.Fire3.ParticleSystemComponent0
[2016.11.29-07.38.03:503][571]LogParticles:Warning: InitializeSystem called on an unregistered component. Template=/Game/StarterContent/Particles/P_Fire.P_Fire Component=/Game/RogueElementTemple.RogueElementTemple:PersistentLevel.Fire4.ParticleSystemComponent0
[2016.11.29-07.38.03:503][571]LogParticles:Warning: InitializeSystem called on an unregistered component. Template=/Game/StarterContent/Particles/P_Fire.P_Fire Component=/Game/RogueElementTemple.RogueElementTemple:PersistentLevel.Fire6.ParticleSystemComponent0
[2016.11.29-07.38.03:504][571]LogParticles:Warning: InitializeSystem called on an unregistered component. Template=/Game/StarterContent/Particles/P_Fire.P_Fire Component=/Game/RogueElementTemple.RogueElementTemple:PersistentLevel.Fire7.ParticleSystemComponent0
[2016.11.29-07.38.03:504][571]LogParticles:Warning: InitializeSystem called on an unregistered component. Template=/Game/StarterContent/Particles/P_Fire.P_Fire Component=/Game/RogueElementTemple.RogueElementTemple:PersistentLevel.Fire8.ParticleSystemComponent0
[2016.11.29-07.38.03:505][571]LogParticles:Warning: InitializeSystem called on an unregistered component. Template=/Game/StarterContent/Particles/P_Fire.P_Fire Component=/Game/RogueElementTemple.RogueElementTemple:PersistentLevel.Fire9.ParticleSystemComponent0
[2016.11.29-07.38.03:505][571]LogParticles:Warning: InitializeSystem called on an unregistered component. Template=/Game/StarterContent/Particles/P_Fire.P_Fire Component=/Game/RogueElementTemple.RogueElementTemple:PersistentLevel.Fire10.ParticleSystemComponent0
[2016.11.29-07.38.03:506][571]LogParticles:Warning: InitializeSystem called on an unregistered component. Template=/Game/StarterContent/Particles/P_Fire.P_Fire Component=/Game/RogueElementTemple.RogueElementTemple:PersistentLevel.Fire11.ParticleSystemComponent0
[2016.11.29-07.38.03:506][571]LogParticles:Warning: InitializeSystem called on an unregistered component. Template=/Game/StarterContent/Particles/P_Fire.P_Fire Component=/Game/RogueElementTemple.RogueElementTemple:PersistentLevel.Fire12.ParticleSystemComponent0
[2016.11.29-07.38.03:507][571]LogParticles:Warning: InitializeSystem called on an unregistered component. Template=/Game/StarterContent/Particles/P_Fire.P_Fire Component=/Game/RogueElementTemple.RogueElementTemple:PersistentLevel.Fire13.ParticleSystemComponent0
[2016.11.29-07.38.03:507][571]LogParticles:Warning: InitializeSystem called on an unregistered component. Template=/Game/StarterContent/Particles/P_Fire.P_Fire Component=/Game/RogueElementTemple.RogueElementTemple:PersistentLevel.Fire14.ParticleSystemComponent0
[2016.11.29-07.38.03:508][571]LogParticles:Warning: InitializeSystem called on an unregistered component. Template=/Game/StarterContent/Particles/P_Fire.P_Fire Component=/Game/RogueElementTemple.RogueElementTemple:PersistentLevel.Fire15.ParticleSystemComponent0
[2016.11.29-07.38.03:508][571]LogParticles:Warning: InitializeSystem called on an unregistered component. Template=/Game/StarterContent/Particles/P_Fire.P_Fire Component=/Game/RogueElementTemple.RogueElementTemple:PersistentLevel.Fire16.ParticleSystemComponent0
[2016.11.29-07.38.03:509][571]LogParticles:Warning: InitializeSystem called on an unregistered component. Template=/Game/StarterContent/Particles/P_Fire.P_Fire Component=/Game/RogueElementTemple.RogueElementTemple:PersistentLevel.Fire17.ParticleSystemComponent0
[2016.11.29-07.38.03:510][571]LogParticles:Warning: InitializeSystem called on an unregistered component. Template=/Game/StarterContent/Particles/P_Fire.P_Fire Component=/Game/RogueElementTemple.RogueElementTemple:PersistentLevel.Fire18.ParticleSystemComponent0
[2016.11.29-07.38.03:510][571]LogParticles:Warning: InitializeSystem called on an unregistered component. Template=/Game/StarterContent/Particles/P_Fire.P_Fire Component=/Game/RogueElementTemple.RogueElementTemple:PersistentLevel.Fire19.ParticleSystemComponent0
[2016.11.29-07.38.03:510][571]LogParticles:Warning: InitializeSystem called on an unregistered component. Template=/Game/StarterContent/Particles/P_Fire.P_Fire Component=/Game/RogueElementTemple.RogueElementTemple:PersistentLevel.Fire20.ParticleSystemComponent0
[2016.11.29-07.38.03:510][571]LogParticles:Warning: InitializeSystem called on an unregistered component. Template=/Game/StarterContent/Particles/P_Fire.P_Fire Component=/Game/RogueElementTemple.RogueElementTemple:PersistentLevel.Fire21.ParticleSystemComponent0
[2016.11.29-07.38.03:511][571]LogParticles:Warning: InitializeSystem called on an unregistered component. Template=/Game/StarterContent/Particles/P_Fire.P_Fire Component=/Game/RogueElementTemple.RogueElementTemple:PersistentLevel.Fire22.ParticleSystemComponent0
[2016.11.29-07.38.03:512][571]LogParticles:Warning: InitializeSystem called on an unregistered component. Template=/Game/StarterContent/Particles/P_Fire.P_Fire Component=/Game/RogueElementTemple.RogueElementTemple:PersistentLevel.Fire23.ParticleSystemComponent0
[2016.11.29-07.38.03:512][571]LogParticles:Warning: InitializeSystem called on an unregistered component. Template=/Game/StarterContent/Particles/P_Fire.P_Fire Component=/Game/RogueElementTemple.RogueElementTemple:PersistentLevel.Fire24.ParticleSystemComponent0
[2016.11.29-07.38.03:513][571]LogParticles:Warning: InitializeSystem called on an unregistered component. Template=/Game/StarterContent/Particles/P_Fire.P_Fire Component=/Game/RogueElementTemple.RogueElementTemple:PersistentLevel.Fire25.ParticleSystemComponent0
[2016.11.29-07.38.03:513][571]LogParticles:Warning: InitializeSystem called on an unregistered component. Template=/Game/StarterContent/Particles/P_Fire.P_Fire Component=/Game/RogueElementTemple.RogueElementTemple:PersistentLevel.Fire26.ParticleSystemComponent0
[2016.11.29-07.38.03:514][571]LogParticles:Warning: InitializeSystem called on an unregistered component. Template=/Game/StarterContent/Particles/P_Fire.P_Fire Component=/Game/RogueElementTemple.RogueElementTemple:PersistentLevel.Fire27.ParticleSystemComponent0
[2016.11.29-07.38.03:514][571]LogParticles:Warning: InitializeSystem called on an unregistered component. Template=/Game/StarterContent/Particles/P_Fire.P_Fire Component=/Game/RogueElementTemple.RogueElementTemple:PersistentLevel.Fire28.ParticleSystemComponent0
[2016.11.29-07.38.03:533][571]LogParticles:Warning: InitializeSystem called on an unregistered component. Template=/Game/StarterContent/Particles/P_Fire.P_Fire Component=/Game/RogueElementTemple.RogueElementTemple:PersistentLevel.Fire29.ParticleSystemComponent0
[2016.11.29-07.38.03:534][571]LogParticles:Warning: InitializeSystem called on an unregistered component. Template=/Game/StarterContent/Particles/P_Fire.P_Fire Component=/Game/RogueElementTemple.RogueElementTemple:PersistentLevel.Fire30.ParticleSystemComponent0
[2016.11.29-07.38.03:534][571]LogParticles:Warning: InitializeSystem called on an unregistered component. Template=/Game/StarterContent/Particles/P_Fire.P_Fire Component=/Game/RogueElementTemple.RogueElementTemple:PersistentLevel.Fire31.ParticleSystemComponent0
[2016.11.29-07.38.03:534][571]LogParticles:Warning: InitializeSystem called on an unregistered component. Template=/Game/StarterContent/Particles/P_Fire.P_Fire Component=/Game/RogueElementTemple.RogueElementTemple:PersistentLevel.Fire32.ParticleSystemComponent0
[2016.11.29-07.38.03:535][571]LogParticles:Warning: InitializeSystem called on an unregistered component. Template=/Game/StarterContent/Particles/P_Fire.P_Fire Component=/Game/RogueElementTemple.RogueElementTemple:PersistentLevel.Fire33.ParticleSystemComponent0
[2016.11.29-07.38.03:535][571]LogParticles:Warning: InitializeSystem called on an unregistered component. Template=/Game/StarterContent/Particles/P_Fire.P_Fire Component=/Game/RogueElementTemple.RogueElementTemple:PersistentLevel.Fire34.ParticleSystemComponent0
[2016.11.29-07.38.03:536][571]LogParticles:Warning: InitializeSystem called on an unregistered component. Template=/Game/StarterContent/Particles/P_Fire.P_Fire Component=/Game/RogueElementTemple.RogueElementTemple:PersistentLevel.Fire35.ParticleSystemComponent0
[2016.11.29-07.38.03:536][571]LogParticles:Warning: InitializeSystem called on an unregistered component. Template=/Game/StarterContent/Particles/P_Fire.P_Fire Component=/Game/RogueElementTemple.RogueElementTemple:PersistentLevel.Fire36.ParticleSystemComponent0
[2016.11.29-07.38.03:537][571]LogParticles:Warning: InitializeSystem called on an unregistered component. Template=/Game/StarterContent/Particles/P_Fire.P_Fire Component=/Game/RogueElementTemple.RogueElementTemple:PersistentLevel.Fire37.ParticleSystemComponent0
[2016.11.29-07.38.03:537][571]LogParticles:Warning: InitializeSystem called on an unregistered component. Template=/Game/StarterContent/Particles/P_Fire.P_Fire Component=/Game/RogueElementTemple.RogueElementTemple:PersistentLevel.Fire38.ParticleSystemComponent0
[2016.11.29-07.38.03:538][571]LogParticles:Warning: InitializeSystem called on an unregistered component. Template=/Game/StarterContent/Particles/P_Fire.P_Fire Component=/Game/RogueElementTemple.RogueElementTemple:PersistentLevel.Fire39.ParticleSystemComponent0
[2016.11.29-07.38.03:538][571]LogParticles:Warning: InitializeSystem called on an unregistered component. Template=/Game/StarterContent/Particles/P_Fire.P_Fire Component=/Game/RogueElementTemple.RogueElementTemple:PersistentLevel.Fire40.ParticleSystemComponent0
[2016.11.29-07.38.03:538][571]LogParticles:Warning: InitializeSystem called on an unregistered component. Template=/Game/StarterContent/Particles/P_Fire.P_Fire Component=/Game/RogueElementTemple.RogueElementTemple:PersistentLevel.Fire41.ParticleSystemComponent0
[2016.11.29-07.38.03:539][571]LogParticles:Warning: InitializeSystem called on an unregistered component. Template=/Game/StarterContent/Particles/P_Fire.P_Fire Component=/Game/RogueElementTemple.RogueElementTemple:PersistentLevel.Fire42.ParticleSystemComponent0
[2016.11.29-07.38.03:540][571]LogParticles:Warning: InitializeSystem called on an unregistered component. Template=/Game/StarterContent/Particles/P_Fire.P_Fire Component=/Game/RogueElementTemple.RogueElementTemple:PersistentLevel.Fire43.ParticleSystemComponent0
[2016.11.29-07.38.03:541][571]LogParticles:Warning: InitializeSystem called on an unregistered component. Template=/Game/StarterContent/Particles/P_Fire.P_Fire Component=/Game/RogueElementTemple.RogueElementTemple:PersistentLevel.Fire44.ParticleSystemComponent0
[2016.11.29-07.38.03:542][571]LogParticles:Warning: InitializeSystem called on an unregistered component. Template=/Game/StarterContent/Particles/P_Fire.P_Fire Component=/Game/RogueElementTemple.RogueElementTemple:PersistentLevel.Fire45.ParticleSystemComponent0
[2016.11.29-07.38.03:543][571]LogParticles:Warning: InitializeSystem called on an unregistered component. Template=/Game/StarterContent/Particles/P_Fire.P_Fire Component=/Game/RogueElementTemple.RogueElementTemple:PersistentLevel.Fire46.ParticleSystemComponent0
[2016.11.29-07.38.03:544][571]LogParticles:Warning: InitializeSystem called on an unregistered component. Template=/Game/StarterContent/Particles/P_Fire.P_Fire Component=/Game/RogueElementTemple.RogueElementTemple:PersistentLevel.Fire47.ParticleSystemComponent0
[2016.11.29-07.38.03:546][571]LogParticles:Warning: InitializeSystem called on an unregistered component. Template=/Game/StarterContent/Particles/P_Fire.P_Fire Component=/Game/RogueElementTemple.RogueElementTemple:PersistentLevel.Fire48.ParticleSystemComponent0
[2016.11.29-07.38.03:692][571]LogParticles:Warning: InitializeSystem called on an unregistered component. Template=/Game/StarterContent/Particles/P_Fire.P_Fire Component=/Game/RogueElementTemple.RogueElementTemple:PersistentLevel.Fire49.ParticleSystemComponent0
[2016.11.29-07.38.03:692][571]LogParticles:Warning: InitializeSystem called on an unregistered component. Template=/Game/StarterContent/Particles/P_Fire.P_Fire Component=/Game/RogueElementTemple.RogueElementTemple:PersistentLevel.Fire50.ParticleSystemComponent0
[2016.11.29-07.38.03:693][571]LogParticles:Warning: InitializeSystem called on an unregistered component. Template=/Game/StarterContent/Particles/P_Fire.P_Fire Component=/Game/RogueElementTemple.RogueElementTemple:PersistentLevel.Fire51.ParticleSystemComponent0
[2016.11.29-07.38.03:693][571]LogParticles:Warning: InitializeSystem called on an unregistered component. Template=/Game/StarterContent/Particles/P_Fire.P_Fire Component=/Game/RogueElementTemple.RogueElementTemple:PersistentLevel.Fire52.ParticleSystemComponent0
[2016.11.29-07.38.03:693][571]LogParticles:Warning: InitializeSystem called on an unregistered component. Template=/Game/StarterContent/Particles/P_Fire.P_Fire Component=/Game/RogueElementTemple.RogueElementTemple:PersistentLevel.Fire5.ParticleSystemComponent0
[2016.11.29-07.38.03:694][571]LogParticles:Warning: InitializeSystem called on an unregistered component. Template=/Game/StarterContent/Particles/P_Fire.P_Fire Component=/Game/RogueElementTemple.RogueElementTemple:PersistentLevel.Fire53.ParticleSystemComponent0
[2016.11.29-07.38.03:694][571]LogParticles:Warning: InitializeSystem called on an unregistered component. Template=/Game/StarterContent/Particles/P_Fire.P_Fire Component=/Game/RogueElementTemple.RogueElementTemple:PersistentLevel.Fire54.ParticleSystemComponent0
[2016.11.29-07.38.03:695][571]LogParticles:Warning: InitializeSystem called on an unregistered component. Template=/Game/StarterContent/Particles/P_Fire.P_Fire Component=/Game/RogueElementTemple.RogueElementTemple:PersistentLevel.Fire55.ParticleSystemComponent0
[2016.11.29-07.38.03:700][571]LogParticles:Warning: InitializeSystem called on an unregistered component. Template=/Game/StarterContent/Particles/P_Fire.P_Fire Component=/Game/RogueElementTemple.RogueElementTemple:PersistentLevel.Fire56.ParticleSystemComponent0
[2016.11.29-07.38.03:701][571]LogParticles:Warning: InitializeSystem called on an unregistered component. Template=/Game/StarterContent/Particles/P_Fire.P_Fire Component=/Game/RogueElementTemple.RogueElementTemple:PersistentLevel.Fire57.ParticleSystemComponent0
[2016.11.29-07.38.03:701][571]LogParticles:Warning: InitializeSystem called on an unregistered component. Template=/Game/StarterContent/Particles/P_Fire.P_Fire Component=/Game/RogueElementTemple.RogueElementTemple:PersistentLevel.Fire58.ParticleSystemComponent0
[2016.11.29-07.38.03:701][571]LogParticles:Warning: InitializeSystem called on an unregistered component. Template=/Game/StarterContent/Particles/P_Fire.P_Fire Component=/Game/RogueElementTemple.RogueElementTemple:PersistentLevel.Fire59.ParticleSystemComponent0
[2016.11.29-07.38.03:701][571]LogParticles:Warning: InitializeSystem called on an unregistered component. Template=/Game/StarterContent/Particles/P_Fire.P_Fire Component=/Game/RogueElementTemple.RogueElementTemple:PersistentLevel.Fire60.ParticleSystemComponent0
[2016.11.29-07.38.03:702][571]LogParticles:Warning: InitializeSystem called on an unregistered component. Template=/Game/InfinityBladeGrassLands/Effects/FX_Ambient/Fog/P_Dust_groundCoat.P_Dust_groundCoat Component=/Game/RogueElementTemple.RogueElementTemple:PersistentLevel.P_Dust_groundCoat_16.ParticleSystemComponent0
[2016.11.29-07.38.04:464][571]Cmd: MAP LOAD FILE="../../../../../../Users/APCT1_000/Documents/Unreal Projects/TempleLevel/Content/RogueElementTemple.umap" TEMPLATE=0 SHOWPROGRESS=1 FEATURELEVEL=3
[2016.11.29-07.38.04:466][571]LightingResults: New page: Lighting Build
[2016.11.29-07.38.04:510][571]LoadErrors: New page: Loading map: RogueElementTemple.umap
[2016.11.29-07.38.04:525][571]MapCheck: New page: Map Check
[2016.11.29-07.38.04:525][571]LightingResults: New page: Lighting Build
[2016.11.29-07.38.04:622][571]LogParticles: Destroying 0 GPU particle simulations for FXSystem 0x0000002BF78BFA60
[2016.11.29-07.38.05:016][571]LogEditorServer: Finished looking for orphan Actors (0.000 secs)
[2016.11.29-07.38.05:230][571]Cmd: MAP CHECKDEP NOCLEARLOG
[2016.11.29-07.38.05:599][571]MapCheck: Info Map check complete: 0 Error(s), 0 Warning(s), took 368.978ms to complete.
[2016.11.29-07.38.05:600][571]LogFileHelpers: Loading map 'RogueElementTemple' took 1.140
[2016.11.29-07.40.16:389][396]Cmd: SELECT NONE
[2016.11.29-07.40.27:642][727]LogRenderer: Reallocating scene render targets to support 812x480 (Frame:4464).
[2016.11.29-07.41.05:695][818]LogActorComponent: UnregisterComponent: (/Engine/Transient.SphereBrushComponent) Not registered. Aborting.
[2016.11.29-07.41.28:764][477]LogActorFactory: Actor Factory created SM_Plains_Floors_Rubble03
[2016.11.29-07.41.31:366][551]LogActorFactory: Actor Factory created SM_Plains_Floors_Rubble03
[2016.11.29-07.41.32:726][619]LogActorFactory: Actor Factory created SM_Plains_Floors_Rubble02
[2016.11.29-07.41.34:261][666]LogActorFactory: Actor Factory created SM_Plains_Floors_Rubble02
[2016.11.29-07.41.39:242][802]LogActorFactory: Actor Factory created SM_Plains_Floors_Rubble
[2016.11.29-07.41.40:513][834]LogActorFactory: Actor Factory created SM_Plains_Floors_Rubble
[2016.11.29-07.41.41:363][861]Cmd: TRANSACTION UNDO
[2016.11.29-07.41.41:363][861]LogEditorTransaction: Undo Create Actors
[2016.11.29-07.41.43:062][893]LogActorFactory: Actor Factory created SM_Plains_Floors_TrimDesignRubble01
[2016.11.29-07.41.46:207][975]LogActorFactory: Actor Factory created SM_Plains_Floors_TrimDesignRubble01
[2016.11.29-07.41.48:271][ 28]LogActorFactory: Actor Factory created SM_Plains_Floors_Rubble05
[2016.11.29-07.41.50:221][ 77]LogActorFactory: Actor Factory created SM_Plains_Floors_Rubble05
[2016.11.29-07.41.52:179][130]LogActorFactory: Actor Factory created SM_Plains_Floors_Rubble05
[2016.11.29-07.41.55:949][225]LogActorFactory: Actor Factory created SM_Plains_Floors_Rubble05
[2016.11.29-07.41.59:667][321]LogActorFactory: Actor Factory created SM_Plains_Floors_Rubble05
[2016.11.29-07.42.02:605][410]LogActorFactory: Actor Factory created SM_Plains_Floors_Rubble05
[2016.11.29-07.42.06:938][521]Cmd: SELECT NONE
[2016.11.29-07.42.13:820][716]LogActorFactory: Actor Factory created SM_Plains_Floors_Rubble02
[2016.11.29-07.42.15:541][769]LogActorFactory: Actor Factory created SM_Plains_Floors_Rubble02
[2016.11.29-07.42.17:079][850]LogActorFactory: Actor Factory created SM_Plains_Floors_Rubble03
[2016.11.29-07.42.19:393][935]LogActorFactory: Actor Factory created SM_Plains_Floors_Rubble03
[2016.11.29-07.42.35:161][489]LogActorFactory: Actor Factory created SM_Plains_Floors_Rubble05
[2016.11.29-07.42.36:851][534]LogActorFactory: Actor Factory created SM_Plains_Floors_Rubble05
[2016.11.29-07.42.42:171][692]Cmd: SELECT NONE
[2016.11.29-07.42.48:222][881]LogActorFactory: Actor Factory created SM_Plains_Floors_Rubble05
[2016.11.29-07.42.51:974][984]LogActorFactory: Actor Factory created SM_Plains_Floors_Rubble05
[2016.11.29-07.42.52:867][ 13]Cmd: SELECT NONE
[2016.11.29-07.42.56:560][116]LogActorFactory: Actor Factory created SM_Plains_Floors_TrimDesignRubble01
[2016.11.29-07.42.59:541][185]LogActorFactory: Actor Factory created SM_Plains_Floors_TrimDesignRubble01
[2016.11.29-07.43.07:275][454]Cmd: SELECT NONE
[2016.11.29-07.43.13:144][664]LogActorFactory: Actor Factory created SM_Plains_Floors_Rubble04
[2016.11.29-07.43.15:160][726]LogActorFactory: Actor Factory created SM_Plains_Floors_Rubble04
[2016.11.29-07.43.22:639][992]Cmd: SELECT NONE
[2016.11.29-07.43.27:834][159]LogActorFactory: Actor Factory created SM_Plains_Floors_Rubble
[2016.11.29-07.43.29:252][210]LogActorFactory: Actor Factory created SM_Plains_Floors_Rubble
[2016.11.29-07.43.29:766][221]Cmd: SELECT NONE
[2016.11.29-07.43.36:607][409]LogActorFactory: Actor Factory created SM_Plains_Floors_TrimDesignRubble01
[2016.11.29-07.43.38:800][463]LogActorFactory: Actor Factory created SM_Plains_Floors_TrimDesignRubble01
[2016.11.29-07.43.39:559][487]Cmd: SELECT NONE
[2016.11.29-07.43.43:896][610]LogActorFactory: Actor Factory created SM_Plains_Floors_Rubble05
[2016.11.29-07.43.45:933][664]LogActorFactory: Actor Factory created SM_Plains_Floors_Rubble05
[2016.11.29-07.43.46:275][672]Cmd: SELECT NONE
[2016.11.29-07.44.22:629][695]LogActorFactory: Actor Factory created SM_Plains_Floors_Rubble05
[2016.11.29-07.44.23:392][716]LogActorFactory: Actor Factory created SM_Plains_Floors_Rubble05
[2016.11.29-07.44.24:434][746]LogActorFactory: Actor Factory created SM_Plains_Floors_TrimDesignRubble01
[2016.11.29-07.44.26:283][811]LogActorFactory: Actor Factory created SM_Plains_Floors_TrimDesignRubble01
[2016.11.29-07.44.27:591][843]LogActorFactory: Actor Factory created SM_Plains_Floors_Rubble04
[2016.11.29-07.44.31:060][968]LogActorFactory: Actor Factory created SM_Plains_Floors_Rubble04
[2016.11.29-07.44.36:469][168]LogActorFactory: Actor Factory created SM_Plains_Floors_Rubble03
[2016.11.29-07.44.37:970][224]LogActorFactory: Actor Factory created SM_Plains_Floors_Rubble03
[2016.11.29-07.44.43:350][413]Cmd: SELECT NONE
[2016.11.29-07.45.01:573][623]LogSavePackage: Save=10971.467773ms
[2016.11.29-07.45.01:574][623]LogSavePackage: Moving '../../../../../../Users/APCT1_000/Documents/Unreal Projects/TempleLevel/Saved/RogueElementTempleF11E7E624B7617DC7870FFB33D2260F3.tmp' to '../../../../../../Users/APCT1_000/Documents/Unreal Projects/TempleLevel/Content/RogueElementTemple.umap'
[2016.11.29-07.45.01:660][623]LogSavePackage: Total save time: 11246.864893ms
[2016.11.29-07.45.01:660][623]LogSavePackage:Display: Finished SavePackage ../../../../../../Users/APCT1_000/Documents/Unreal Projects/TempleLevel/Content/RogueElementTemple.umap
[2016.11.29-07.45.17:605][191]LogWindowsTextInputMethodSystem:Display: IME system now deactivated.
[2016.11.29-07.45.17:605][191]LogWindowsTextInputMethodSystem:Display: IME system now deactivated.
[2016.11.29-07.45.18:016][192]Cmd: QUIT_EDITOR
[2016.11.29-07.45.18:332][192]LogExit: Preparing to exit.
[2016.11.29-07.45.19:643][192]LogExit: Editor shut down
[2016.11.29-07.45.19:644][192]LogExit: Transaction tracking system shut down
[2016.11.29-07.45.19:648][192]LogParticles: Destroying 0 GPU particle simulations for FXSystem 0x0000002B8F41B100
[2016.11.29-07.45.19:649][192]LogParticles: Destroying 0 GPU particle simulations for FXSystem 0x0000002B845B8220
[2016.11.29-07.45.19:649][192]LogParticles: Destroying 0 GPU particle simulations for FXSystem 0x0000002B845BAD40
[2016.11.29-07.45.19:649][192]LogParticles: Destroying 0 GPU particle simulations for FXSystem 0x0000002BE9FDC9A0
[2016.11.29-07.45.19:652][192]LogParticles: Destroying 0 GPU particle simulations for FXSystem 0x0000002BEA141E40
[2016.11.29-07.45.20:187][192]LogExit: Object subsystem successfully closed.
[2016.11.29-07.45.20:231][192]LogD3D11RHI: Shutdown
[2016.11.29-07.45.20:231][192]LogD3D11RHI: CleanupD3DDevice
[2016.11.29-07.45.20:435][192]LogD3D11RHI: ~FD3D11DynamicRHI
[2016.11.29-07.45.20:495][192]LogModuleManager: Shutting down and abandoning module CookingStats (199)
[2016.11.29-07.45.20:495][192]LogModuleManager: Shutting down and abandoning module CrashTracker (198)
[2016.11.29-07.45.20:495][192]LogModuleManager: Shutting down and abandoning module SceneOutliner (197)
[2016.11.29-07.45.20:495][192]LogModuleManager: Shutting down and abandoning module SuperSearch (196)
[2016.11.29-07.45.20:495][192]LogModuleManager: Shutting down and abandoning module WidgetCarousel (195)
[2016.11.29-07.45.20:495][192]LogModuleManager: Shutting down and abandoning module AddContentDialog (194)
[2016.11.29-07.45.20:497][192]LogModuleManager: Shutting down and abandoning module EditorWidgets (193)
[2016.11.29-07.45.20:497][192]LogModuleManager: Shutting down and abandoning module CollectionManager (192)
[2016.11.29-07.45.20:497][192]LogModuleManager: Shutting down and abandoning module StatsViewer (191)
[2016.11.29-07.45.20:498][192]LogModuleManager: Shutting down and abandoning module FoliageEdit (190)
[2016.11.29-07.45.20:498][192]LogModuleManager: Shutting down and abandoning module LandscapeEditor (189)
[2016.11.29-07.45.20:498][192]LogModuleManager: Shutting down and abandoning module ActorPickerMode (188)
[2016.11.29-07.45.20:498][192]LogModuleManager: Shutting down and abandoning module GeometryMode (187)
[2016.11.29-07.45.20:498][192]LogModuleManager: Shutting down and abandoning module TextureAlignMode (186)
[2016.11.29-07.45.20:498][192]LogModuleManager: Shutting down and abandoning module BspMode (185)
[2016.11.29-07.45.20:498][192]LogModuleManager: Shutting down and abandoning module PlacementMode (184)
[2016.11.29-07.45.20:498][192]LogModuleManager: Shutting down and abandoning module AutomationWorker (183)
[2016.11.29-07.45.20:498][192]LogModuleManager: Shutting down and abandoning module CharacterAI (182)
[2016.11.29-07.45.20:498][192]LogModuleManager: Shutting down and abandoning module SmartSnapping (181)
[2016.11.29-07.45.20:498][192]LogModuleManager: Shutting down and abandoning module ViewportSnapping (180)
[2016.11.29-07.45.20:498][192]LogModuleManager: Shutting down and abandoning module LogVisualizer (179)
[2016.11.29-07.45.20:498][192]LogModuleManager: Shutting down and abandoning module GameProjectGeneration (178)
[2016.11.29-07.45.20:498][192]LogModuleManager: Shutting down and abandoning module IntroTutorials (177)
[2016.11.29-07.45.20:498][192]LogModuleManager: Shutting down and abandoning module EditorLiveStreaming (176)
[2016.11.29-07.45.20:498][192]LogModuleManager: Shutting down and abandoning module IOSPlatformEditor (175)
[2016.11.29-07.45.20:498][192]LogModuleManager: Shutting down and abandoning module HTML5PlatformEditor (174)
[2016.11.29-07.45.20:498][192]LogModuleManager: Shutting down and abandoning module AndroidDeviceDetection (173)
[2016.11.29-07.45.20:765][192]LogModuleManager: Shutting down and abandoning module AndroidPlatformEditor (172)
[2016.11.29-07.45.20:765][192]LogModuleManager: Shutting down and abandoning module IOSRuntimeSettings (171)
[2016.11.29-07.45.20:765][192]LogModuleManager: Shutting down and abandoning module AndroidRuntimeSettings (170)
[2016.11.29-07.45.20:765][192]LogModuleManager: Shutting down and abandoning module MergeActors (169)
[2016.11.29-07.45.20:765][192]LogModuleManager: Shutting down and abandoning module SizeMap (168)
[2016.11.29-07.45.20:765][192]LogModuleManager: Shutting down and abandoning module TreeMap (167)
[2016.11.29-07.45.20:765][192]LogModuleManager: Shutting down and abandoning module ReferenceViewer (166)
[2016.11.29-07.45.20:765][192]LogModuleManager: Shutting down and abandoning module LocalizationService (165)
[2016.11.29-07.45.20:765][192]LogModuleManager: Shutting down and abandoning module LocalizationDashboard (164)
[2016.11.29-07.45.20:765][192]LogModuleManager: Shutting down and abandoning module HardwareTargeting (163)
[2016.11.29-07.45.20:765][192]LogModuleManager: Shutting down and abandoning module DeviceProfileEditor (162)
[2016.11.29-07.45.20:766][192]LogModuleManager: Shutting down and abandoning module UndoHistory (161)
[2016.11.29-07.45.20:766][192]LogModuleManager: Shutting down and abandoning module GameplayTagsEditor (160)
[2016.11.29-07.45.20:766][192]LogModuleManager: Shutting down and abandoning module UserFeedback (159)
[2016.11.29-07.45.20:766][192]LogModuleManager: Shutting down and abandoning module XmlParser (158)
[2016.11.29-07.45.20:766][192]LogModuleManager: Shutting down and abandoning module Blutility (157)
[2016.11.29-07.45.20:766][192]LogModuleManager: Shutting down and abandoning module ProjectTargetPlatformEditor (156)
[2016.11.29-07.45.20:766][192]LogModuleManager: Shutting down and abandoning module ProjectSettingsViewer (155)
[2016.11.29-07.45.20:766][192]LogModuleManager: Shutting down and abandoning module InputBindingEditor (154)
[2016.11.29-07.45.20:766][192]LogModuleManager: Shutting down and abandoning module EditorSettingsViewer (153)
[2016.11.29-07.45.20:766][192]LogModuleManager: Shutting down and abandoning module SettingsEditor (152)
[2016.11.29-07.45.20:766][192]LogModuleManager: Shutting down and abandoning module ProjectLauncher (151)
[2016.11.29-07.45.20:766][192]LogModuleManager: Shutting down and abandoning module SessionFrontend (150)
[2016.11.29-07.45.20:766][192]LogModuleManager: Shutting down and abandoning module ProfilerClient (149)
[2016.11.29-07.45.20:766][192]LogModuleManager: Shutting down and abandoning module TargetDeviceServices (148)
[2016.11.29-07.45.20:766][192]LogModuleManager: Shutting down and abandoning module DeviceManager (147)
[2016.11.29-07.45.20:766][192]LogModuleManager: Shutting down and abandoning module AutomationController (146)
[2016.11.29-07.45.20:766][192]LogModuleManager: Shutting down and abandoning module AutomationWindow (145)
[2016.11.29-07.45.20:766][192]LogModuleManager: Shutting down and abandoning module Layers (144)
[2016.11.29-07.45.20:766][192]LogModuleManager: Shutting down and abandoning module ComponentVisualizers (143)
[2016.11.29-07.45.20:766][192]LogModuleManager: Shutting down and abandoning module DetailCustomizations (142)
[2016.11.29-07.45.20:767][192]LogModuleManager: Shutting down and abandoning module PackagesDialog (141)
[2016.11.29-07.45.20:767][192]LogModuleManager: Shutting down and abandoning module Persona (140)
[2016.11.29-07.45.20:767][192]LogModuleManager: Shutting down and abandoning module Kismet (139)
[2016.11.29-07.45.20:767][192]LogModuleManager: Shutting down and abandoning module GraphEditor (138)
[2016.11.29-07.45.20:767][192]LogModuleManager: Shutting down and abandoning module ClassViewer (137)
[2016.11.29-07.45.20:767][192]LogModuleManager: Shutting down and abandoning module Toolbox (136)
[2016.11.29-07.45.20:767][192]LogModuleManager: Shutting down and abandoning module ModuleUI (135)
[2016.11.29-07.45.20:767][192]LogModuleManager: Shutting down and abandoning module MovieSceneTools (134)
[2016.11.29-07.45.20:767][192]LogModuleManager: Shutting down and abandoning module OutputLog (133)
[2016.11.29-07.45.20:767][192]LogModuleManager: Shutting down and abandoning module GammaUI (132)
[2016.11.29-07.45.20:767][192]LogModuleManager: Shutting down and abandoning module Documentation (131)
[2016.11.29-07.45.20:767][192]LogModuleManager: Shutting down and abandoning module GameLiveStreaming (130)
[2016.11.29-07.45.20:767][192]LogModuleManager: Shutting down and abandoning module StreamingPauseRendering (129)
[2016.11.29-07.45.20:767][192]LogModuleManager: Shutting down and abandoning module AnalyticsET (128)
[2016.11.29-07.45.20:767][192]LogModuleManager: Shutting down and abandoning module Analytics (127)
[2016.11.29-07.45.20:767][192]LogModuleManager: Shutting down and abandoning module AITestSuite (126)
[2016.11.29-07.45.20:767][192]LogModuleManager: Shutting down and abandoning module GameplayDebugger (125)
[2016.11.29-07.45.20:767][192]LogModuleManager: Shutting down and abandoning module AIModule (124)
[2016.11.29-07.45.20:767][192]LogModuleManager: Shutting down and abandoning module ProfilerService (123)
[2016.11.29-07.45.20:943][192]LogModuleManager: Shutting down and abandoning module TaskGraph (122)
[2016.11.29-07.45.20:943][192]LogModuleManager: Shutting down and abandoning module SlateRemote (121)
[2016.11.29-07.45.20:943][192]LogModuleManager: Shutting down and abandoning module SteamVRController (120)
[2016.11.29-07.45.20:943][192]LogModuleManager: Shutting down and abandoning module SteamVR (119)
[2016.11.29-07.45.20:943][192]LogModuleManager: Shutting down and abandoning module ProceduralMeshComponent (118)
[2016.11.29-07.45.20:943][192]LogModuleManager: Shutting down and abandoning module OculusLibrary (117)
[2016.11.29-07.45.20:943][192]LogModuleManager: Shutting down and abandoning module OculusInput (116)
[2016.11.29-07.45.20:943][192]LogModuleManager: Shutting down and abandoning module LeapMotionController (115)
[2016.11.29-07.45.20:969][192]LogModuleManager: Shutting down and abandoning module CustomMeshComponent (114)
[2016.11.29-07.45.20:969][192]LogModuleManager: Shutting down and abandoning module CableComponent (113)
[2016.11.29-07.45.20:969][192]LogModuleManager: Shutting down and abandoning module ArchVisCharacter (112)
[2016.11.29-07.45.20:969][192]LogModuleManager: Shutting down and abandoning module MessagingDebugger (111)
[2016.11.29-07.45.20:970][192]LogModuleManager: Shutting down and abandoning module MediaPlayerEditor (110)
[2016.11.29-07.45.20:970][192]LogModuleManager: Shutting down and abandoning module HTML5Networking (109)
[2016.11.29-07.45.20:970][192]LogModuleManager: Shutting down and abandoning module SpeedTreeImporter (108)
[2016.11.29-07.45.20:970][192]LogModuleManager: Shutting down and abandoning module PluginBrowser (107)
[2016.11.29-07.45.20:970][192]LogModuleManager: Shutting down and abandoning module EpicSurvey (106)
[2016.11.29-07.45.20:970][192]LogModuleManager: Shutting down and abandoning module DesktopPlatform (105)
[2016.11.29-07.45.20:970][192]LogModuleManager: Shutting down and abandoning module VisualStudioSourceCodeAccess (104)
[2016.11.29-07.45.20:970][192]LogModuleManager: Shutting down and abandoning module UObjectPlugin (103)
[2016.11.29-07.45.20:970][192]LogModuleManager: Shutting down and abandoning module SubversionSourceControl (102)
[2016.11.29-07.45.20:970][192]LogModuleManager: Shutting down and abandoning module PerforceSourceControl (101)
[2016.11.29-07.45.20:970][192]LogModuleManager: Shutting down and abandoning module SourceControl (100)
[2016.11.29-07.45.20:970][192]LogModuleManager: Shutting down and abandoning module GitSourceControl (99)
[2016.11.29-07.45.20:970][192]LogModuleManager: Shutting down and abandoning module LightPropagationVolumeEditor (98)
[2016.11.29-07.45.20:970][192]LogModuleManager: Shutting down and abandoning module PaperTiledImporter (97)
[2016.11.29-07.45.20:970][192]LogModuleManager: Shutting down and abandoning module PaperSpriteSheetImporter (96)
[2016.11.29-07.45.20:970][192]LogModuleManager: Shutting down and abandoning module MeshPaint (95)
[2016.11.29-07.45.20:970][192]LogModuleManager: Shutting down and abandoning module SlateReflector (94)
[2016.11.29-07.45.20:970][192]LogModuleManager: Shutting down and abandoning module HotReload (93)
[2016.11.29-07.45.20:971][192]LogModuleManager: Shutting down and abandoning module MainFrame (92)
[2016.11.29-07.45.20:971][192]LogModuleManager: Shutting down and abandoning module LevelEditor (91)
[2016.11.29-07.45.20:973][192]LogModuleManager: Shutting down and abandoning module DirectoryWatcher (90)
[2016.11.29-07.45.20:974][192]LogModuleManager: Shutting down and abandoning module AssetRegistry (89)
[2016.11.29-07.45.21:151][192]LogModuleManager: Shutting down and abandoning module ContentBrowser (88)
[2016.11.29-07.45.21:153][192]LogModuleManager: Shutting down and abandoning module Paper2DEditor (87)
[2016.11.29-07.45.21:153][192]LogModuleManager: Shutting down and abandoning module UdpMessaging (86)
[2016.11.29-07.45.21:254][192]LogModuleManager: Shutting down and abandoning module LightPropagationVolumeRuntime (85)
[2016.11.29-07.45.21:254][192]LogModuleManager: Shutting down and abandoning module Paper2D (84)
[2016.11.29-07.45.21:254][192]LogModuleManager: Shutting down and abandoning module WindowsMoviePlayer (83)
[2016.11.29-07.45.21:261][192]LogModuleManager: Shutting down and abandoning module Media (82)
[2016.11.29-07.45.21:261][192]LogModuleManager: Shutting down and abandoning module WmfMedia (81)
[2016.11.29-07.45.21:262][192]LogModuleManager: Shutting down and abandoning module OnlineBlueprintSupport (80)
[2016.11.29-07.45.21:262][192]LogModuleManager: Shutting down and abandoning module GameplayTasksEditor (79)
[2016.11.29-07.45.21:262][192]LogModuleManager: Shutting down and abandoning module PropertyEditor (78)
[2016.11.29-07.45.21:262][192]LogModuleManager: Shutting down and abandoning module BehaviorTreeEditor (77)
[2016.11.29-07.45.21:262][192]LogModuleManager: Shutting down and abandoning module FunctionalTesting (76)
[2016.11.29-07.45.21:262][192]LogModuleManager: Shutting down and abandoning module CollisionAnalyzer (75)
[2016.11.29-07.45.21:262][192]LogModuleManager: Shutting down and abandoning module WorkspaceMenuStructure (74)
[2016.11.29-07.45.21:262][192]LogModuleManager: Shutting down and abandoning module MessageLog (73)
[2016.11.29-07.45.21:262][192]LogModuleManager: Shutting down and abandoning module Sequencer (72)
[2016.11.29-07.45.21:262][192]LogModuleManager: Shutting down and abandoning module AssetTools (71)
[2016.11.29-07.45.21:262][192]LogModuleManager: Shutting down and abandoning module UMGEditor (70)
[2016.11.29-07.45.21:262][192]LogModuleManager: Shutting down and abandoning module UMG (69)
[2016.11.29-07.45.21:263][192]LogModuleManager: Shutting down and abandoning module Slate (68)
[2016.11.29-07.45.21:263][192]LogModuleManager: Shutting down and abandoning module EditorStyle (67)
[2016.11.29-07.45.21:268][192]LogModuleManager: Shutting down and abandoning module SessionServices (66)
[2016.11.29-07.45.21:268][192]LogModuleManager: Shutting down and abandoning module SourceCodeAccess (65)
[2016.11.29-07.45.21:269][192]LogModuleManager: Shutting down and abandoning module HeadMountedDisplay (64)
[2016.11.29-07.45.21:269][192]LogModuleManager: Shutting down and abandoning module XAudio2 (63)
[2016.11.29-07.45.21:269][192]LogModuleManager: Shutting down and abandoning module Networking (61)
[2016.11.29-07.45.21:269][192]LogModuleManager: Shutting down and abandoning module Core (60)
[2016.11.29-07.45.21:269][192]LogModuleManager: Shutting down and abandoning module KismetCompiler (59)
[2016.11.29-07.45.21:269][192]LogModuleManager: Shutting down and abandoning module PhysXFormats (58)
[2016.11.29-07.45.21:269][192]LogModuleManager: Shutting down and abandoning module MeshUtilities (57)
[2016.11.29-07.45.21:269][192]LogModuleManager: Shutting down and abandoning module DerivedDataCache (56)
[2016.11.29-07.45.21:354][192]LogDerivedDataCache: Shutdown
[2016.11.29-07.45.21:354][192]LogModuleManager: Shutting down and abandoning module ShaderFormatOpenGL (55)
[2016.11.29-07.45.21:354][192]LogModuleManager: Shutting down and abandoning module ShaderFormatD3D (54)
[2016.11.29-07.45.21:354][192]LogModuleManager: Shutting down and abandoning module MetalShaderFormat (53)
[2016.11.29-07.45.21:354][192]LogModuleManager: Shutting down and abandoning module TextureFormatUncompressed (52)
[2016.11.29-07.45.21:354][192]LogModuleManager: Shutting down and abandoning module TextureFormatPVR (51)
[2016.11.29-07.45.21:354][192]LogModuleManager: Shutting down and abandoning module TextureFormatIntelISPCTexComp (50)
[2016.11.29-07.45.21:355][192]LogModuleManager: Shutting down and abandoning module TextureFormatDXT (49)
[2016.11.29-07.45.21:355][192]LogModuleManager: Shutting down and abandoning module ImageWrapper (48)
[2016.11.29-07.45.21:355][192]LogModuleManager: Shutting down and abandoning module TextureFormatASTC (47)
[2016.11.29-07.45.21:355][192]LogModuleManager: Shutting down and abandoning module TextureFormatAndroid (46)
[2016.11.29-07.45.21:355][192]LogModuleManager: Shutting down and abandoning module AudioFormatOpus (45)
[2016.11.29-07.45.21:355][192]LogModuleManager: Shutting down and abandoning module AudioFormatOgg (44)
[2016.11.29-07.45.21:355][192]LogModuleManager: Shutting down and abandoning module AudioFormatADPCM (43)
[2016.11.29-07.45.21:355][192]LogModuleManager: Shutting down and abandoning module LinuxTargetPlatform (42)
[2016.11.29-07.45.21:355][192]LogModuleManager: Shutting down and abandoning module LinuxServerTargetPlatform (41)
[2016.11.29-07.45.21:355][192]LogModuleManager: Shutting down and abandoning module LinuxNoEditorTargetPlatform (40)
[2016.11.29-07.45.21:355][192]LogModuleManager: Shutting down and abandoning module Messaging (39)
[2016.11.29-07.45.21:355][192]LogModuleManager: Shutting down and abandoning module IOSTargetPlatform (38)
[2016.11.29-07.45.21:355][192]LogModuleManager: Shutting down and abandoning module HTML5TargetPlatform (37)
[2016.11.29-07.45.21:355][192]LogModuleManager: Shutting down and abandoning module Android_PVRTCTargetPlatform (36)
[2016.11.29-07.45.21:355][192]LogModuleManager: Shutting down and abandoning module Android_MultiTargetPlatform (35)
[2016.11.29-07.45.21:355][192]LogModuleManager: Shutting down and abandoning module Android_ETC2TargetPlatform (34)
[2016.11.29-07.45.21:355][192]LogModuleManager: Shutting down and abandoning module Android_ETC1TargetPlatform (33)
[2016.11.29-07.45.21:355][192]LogModuleManager: Shutting down and abandoning module Android_DXTTargetPlatform (32)
[2016.11.29-07.45.21:355][192]LogModuleManager: Shutting down and abandoning module Android_ATCTargetPlatform (31)
[2016.11.29-07.45.21:355][192]LogModuleManager: Shutting down and abandoning module Android_ASTCTargetPlatform (30)
[2016.11.29-07.45.21:355][192]LogModuleManager: Shutting down and abandoning module AndroidTargetPlatform (29)
[2016.11.29-07.45.21:355][192]LogModuleManager: Shutting down and abandoning module WindowsTargetPlatform (28)
[2016.11.29-07.45.21:355][192]LogModuleManager: Shutting down and abandoning module WindowsServerTargetPlatform (27)
[2016.11.29-07.45.21:355][192]LogModuleManager: Shutting down and abandoning module WindowsNoEditorTargetPlatform (26)
[2016.11.29-07.45.21:355][192]LogModuleManager: Shutting down and abandoning module WindowsClientTargetPlatform (25)
[2016.11.29-07.45.21:355][192]LogModuleManager: Shutting down and abandoning module AllDesktopTargetPlatform (24)
[2016.11.29-07.45.21:355][192]LogModuleManager: Shutting down and abandoning module TargetPlatform (23)
[2016.11.29-07.45.21:355][192]LogModuleManager: Shutting down and abandoning module InputCore (22)
[2016.11.29-07.45.21:355][192]LogModuleManager: Shutting down and abandoning module Settings (21)
[2016.11.29-07.45.21:355][192]LogModuleManager: Shutting down and abandoning module OnlineSubsystem (19)
[2016.11.29-07.45.21:355][192]LogModuleManager: Shutting down and abandoning module HTTP (18)
[2016.11.29-07.45.41:873][192]LogModuleManager: Shutting down and abandoning module XMPP (17)
[2016.11.29-07.45.41:873][192]LogModuleManager: Shutting down and abandoning module OculusRift (16)
[2016.11.29-07.45.41:873][192]LogModuleManager: Shutting down and abandoning module ExampleDeviceProfileSelector (15)
[2016.11.29-07.45.41:873][192]LogModuleManager: Shutting down and abandoning module TextureCompressor (14)
[2016.11.29-07.45.41:873][192]LogModuleManager: Shutting down and abandoning module ShaderCore (13)
[2016.11.29-07.45.41:873][192]LogModuleManager: Shutting down and abandoning module Landscape (12)
[2016.11.29-07.45.41:873][192]LogModuleManager: Shutting down and abandoning module SlateRHIRenderer (11)
[2016.11.29-07.45.41:874][192]LogModuleManager: Shutting down and abandoning module OpenGLDrv (10)
[2016.11.29-07.45.41:874][192]LogModuleManager: Shutting down and abandoning module D3D11RHI (9)
[2016.11.29-07.45.41:874][192]LogModuleManager: Shutting down and abandoning module AnimGraphRuntime (8)
[2016.11.29-07.45.41:874][192]LogModuleManager: Shutting down and abandoning module Renderer (7)
[2016.11.29-07.45.41:874][192]LogModuleManager: Shutting down and abandoning module Engine (6)
[2016.11.29-07.45.41:874][192]LogModuleManager: Shutting down and abandoning module CoreUObject (5)
[2016.11.29-07.45.41:874][192]LogModuleManager: Shutting down and abandoning module NetworkFile (4)
[2016.11.29-07.45.41:875][192]LogModuleManager: Shutting down and abandoning module StreamingFile (3)
[2016.11.29-07.45.41:875][192]LogModuleManager: Shutting down and abandoning module SandboxFile (2)
[2016.11.29-07.45.41:875][192]LogModuleManager: Shutting down and abandoning module PakFile (1)
[2016.11.29-07.45.41:876][192]LogExit: Exiting.
[2016.11.29-07.45.41:904][192]Log file closed, 11/29/16 01:45:41
